2025-05-26 19:52:59,933 [INFO] - 
=== Starting new scraping request ===
2025-05-26 19:52:59,934 [INFO] - Raw search query: Hotels in banglore
2025-05-26 19:52:59,934 [INFO] - Selected platform: both
2025-05-26 19:52:59,934 [INFO] - Parsed category: Hotels
2025-05-26 19:52:59,935 [INFO] - Parsed location: Banglore
2025-05-26 19:52:59,936 [INFO] - 
Starting scraping process...
2025-05-26 19:52:59,936 [INFO] - Scraping both platforms for Hotels in Banglore
2025-05-26 19:52:59,937 [INFO] - Starting scrape for query: hotels in banglore
2025-05-26 19:52:59,937 [INFO] - Fetching page 1: https://www.justdial.com/banglore/hotels-in-banglore
2025-05-26 19:53:01,651 [INFO] - Found 10 listings on page 1
2025-05-26 19:53:03,686 [INFO] - Fetching page 2: https://www.justdial.com/banglore/hotels-in-banglore/page-2
2025-05-26 19:53:04,668 [INFO] - Found 10 listings on page 2
2025-05-26 19:53:06,704 [INFO] - Fetching page 3: https://www.justdial.com/banglore/hotels-in-banglore/page-3
2025-05-26 19:53:06,993 [INFO] - Found 0 listings on page 3
2025-05-26 19:53:06,993 [WARNING] - No data found on page 3
2025-05-26 19:53:08,996 [INFO] - Fetching page 4: https://www.justdial.com/banglore/hotels-in-banglore/page-4
2025-05-26 19:53:09,888 [INFO] - Found 10 listings on page 4
2025-05-26 19:53:11,929 [INFO] - Fetching page 5: https://www.justdial.com/banglore/hotels-in-banglore/page-5
2025-05-26 19:53:13,057 [INFO] - Found 10 listings on page 5
2025-05-26 19:53:15,095 [INFO] - Fetching page 6: https://www.justdial.com/banglore/hotels-in-banglore/page-6
2025-05-26 19:53:15,976 [INFO] - Found 10 listings on page 6
2025-05-26 19:53:18,009 [INFO] - Fetching page 7: https://www.justdial.com/banglore/hotels-in-banglore/page-7
2025-05-26 19:53:18,866 [INFO] - Found 10 listings on page 7
2025-05-26 19:53:20,913 [INFO] - Fetching page 8: https://www.justdial.com/banglore/hotels-in-banglore/page-8
2025-05-26 19:53:21,844 [INFO] - Found 10 listings on page 8
2025-05-26 19:53:23,887 [INFO] - Fetching page 9: https://www.justdial.com/banglore/hotels-in-banglore/page-9
2025-05-26 19:53:24,220 [INFO] - Found 0 listings on page 9
2025-05-26 19:53:24,221 [WARNING] - No data found on page 9
2025-05-26 19:53:26,228 [INFO] - Fetching page 10: https://www.justdial.com/banglore/hotels-in-banglore/page-10
2025-05-26 19:53:26,513 [INFO] - Found 0 listings on page 10
2025-05-26 19:53:26,514 [WARNING] - No data found on page 10
2025-05-26 19:53:28,527 [INFO] - Generating scraping report...
2025-05-26 19:53:28,528 [INFO] - Scraping Report: {
  "total_requests": 0,
  "successful_requests": 10,
  "failed_requests": 0,
  "blocked_requests": 0,
  "cache_hits": 0,
  "success_rate": "0.00%",
  "total_businesses_found": 70,
  "session_duration": 28.590351,
  "errors": []
}
2025-05-26 19:53:28,528 [INFO] - Function scrape_justdial took 28.59 seconds to execute
2025-05-26 19:53:28,529 [INFO] - 
Scraping completed. Found 70 results
2025-05-26 19:53:28,808 [INFO] - Created Excel file: hotels_banglore_both_20250526_195328.xlsx with 60 unique entries
2025-05-26 20:02:53,982 [INFO] - 
=== Starting new scraping request ===
2025-05-26 20:02:53,983 [INFO] - Raw search query: Hotels in Banglore
2025-05-26 20:02:53,983 [INFO] - Selected platform: sulekha
2025-05-26 20:02:53,984 [INFO] - Parsed category: Hotels
2025-05-26 20:02:53,984 [INFO] - Parsed location: Banglore
2025-05-26 20:02:53,987 [INFO] - 
Starting scraping process...
2025-05-26 20:02:53,987 [INFO] - Scraping Sulekha for Hotels in Banglore
2025-05-26 20:03:01,563 [INFO] - 
Scraping completed. Found 0 results
2025-05-28 12:25:07,340 [INFO] - 
=== Starting new scraping request ===
2025-05-28 12:25:07,341 [INFO] - Raw search query: toy shop in ahmedabad
2025-05-28 12:25:07,341 [INFO] - Selected platform: justdial
2025-05-28 12:25:07,342 [INFO] - Parsed category: Toy Shop
2025-05-28 12:25:07,342 [INFO] - Parsed location: Ahmedabad
2025-05-28 12:25:07,345 [INFO] - 
Starting scraping process...
2025-05-28 12:25:07,345 [INFO] - Scraping JustDial for Toy Shop in Ahmedabad
2025-05-28 12:25:07,347 [INFO] - Starting scrape for query: toy-shop in ahmedabad
2025-05-28 12:25:07,347 [INFO] - Fetching page 1: https://www.justdial.com/ahmedabad/toy-shop-in-ahmedabad
2025-05-28 12:25:09,301 [INFO] - Found 10 listings on page 1
2025-05-28 12:25:11,387 [INFO] - Fetching page 2: https://www.justdial.com/ahmedabad/toy-shop-in-ahmedabad/page-2
2025-05-28 12:25:12,837 [INFO] - Found 10 listings on page 2
2025-05-28 12:25:14,878 [INFO] - Fetching page 3: https://www.justdial.com/ahmedabad/toy-shop-in-ahmedabad/page-3
2025-05-28 12:25:16,160 [INFO] - Found 10 listings on page 3
2025-05-28 12:25:18,202 [INFO] - Fetching page 4: https://www.justdial.com/ahmedabad/toy-shop-in-ahmedabad/page-4
2025-05-28 12:25:18,542 [INFO] - Found 0 listings on page 4
2025-05-28 12:25:18,542 [WARNING] - No data found on page 4
2025-05-28 12:25:20,552 [INFO] - Fetching page 5: https://www.justdial.com/ahmedabad/toy-shop-in-ahmedabad/page-5
2025-05-28 12:25:21,933 [INFO] - Found 10 listings on page 5
2025-05-28 12:25:24,009 [INFO] - Fetching page 6: https://www.justdial.com/ahmedabad/toy-shop-in-ahmedabad/page-6
2025-05-28 12:25:25,232 [INFO] - Found 10 listings on page 6
2025-05-28 12:25:27,358 [INFO] - Fetching page 7: https://www.justdial.com/ahmedabad/toy-shop-in-ahmedabad/page-7
2025-05-28 12:25:28,601 [INFO] - Found 10 listings on page 7
2025-05-28 12:25:30,684 [INFO] - Fetching page 8: https://www.justdial.com/ahmedabad/toy-shop-in-ahmedabad/page-8
2025-05-28 12:25:31,117 [INFO] - Found 0 listings on page 8
2025-05-28 12:25:31,118 [WARNING] - No data found on page 8
2025-05-28 12:25:33,119 [INFO] - Fetching page 9: https://www.justdial.com/ahmedabad/toy-shop-in-ahmedabad/page-9
2025-05-28 12:25:34,526 [INFO] - Found 10 listings on page 9
2025-05-28 12:25:36,569 [INFO] - Fetching page 10: https://www.justdial.com/ahmedabad/toy-shop-in-ahmedabad/page-10
2025-05-28 12:25:37,678 [INFO] - Found 10 listings on page 10
2025-05-28 12:25:39,720 [INFO] - Generating scraping report...
2025-05-28 12:25:39,721 [INFO] - Scraping Report: {
  "total_requests": 0,
  "successful_requests": 10,
  "failed_requests": 0,
  "blocked_requests": 0,
  "cache_hits": 0,
  "success_rate": "0.00%",
  "total_businesses_found": 80,
  "session_duration": 32.373618,
  "errors": []
}
2025-05-28 12:25:39,721 [INFO] - Function scrape_justdial took 32.37 seconds to execute
2025-05-28 12:25:39,722 [INFO] - 
Scraping completed. Found 80 results
2025-05-28 12:25:39,723 [INFO] - Removed old file: hotels_banglore_both_20250526_195328.xlsx
2025-05-28 12:25:39,989 [INFO] - Created Excel file: toy_shop_ahmedabad_justdial_20250528_122539.xlsx with 18 unique entries
2025-05-28 12:32:11,525 [INFO] - 
=== Starting new scraping request ===
2025-05-28 12:32:11,526 [INFO] - Raw search query: guitar shop in vadodra
2025-05-28 12:32:11,526 [INFO] - Selected platform: justdial
2025-05-28 12:32:11,527 [INFO] - Parsed category: Guitar Shop
2025-05-28 12:32:11,527 [INFO] - Parsed location: Vadodra
2025-05-28 12:32:11,529 [INFO] - 
Starting scraping process...
2025-05-28 12:32:11,530 [INFO] - Scraping JustDial for Guitar Shop in Vadodra
2025-05-28 12:32:11,531 [INFO] - Starting scrape for query: guitar-shop in vadodra
2025-05-28 12:32:11,531 [INFO] - Fetching page 1: https://www.justdial.com/vadodra/guitar-shop-in-vadodra
2025-05-28 12:32:13,385 [INFO] - Found 10 listings on page 1
2025-05-28 12:32:15,424 [INFO] - Fetching page 2: https://www.justdial.com/vadodra/guitar-shop-in-vadodra/page-2
2025-05-28 12:32:16,590 [INFO] - Found 10 listings on page 2
2025-05-28 12:32:18,635 [INFO] - Fetching page 3: https://www.justdial.com/vadodra/guitar-shop-in-vadodra/page-3
2025-05-28 12:32:20,739 [INFO] - Found 10 listings on page 3
2025-05-28 12:32:22,785 [INFO] - Fetching page 4: https://www.justdial.com/vadodra/guitar-shop-in-vadodra/page-4
2025-05-28 12:32:23,282 [INFO] - Found 0 listings on page 4
2025-05-28 12:32:23,283 [WARNING] - No data found on page 4
2025-05-28 12:32:25,285 [INFO] - Fetching page 5: https://www.justdial.com/vadodra/guitar-shop-in-vadodra/page-5
2025-05-28 12:32:27,398 [INFO] - Found 10 listings on page 5
2025-05-28 12:32:29,454 [INFO] - Fetching page 6: https://www.justdial.com/vadodra/guitar-shop-in-vadodra/page-6
2025-05-28 12:32:30,640 [INFO] - Found 10 listings on page 6
2025-05-28 12:32:32,682 [INFO] - Fetching page 7: https://www.justdial.com/vadodra/guitar-shop-in-vadodra/page-7
2025-05-28 12:32:34,838 [INFO] - Found 10 listings on page 7
2025-05-28 12:32:36,883 [INFO] - Fetching page 8: https://www.justdial.com/vadodra/guitar-shop-in-vadodra/page-8
2025-05-28 12:32:40,180 [INFO] - Found 10 listings on page 8
2025-05-28 12:32:42,224 [INFO] - Fetching page 9: https://www.justdial.com/vadodra/guitar-shop-in-vadodra/page-9
2025-05-28 12:32:43,624 [INFO] - Found 10 listings on page 9
2025-05-28 12:32:45,668 [INFO] - Fetching page 10: https://www.justdial.com/vadodra/guitar-shop-in-vadodra/page-10
2025-05-28 12:32:47,196 [INFO] - Found 10 listings on page 10
2025-05-28 12:32:49,242 [INFO] - Generating scraping report...
2025-05-28 12:32:49,242 [INFO] - Scraping Report: {
  "total_requests": 0,
  "successful_requests": 10,
  "failed_requests": 0,
  "blocked_requests": 0,
  "cache_hits": 0,
  "success_rate": "0.00%",
  "total_businesses_found": 90,
  "session_duration": 37.711277,
  "errors": []
}
2025-05-28 12:32:49,243 [INFO] - Function scrape_justdial took 37.71 seconds to execute
2025-05-28 12:32:49,243 [INFO] - 
Scraping completed. Found 90 results
2025-05-28 12:32:49,354 [INFO] - Created Excel file: guitar_shop_vadodra_justdial_20250528_123249.xlsx with 30 unique entries
2025-05-28 12:33:02,616 [INFO] - 
=== Starting new scraping request ===
2025-05-28 12:33:02,617 [INFO] - Raw search query: guitar shop in vadodra
2025-05-28 12:33:02,617 [INFO] - Selected platform: sulekha
2025-05-28 12:33:02,618 [INFO] - Parsed category: Guitar Shop
2025-05-28 12:33:02,618 [INFO] - Parsed location: Vadodra
2025-05-28 12:33:02,619 [INFO] - 
Starting scraping process...
2025-05-28 12:33:02,619 [INFO] - Scraping Sulekha for Guitar Shop in Vadodra
2025-05-28 12:33:08,640 [INFO] - 
Scraping completed. Found 0 results
2025-05-28 12:34:01,806 [INFO] - 
=== Starting new scraping request ===
2025-05-28 12:34:01,806 [INFO] - Raw search query: guitar shop in Vadodara
2025-05-28 12:34:01,806 [INFO] - Selected platform: sulekha
2025-05-28 12:34:01,807 [INFO] - Parsed category: Guitar Shop
2025-05-28 12:34:01,807 [INFO] - Parsed location: Vadodara
2025-05-28 12:34:01,808 [INFO] - 
Starting scraping process...
2025-05-28 12:34:01,808 [INFO] - Scraping Sulekha for Guitar Shop in Vadodara
2025-05-28 12:34:05,149 [INFO] - 
Scraping completed. Found 0 results
2025-05-28 12:35:12,305 [INFO] - 
=== Starting new scraping request ===
2025-05-28 12:35:12,305 [INFO] - Raw search query: Guitar Shop in Vadodra
2025-05-28 12:35:12,306 [INFO] - Selected platform: sulekha
2025-05-28 12:35:12,307 [INFO] - Parsed category: Guitar Shop
2025-05-28 12:35:12,307 [INFO] - Parsed location: Vadodra
2025-05-28 12:35:12,308 [INFO] - 
Starting scraping process...
2025-05-28 12:35:12,309 [INFO] - Scraping Sulekha for Guitar Shop in Vadodra
2025-05-28 12:35:16,050 [INFO] - 
Scraping completed. Found 0 results
2025-05-28 12:36:56,956 [INFO] - 
=== Starting new scraping request ===
2025-05-28 12:36:56,957 [INFO] - Raw search query: Guitar Shop in Vadodara
2025-05-28 12:36:56,957 [INFO] - Selected platform: sulekha
2025-05-28 12:36:56,958 [INFO] - Parsed category: Guitar Shop
2025-05-28 12:36:56,958 [INFO] - Parsed location: Vadodara
2025-05-28 12:36:56,959 [INFO] - 
Starting scraping process...
2025-05-28 12:36:56,960 [INFO] - Scraping Sulekha for Guitar Shop in Vadodara
2025-05-28 12:37:06,147 [INFO] - 
Scraping completed. Found 0 results
2025-05-28 12:43:24,442 [INFO] - 
=== Starting new scraping request ===
2025-05-28 12:43:24,443 [INFO] - Raw search query: Guitar Shop in Vadodara
2025-05-28 12:43:24,443 [INFO] - Selected platform: sulekha
2025-05-28 12:43:24,444 [INFO] - Parsed category: Guitar Shop
2025-05-28 12:43:24,444 [INFO] - Parsed location: Vadodara
2025-05-28 12:43:24,446 [INFO] - 
Starting scraping process...
2025-05-28 12:43:24,447 [INFO] - Scraping Sulekha for Guitar Shop in Vadodara
2025-05-28 12:43:54,488 [INFO] - 
Scraping completed. Found 0 results
2025-05-28 12:44:24,388 [INFO] - 
=== Starting new scraping request ===
2025-05-28 12:44:24,389 [INFO] - Raw search query: Colleges & Universities in Ahmedabad
2025-05-28 12:44:24,389 [INFO] - Selected platform: sulekha
2025-05-28 12:44:24,390 [INFO] - Parsed category: Colleges & Universities
2025-05-28 12:44:24,390 [INFO] - Parsed location: Ahmedabad
2025-05-28 12:44:24,391 [INFO] - 
Starting scraping process...
2025-05-28 12:44:24,392 [INFO] - Scraping Sulekha for Colleges & Universities in Ahmedabad
2025-05-28 12:44:36,384 [INFO] - 
Scraping completed. Found 0 results
2025-05-28 12:49:02,895 [INFO] - 
=== Starting new scraping request ===
2025-05-28 12:49:02,896 [INFO] - Raw search query: Colleges & Universities in Ahmedabad
2025-05-28 12:49:02,896 [INFO] - Selected platform: sulekha
2025-05-28 12:49:02,897 [INFO] - Parsed category: Colleges & Universities
2025-05-28 12:49:02,897 [INFO] - Parsed location: Ahmedabad
2025-05-28 12:49:02,898 [INFO] - 
Starting scraping process...
2025-05-28 12:49:02,898 [INFO] - Scraping Sulekha for Colleges & Universities in Ahmedabad
2025-05-28 12:54:00,073 [INFO] - 
=== Starting new scraping request ===
2025-05-28 12:54:00,073 [INFO] - Raw search query: Colleges & Universities in Ahmedabad
2025-05-28 12:54:00,074 [INFO] - Selected platform: justdial
2025-05-28 12:54:00,074 [INFO] - Parsed category: Colleges & Universities
2025-05-28 12:54:00,075 [INFO] - Parsed location: Ahmedabad
2025-05-28 12:54:00,076 [INFO] - 
Starting scraping process...
2025-05-28 12:54:00,076 [INFO] - Scraping JustDial for Colleges & Universities in Ahmedabad
2025-05-28 12:54:00,077 [INFO] - Starting scrape for query: colleges-&-universities in ahmedabad
2025-05-28 12:54:00,077 [INFO] - Fetching page 1: https://www.justdial.com/ahmedabad/colleges-&-universities-in-ahmedabad
2025-05-28 12:54:01,302 [INFO] - Found 10 listings on page 1
2025-05-28 12:54:03,342 [INFO] - Fetching page 2: https://www.justdial.com/ahmedabad/colleges-&-universities-in-ahmedabad/page-2
2025-05-28 12:54:04,234 [INFO] - Found 10 listings on page 2
2025-05-28 12:54:06,267 [INFO] - Fetching page 3: https://www.justdial.com/ahmedabad/colleges-&-universities-in-ahmedabad/page-3
2025-05-28 12:54:06,585 [INFO] - Found 0 listings on page 3
2025-05-28 12:54:06,585 [WARNING] - No data found on page 3
2025-05-28 12:54:08,593 [INFO] - Fetching page 4: https://www.justdial.com/ahmedabad/colleges-&-universities-in-ahmedabad/page-4
2025-05-28 12:54:09,477 [INFO] - Found 10 listings on page 4
2025-05-28 12:54:11,528 [INFO] - Fetching page 5: https://www.justdial.com/ahmedabad/colleges-&-universities-in-ahmedabad/page-5
2025-05-28 12:54:12,541 [INFO] - Found 10 listings on page 5
2025-05-28 12:54:14,583 [INFO] - Fetching page 6: https://www.justdial.com/ahmedabad/colleges-&-universities-in-ahmedabad/page-6
2025-05-28 12:54:14,895 [INFO] - Found 0 listings on page 6
2025-05-28 12:54:14,895 [WARNING] - No data found on page 6
2025-05-28 12:54:16,905 [INFO] - Fetching page 7: https://www.justdial.com/ahmedabad/colleges-&-universities-in-ahmedabad/page-7
2025-05-28 12:54:18,029 [INFO] - Found 10 listings on page 7
2025-05-28 12:54:20,069 [INFO] - Fetching page 8: https://www.justdial.com/ahmedabad/colleges-&-universities-in-ahmedabad/page-8
2025-05-28 12:54:20,999 [INFO] - Found 10 listings on page 8
2025-05-28 12:54:23,041 [INFO] - Fetching page 9: https://www.justdial.com/ahmedabad/colleges-&-universities-in-ahmedabad/page-9
2025-05-28 12:54:24,054 [INFO] - Found 10 listings on page 9
2025-05-28 12:54:26,098 [INFO] - Fetching page 10: https://www.justdial.com/ahmedabad/colleges-&-universities-in-ahmedabad/page-10
2025-05-28 12:54:27,240 [INFO] - Found 10 listings on page 10
2025-05-28 12:54:29,287 [INFO] - Generating scraping report...
2025-05-28 12:54:29,288 [INFO] - Scraping Report: {
  "total_requests": 0,
  "successful_requests": 10,
  "failed_requests": 0,
  "blocked_requests": 0,
  "cache_hits": 0,
  "success_rate": "0.00%",
  "total_businesses_found": 80,
  "session_duration": 29.21059,
  "errors": []
}
2025-05-28 12:54:29,289 [INFO] - Function scrape_justdial took 29.21 seconds to execute
2025-05-28 12:54:29,290 [INFO] - 
Scraping completed. Found 80 results
2025-05-28 12:54:29,418 [INFO] - Created Excel file: colleges_&_universities_ahmedabad_justdial_20250528_125429.xlsx with 10 unique entries
2025-05-28 13:00:16,032 [INFO] - 
=== Starting new scraping request ===
2025-05-28 13:00:16,033 [INFO] - Raw search query: B.Tech in Ahmedabad
2025-05-28 13:00:16,033 [INFO] - Selected platform: justdial
2025-05-28 13:00:16,033 [INFO] - Parsed category: B.tech
2025-05-28 13:00:16,034 [INFO] - Parsed location: Ahmedabad
2025-05-28 13:00:16,035 [INFO] - 
Starting scraping process...
2025-05-28 13:00:16,035 [INFO] - Scraping JustDial for B.tech in Ahmedabad
2025-05-28 13:00:16,035 [INFO] - Starting scrape for query: b.tech in ahmedabad
2025-05-28 13:00:16,036 [INFO] - Fetching page 1: https://www.justdial.com/ahmedabad/b.tech-in-ahmedabad
2025-05-28 13:00:16,965 [INFO] - Found 0 listings on page 1
2025-05-28 13:00:16,965 [WARNING] - No data found on page 1
2025-05-28 13:00:18,971 [INFO] - Fetching page 2: https://www.justdial.com/ahmedabad/b.tech-in-ahmedabad/page-2
2025-05-28 13:00:19,960 [INFO] - Found 0 listings on page 2
2025-05-28 13:00:19,960 [WARNING] - No data found on page 2
2025-05-28 13:00:21,973 [INFO] - Fetching page 3: https://www.justdial.com/ahmedabad/b.tech-in-ahmedabad/page-3
2025-05-28 13:00:23,282 [INFO] - Found 0 listings on page 3
2025-05-28 13:00:23,283 [WARNING] - No data found on page 3
2025-05-28 13:00:25,284 [INFO] - Generating scraping report...
2025-05-28 13:00:25,284 [INFO] - Scraping Report: {
  "total_requests": 0,
  "successful_requests": 3,
  "failed_requests": 0,
  "blocked_requests": 0,
  "cache_hits": 0,
  "success_rate": "0.00%",
  "total_businesses_found": 0,
  "session_duration": 9.24839,
  "errors": []
}
2025-05-28 13:00:25,285 [INFO] - Function scrape_justdial took 9.25 seconds to execute
2025-05-28 13:00:25,285 [INFO] - 
Scraping completed. Found 0 results
2025-05-28 13:02:49,277 [INFO] - 
=== Starting new scraping request ===
2025-05-28 13:02:49,278 [INFO] - Raw search query: B.Tech in ahmedabad
2025-05-28 13:02:49,278 [INFO] - Selected platform: justdial
2025-05-28 13:02:49,279 [INFO] - Parsed category: B.tech
2025-05-28 13:02:49,279 [INFO] - Parsed location: Ahmedabad
2025-05-28 13:02:49,280 [INFO] - 
Starting scraping process...
2025-05-28 13:02:49,280 [INFO] - Scraping JustDial for B.tech in Ahmedabad
2025-05-28 13:02:49,281 [INFO] - Starting scrape for query: b.tech in ahmedabad
2025-05-28 13:02:49,281 [INFO] - Trying URL: https://www.justdial.com/ahmedabad/engineering-colleges
2025-05-28 13:02:49,281 [INFO] - Fetching page 1: https://www.justdial.com/ahmedabad/engineering-colleges
2025-05-28 13:02:50,909 [INFO] - Found 10 listings on page 1
2025-05-28 13:02:51,926 [INFO] - Fetching page 2: https://www.justdial.com/ahmedabad/engineering-colleges/page-2
2025-05-28 13:02:52,276 [INFO] - Found 0 listings on page 2
2025-05-28 13:02:53,288 [INFO] - Trying URL: https://www.justdial.com/ahmedabad/engineering-colleges/nct-11396288
2025-05-28 13:02:53,289 [INFO] - Fetching page 1: https://www.justdial.com/ahmedabad/engineering-colleges/nct-11396288
2025-05-28 13:02:53,475 [ERROR] - Failed to fetch page 1
2025-05-28 13:02:54,482 [INFO] - Fetching page 2: https://www.justdial.com/ahmedabad/engineering-colleges/nct-11396288/page-2
2025-05-28 13:02:55,389 [INFO] - Found 10 listings on page 2
2025-05-28 13:02:56,409 [INFO] - Trying URL: https://www.justdial.com/ahmedabad/engineering-colleges-in-ahmedabad
2025-05-28 13:02:56,409 [INFO] - Fetching page 1: https://www.justdial.com/ahmedabad/engineering-colleges-in-ahmedabad
2025-05-28 13:02:58,206 [INFO] - Found 10 listings on page 1
2025-05-28 13:02:59,215 [INFO] - Fetching page 2: https://www.justdial.com/ahmedabad/engineering-colleges-in-ahmedabad/page-2
2025-05-28 13:02:59,495 [INFO] - Found 0 listings on page 2
2025-05-28 13:03:00,507 [INFO] - Trying URL: https://www.justdial.com/ahmedabad/btech-colleges
2025-05-28 13:03:00,507 [INFO] - Fetching page 1: https://www.justdial.com/ahmedabad/btech-colleges
2025-05-28 13:03:02,331 [INFO] - Found 10 listings on page 1
2025-05-28 13:03:03,347 [INFO] - Fetching page 2: https://www.justdial.com/ahmedabad/btech-colleges/page-2
2025-05-28 13:03:03,806 [INFO] - Found 0 listings on page 2
2025-05-28 13:03:04,820 [INFO] - Trying URL: https://www.justdial.com/ahmedabad/btech-colleges/nct-11396288
2025-05-28 13:03:04,820 [INFO] - Fetching page 1: https://www.justdial.com/ahmedabad/btech-colleges/nct-11396288
2025-05-28 13:03:05,021 [ERROR] - Failed to fetch page 1
2025-05-28 13:03:06,030 [INFO] - Fetching page 2: https://www.justdial.com/ahmedabad/btech-colleges/nct-11396288/page-2
2025-05-28 13:03:06,245 [ERROR] - Failed to fetch page 2
2025-05-28 13:03:07,256 [INFO] - Trying URL: https://www.justdial.com/ahmedabad/btech-colleges-in-ahmedabad
2025-05-28 13:03:07,256 [INFO] - Fetching page 1: https://www.justdial.com/ahmedabad/btech-colleges-in-ahmedabad
2025-05-28 13:03:07,639 [INFO] - Found 0 listings on page 1
2025-05-28 13:03:08,650 [INFO] - Fetching page 2: https://www.justdial.com/ahmedabad/btech-colleges-in-ahmedabad/page-2
2025-05-28 13:03:09,079 [INFO] - Found 0 listings on page 2
2025-05-28 13:03:10,087 [INFO] - Generating scraping report...
2025-05-28 13:03:10,087 [INFO] - Scraping Report: {
  "total_requests": 0,
  "successful_requests": 9,
  "failed_requests": 3,
  "blocked_requests": 0,
  "cache_hits": 0,
  "success_rate": "0.00%",
  "total_businesses_found": 0,
  "session_duration": 20.80589,
  "errors": []
}
2025-05-28 13:03:10,088 [INFO] - Function scrape_justdial took 20.81 seconds to execute
2025-05-28 13:03:10,089 [INFO] - 
Scraping completed. Found 0 results
2025-05-28 13:03:50,943 [INFO] - 
=== Starting new scraping request ===
2025-05-28 13:03:50,943 [INFO] - Raw search query: Dance class in vadodra
2025-05-28 13:03:50,944 [INFO] - Selected platform: justdial
2025-05-28 13:03:50,944 [INFO] - Parsed category: Dance Class
2025-05-28 13:03:50,945 [INFO] - Parsed location: Vadodra
2025-05-28 13:03:50,946 [INFO] - 
Starting scraping process...
2025-05-28 13:03:50,946 [INFO] - Scraping JustDial for Dance Class in Vadodra
2025-05-28 13:03:50,947 [INFO] - Starting scrape for query: dance class in vadodra
2025-05-28 13:03:50,947 [INFO] - Trying URL: https://www.justdial.com/vadodra/colleges
2025-05-28 13:03:50,948 [INFO] - Fetching page 1: https://www.justdial.com/vadodra/colleges
2025-05-28 13:03:51,244 [INFO] - Found 0 listings on page 1
2025-05-28 13:03:52,246 [INFO] - Fetching page 2: https://www.justdial.com/vadodra/colleges/page-2
2025-05-28 13:03:53,615 [INFO] - Found 10 listings on page 2
2025-05-28 13:03:54,625 [INFO] - Trying URL: https://www.justdial.com/vadodra/colleges/nct-11396288
2025-05-28 13:03:54,626 [INFO] - Fetching page 1: https://www.justdial.com/vadodra/colleges/nct-11396288
2025-05-28 13:03:54,971 [ERROR] - Failed to fetch page 1
2025-05-28 13:03:55,982 [INFO] - Fetching page 2: https://www.justdial.com/vadodra/colleges/nct-11396288/page-2
2025-05-28 13:03:56,212 [ERROR] - Failed to fetch page 2
2025-05-28 13:03:57,220 [INFO] - Trying URL: https://www.justdial.com/vadodra/colleges-in-vadodra
2025-05-28 13:03:57,220 [INFO] - Fetching page 1: https://www.justdial.com/vadodra/colleges-in-vadodra
2025-05-28 13:03:58,745 [INFO] - Found 10 listings on page 1
2025-05-28 13:03:59,763 [INFO] - Fetching page 2: https://www.justdial.com/vadodra/colleges-in-vadodra/page-2
2025-05-28 13:04:00,077 [INFO] - Found 0 listings on page 2
2025-05-28 13:04:01,086 [INFO] - Generating scraping report...
2025-05-28 13:04:01,086 [INFO] - Scraping Report: {
  "total_requests": 0,
  "successful_requests": 4,
  "failed_requests": 2,
  "blocked_requests": 0,
  "cache_hits": 0,
  "success_rate": "0.00%",
  "total_businesses_found": 0,
  "session_duration": 10.138519,
  "errors": []
}
2025-05-28 13:04:01,086 [INFO] - Function scrape_justdial took 10.14 seconds to execute
2025-05-28 13:04:01,087 [INFO] - 
Scraping completed. Found 0 results
2025-05-28 13:04:25,116 [INFO] - 
=== Starting new scraping request ===
2025-05-28 13:04:25,116 [INFO] - Raw search query: Dance class in vadodra
2025-05-28 13:04:25,117 [INFO] - Selected platform: justdial
2025-05-28 13:04:25,117 [INFO] - Parsed category: Dance Class
2025-05-28 13:04:25,117 [INFO] - Parsed location: Vadodra
2025-05-28 13:04:25,118 [INFO] - 
Starting scraping process...
2025-05-28 13:04:25,119 [INFO] - Scraping JustDial for Dance Class in Vadodra
2025-05-28 13:04:25,119 [INFO] - Starting scrape for query: dance-class in vadodra
2025-05-28 13:04:25,119 [INFO] - Fetching page 1: https://www.justdial.com/vadodra/dance-class-in-vadodra
2025-05-28 13:04:26,960 [INFO] - Found 10 listings on page 1
2025-05-28 13:04:29,018 [INFO] - Fetching page 2: https://www.justdial.com/vadodra/dance-class-in-vadodra/page-2
2025-05-28 13:04:30,330 [INFO] - Found 10 listings on page 2
2025-05-28 13:04:32,370 [INFO] - Fetching page 3: https://www.justdial.com/vadodra/dance-class-in-vadodra/page-3
2025-05-28 13:04:33,317 [INFO] - Found 10 listings on page 3
2025-05-28 13:04:35,359 [INFO] - Fetching page 4: https://www.justdial.com/vadodra/dance-class-in-vadodra/page-4
2025-05-28 13:04:36,204 [INFO] - Found 10 listings on page 4
2025-05-28 13:04:38,243 [INFO] - Fetching page 5: https://www.justdial.com/vadodra/dance-class-in-vadodra/page-5
2025-05-28 13:04:39,286 [INFO] - Found 10 listings on page 5
2025-05-28 13:04:41,334 [INFO] - Fetching page 6: https://www.justdial.com/vadodra/dance-class-in-vadodra/page-6
2025-05-28 13:04:42,264 [INFO] - Found 10 listings on page 6
2025-05-28 13:04:44,314 [INFO] - Fetching page 7: https://www.justdial.com/vadodra/dance-class-in-vadodra/page-7
2025-05-28 13:04:45,719 [INFO] - Found 10 listings on page 7
2025-05-28 13:04:47,777 [INFO] - Fetching page 8: https://www.justdial.com/vadodra/dance-class-in-vadodra/page-8
2025-05-28 13:04:49,328 [INFO] - Found 10 listings on page 8
2025-05-28 13:04:51,373 [INFO] - Fetching page 9: https://www.justdial.com/vadodra/dance-class-in-vadodra/page-9
2025-05-28 13:04:52,513 [INFO] - Found 10 listings on page 9
2025-05-28 13:04:54,546 [INFO] - Fetching page 10: https://www.justdial.com/vadodra/dance-class-in-vadodra/page-10
2025-05-28 13:04:55,837 [INFO] - Found 10 listings on page 10
2025-05-28 13:04:57,878 [INFO] - Generating scraping report...
2025-05-28 13:04:57,878 [INFO] - Scraping Report: {
  "total_requests": 0,
  "successful_requests": 10,
  "failed_requests": 0,
  "blocked_requests": 0,
  "cache_hits": 0,
  "success_rate": "0.00%",
  "total_businesses_found": 100,
  "session_duration": 32.758602,
  "errors": []
}
2025-05-28 13:04:57,879 [INFO] - Function scrape_justdial took 32.76 seconds to execute
2025-05-28 13:04:57,880 [INFO] - 
Scraping completed. Found 100 results
2025-05-28 13:04:57,997 [INFO] - Created Excel file: dance_class_vadodra_justdial_20250528_130457.xlsx with 64 unique entries
2025-05-28 13:05:27,496 [INFO] - 
=== Starting new scraping request ===
2025-05-28 13:05:27,496 [INFO] - Raw search query: Dance class in baroda
2025-05-28 13:05:27,497 [INFO] - Selected platform: justdial
2025-05-28 13:05:27,497 [INFO] - Parsed category: Dance Class
2025-05-28 13:05:27,497 [INFO] - Parsed location: Baroda
2025-05-28 13:05:27,498 [INFO] - 
Starting scraping process...
2025-05-28 13:05:27,499 [INFO] - Scraping JustDial for Dance Class in Baroda
2025-05-28 13:05:27,499 [INFO] - Starting scrape for query: dance-class in baroda
2025-05-28 13:05:27,499 [INFO] - Fetching page 1: https://www.justdial.com/baroda/dance-class-in-baroda
2025-05-28 13:05:28,767 [INFO] - Found 10 listings on page 1
2025-05-28 13:05:30,812 [INFO] - Fetching page 2: https://www.justdial.com/baroda/dance-class-in-baroda/page-2
2025-05-28 13:05:32,083 [INFO] - Found 10 listings on page 2
2025-05-28 13:05:34,128 [INFO] - Fetching page 3: https://www.justdial.com/baroda/dance-class-in-baroda/page-3
2025-05-28 13:05:35,735 [INFO] - Found 10 listings on page 3
2025-05-28 13:05:37,818 [INFO] - Fetching page 4: https://www.justdial.com/baroda/dance-class-in-baroda/page-4
2025-05-28 13:05:38,943 [INFO] - Found 10 listings on page 4
2025-05-28 13:05:40,974 [INFO] - Fetching page 5: https://www.justdial.com/baroda/dance-class-in-baroda/page-5
2025-05-28 13:05:42,131 [INFO] - Found 10 listings on page 5
2025-05-28 13:05:44,216 [INFO] - Fetching page 6: https://www.justdial.com/baroda/dance-class-in-baroda/page-6
2025-05-28 13:05:45,159 [INFO] - Found 10 listings on page 6
2025-05-28 13:05:47,207 [INFO] - Fetching page 7: https://www.justdial.com/baroda/dance-class-in-baroda/page-7
2025-05-28 13:05:48,542 [INFO] - Found 10 listings on page 7
2025-05-28 13:05:50,579 [INFO] - Fetching page 8: https://www.justdial.com/baroda/dance-class-in-baroda/page-8
2025-05-28 13:05:51,931 [INFO] - Found 10 listings on page 8
2025-05-28 13:05:53,964 [INFO] - Fetching page 9: https://www.justdial.com/baroda/dance-class-in-baroda/page-9
2025-05-28 13:05:55,018 [INFO] - Found 10 listings on page 9
2025-05-28 13:05:57,067 [INFO] - Fetching page 10: https://www.justdial.com/baroda/dance-class-in-baroda/page-10
2025-05-28 13:05:57,916 [INFO] - Found 10 listings on page 10
2025-05-28 13:05:59,970 [INFO] - Generating scraping report...
2025-05-28 13:05:59,971 [INFO] - Scraping Report: {
  "total_requests": 0,
  "successful_requests": 10,
  "failed_requests": 0,
  "blocked_requests": 0,
  "cache_hits": 0,
  "success_rate": "0.00%",
  "total_businesses_found": 100,
  "session_duration": 32.471406,
  "errors": []
}
2025-05-28 13:05:59,971 [INFO] - Function scrape_justdial took 32.47 seconds to execute
2025-05-28 13:05:59,972 [INFO] - 
Scraping completed. Found 100 results
2025-05-28 13:06:00,033 [INFO] - Created Excel file: dance_class_baroda_justdial_20250528_130559.xlsx with 14 unique entries
2025-05-28 17:16:29,055 [INFO] - 
=== Starting new scraping request ===
2025-05-28 17:16:29,056 [INFO] - Raw search query: Restaurants in London
2025-05-28 17:16:29,056 [INFO] - Selected platform: yell
2025-05-28 17:16:29,056 [INFO] - Parsed category: Restaurants
2025-05-28 17:16:29,056 [INFO] - Parsed location: London
2025-05-28 17:16:29,058 [INFO] - 
Starting scraping process...
2025-05-28 17:16:29,058 [INFO] - Scraping Yell for Restaurants in London
2025-05-28 17:16:30,137 [INFO] - 
Scraping completed. Found 0 results
2025-05-28 17:17:10,648 [INFO] - 
=== Starting new scraping request ===
2025-05-28 17:17:10,649 [INFO] - Raw search query: Restaurants in London
2025-05-28 17:17:10,650 [INFO] - Selected platform: yell
2025-05-28 17:17:10,650 [INFO] - Parsed category: Restaurants
2025-05-28 17:17:10,651 [INFO] - Parsed location: London
2025-05-28 17:17:10,653 [INFO] - 
Starting scraping process...
2025-05-28 17:17:10,653 [INFO] - Scraping Yell for Restaurants in London
2025-05-28 17:17:11,335 [INFO] - 
Scraping completed. Found 0 results
2025-05-28 17:17:38,674 [INFO] - 
=== Starting new scraping request ===
2025-05-28 17:17:38,674 [INFO] - Raw search query: Schools in Chandkheda
2025-05-28 17:17:38,675 [INFO] - Selected platform: justdial
2025-05-28 17:17:38,675 [INFO] - Parsed category: Schools
2025-05-28 17:17:38,675 [INFO] - Parsed location: Chandkheda
2025-05-28 17:17:38,676 [INFO] - 
Starting scraping process...
2025-05-28 17:17:38,676 [INFO] - Scraping JustDial for Schools in Chandkheda
2025-05-28 17:17:38,677 [INFO] - Starting scrape for query: schools in chandkheda
2025-05-28 17:17:38,678 [INFO] - Fetching page 1: https://www.justdial.com/chandkheda/schools-in-chandkheda
2025-05-28 17:17:40,697 [INFO] - Found 10 listings on page 1
2025-05-28 17:17:42,741 [INFO] - Fetching page 2: https://www.justdial.com/chandkheda/schools-in-chandkheda/page-2
2025-05-28 17:17:43,591 [INFO] - Found 10 listings on page 2
2025-05-28 17:17:45,639 [INFO] - Fetching page 3: https://www.justdial.com/chandkheda/schools-in-chandkheda/page-3
2025-05-28 17:17:46,770 [INFO] - Found 10 listings on page 3
2025-05-28 17:17:48,815 [INFO] - Fetching page 4: https://www.justdial.com/chandkheda/schools-in-chandkheda/page-4
2025-05-28 17:17:49,829 [INFO] - Found 10 listings on page 4
2025-05-28 17:17:51,869 [INFO] - Fetching page 5: https://www.justdial.com/chandkheda/schools-in-chandkheda/page-5
2025-05-28 17:17:53,030 [INFO] - Found 10 listings on page 5
2025-05-28 17:17:55,071 [INFO] - Fetching page 6: https://www.justdial.com/chandkheda/schools-in-chandkheda/page-6
2025-05-28 17:17:56,051 [INFO] - Found 10 listings on page 6
2025-05-28 17:17:58,096 [INFO] - Fetching page 7: https://www.justdial.com/chandkheda/schools-in-chandkheda/page-7
2025-05-28 17:17:58,472 [INFO] - Found 0 listings on page 7
2025-05-28 17:17:58,472 [WARNING] - No data found on page 7
2025-05-28 17:18:00,474 [INFO] - Fetching page 8: https://www.justdial.com/chandkheda/schools-in-chandkheda/page-8
2025-05-28 17:18:01,500 [INFO] - Found 10 listings on page 8
2025-05-28 17:18:03,543 [INFO] - Fetching page 9: https://www.justdial.com/chandkheda/schools-in-chandkheda/page-9
2025-05-28 17:18:04,383 [INFO] - Found 10 listings on page 9
2025-05-28 17:18:06,433 [INFO] - Fetching page 10: https://www.justdial.com/chandkheda/schools-in-chandkheda/page-10
2025-05-28 17:18:08,060 [INFO] - Found 10 listings on page 10
2025-05-28 17:18:10,102 [INFO] - Generating scraping report...
2025-05-28 17:18:10,102 [INFO] - Scraping Report: {
  "total_requests": 0,
  "successful_requests": 10,
  "failed_requests": 0,
  "blocked_requests": 0,
  "cache_hits": 0,
  "success_rate": "0.00%",
  "total_businesses_found": 90,
  "session_duration": 31.424796,
  "errors": []
}
2025-05-28 17:18:10,103 [INFO] - Function scrape_justdial took 31.43 seconds to execute
2025-05-28 17:18:10,103 [INFO] - 
Scraping completed. Found 90 results
2025-05-28 17:18:10,104 [INFO] - Removed old file: colleges_&_universities_ahmedabad_justdial_20250528_125429.xlsx
2025-05-28 17:18:10,105 [INFO] - Removed old file: dance_class_baroda_justdial_20250528_130559.xlsx
2025-05-28 17:18:10,106 [INFO] - Removed old file: dance_class_vadodra_justdial_20250528_130457.xlsx
2025-05-28 17:18:10,107 [INFO] - Removed old file: guitar_shop_vadodra_justdial_20250528_123249.xlsx
2025-05-28 17:18:10,109 [INFO] - Removed old file: toy_shop_ahmedabad_justdial_20250528_122539.xlsx
2025-05-28 17:18:10,289 [INFO] - Created Excel file: schools_chandkheda_justdial_20250528_171810.xlsx with 59 unique entries
2025-05-28 17:19:00,884 [INFO] - 
=== Starting new scraping request ===
2025-05-28 17:19:00,884 [INFO] - Raw search query: Schools in Chandkheda Ahmedabad
2025-05-28 17:19:00,885 [INFO] - Selected platform: justdial
2025-05-28 17:19:00,885 [INFO] - Parsed category: Schools
2025-05-28 17:19:00,885 [INFO] - Parsed location: Ahmedabad
2025-05-28 17:19:00,886 [INFO] - 
Starting scraping process...
2025-05-28 17:19:00,886 [INFO] - Scraping JustDial for Schools in Ahmedabad
2025-05-28 17:19:00,887 [INFO] - Starting scrape for query: schools in ahmedabad
2025-05-28 17:19:00,887 [INFO] - Fetching page 1: https://www.justdial.com/ahmedabad/schools-in-ahmedabad
2025-05-28 17:19:02,137 [INFO] - Found 10 listings on page 1
2025-05-28 17:19:04,190 [INFO] - Fetching page 2: https://www.justdial.com/ahmedabad/schools-in-ahmedabad/page-2
2025-05-28 17:19:05,198 [INFO] - Found 10 listings on page 2
2025-05-28 17:19:07,239 [INFO] - Fetching page 3: https://www.justdial.com/ahmedabad/schools-in-ahmedabad/page-3
2025-05-28 17:19:08,261 [INFO] - Found 10 listings on page 3
2025-05-28 17:19:10,297 [INFO] - Fetching page 4: https://www.justdial.com/ahmedabad/schools-in-ahmedabad/page-4
2025-05-28 17:19:11,561 [INFO] - Found 10 listings on page 4
2025-05-28 17:19:13,627 [INFO] - Fetching page 5: https://www.justdial.com/ahmedabad/schools-in-ahmedabad/page-5
2025-05-28 17:19:13,981 [INFO] - Found 0 listings on page 5
2025-05-28 17:19:13,981 [WARNING] - No data found on page 5
2025-05-28 17:19:15,985 [INFO] - Fetching page 6: https://www.justdial.com/ahmedabad/schools-in-ahmedabad/page-6
2025-05-28 17:19:17,230 [INFO] - Found 10 listings on page 6
2025-05-28 17:19:19,267 [INFO] - Fetching page 7: https://www.justdial.com/ahmedabad/schools-in-ahmedabad/page-7
2025-05-28 17:19:20,223 [INFO] - Found 10 listings on page 7
2025-05-28 17:19:22,258 [INFO] - Fetching page 8: https://www.justdial.com/ahmedabad/schools-in-ahmedabad/page-8
2025-05-28 17:19:23,256 [INFO] - Found 10 listings on page 8
2025-05-28 17:19:25,303 [INFO] - Fetching page 9: https://www.justdial.com/ahmedabad/schools-in-ahmedabad/page-9
2025-05-28 17:19:26,156 [INFO] - Found 10 listings on page 9
2025-05-28 17:19:28,205 [INFO] - Fetching page 10: https://www.justdial.com/ahmedabad/schools-in-ahmedabad/page-10
2025-05-28 17:19:29,132 [INFO] - Found 10 listings on page 10
2025-05-28 17:19:31,190 [INFO] - Generating scraping report...
2025-05-28 17:19:31,191 [INFO] - Scraping Report: {
  "total_requests": 0,
  "successful_requests": 10,
  "failed_requests": 0,
  "blocked_requests": 0,
  "cache_hits": 0,
  "success_rate": "0.00%",
  "total_businesses_found": 90,
  "session_duration": 30.30319,
  "errors": []
}
2025-05-28 17:19:31,192 [INFO] - Function scrape_justdial took 30.31 seconds to execute
2025-05-28 17:19:31,193 [INFO] - 
Scraping completed. Found 90 results
2025-05-28 17:19:31,473 [INFO] - Created Excel file: schools_ahmedabad_justdial_20250528_171931.xlsx with 28 unique entries
2025-05-28 17:20:40,410 [INFO] - 
=== Starting new scraping request ===
2025-05-28 17:20:40,410 [INFO] - Raw search query: Restaurants in London
2025-05-28 17:20:40,411 [INFO] - Selected platform: yell
2025-05-28 17:20:40,411 [INFO] - Parsed category: Restaurants
2025-05-28 17:20:40,412 [INFO] - Parsed location: London
2025-05-28 17:20:40,413 [INFO] - 
Starting scraping process...
2025-05-28 17:20:40,413 [INFO] - Scraping Yell for Restaurants in London
2025-05-28 17:20:50,959 [INFO] - 
Scraping completed. Found 0 results
2025-05-28 17:24:11,602 [INFO] - 
=== Starting new scraping request ===
2025-05-28 17:24:11,603 [INFO] - Raw search query: Restaurants in UK
2025-05-28 17:24:11,603 [INFO] - Selected platform: yell
2025-05-28 17:24:11,603 [INFO] - Parsed category: Restaurants
2025-05-28 17:24:11,603 [INFO] - Parsed location: Uk
2025-05-28 17:24:11,605 [INFO] - 
Starting scraping process...
2025-05-28 17:24:11,605 [INFO] - Scraping Yell for Restaurants in Uk
2025-05-28 17:24:17,038 [INFO] - 
Scraping completed. Found 0 results
2025-05-28 17:39:08,364 [INFO] - 
=== Starting new scraping request ===
2025-05-28 17:39:08,364 [INFO] - Raw search query: Restaurants in London
2025-05-28 17:39:08,364 [INFO] - Selected platform: yell
2025-05-28 17:39:08,364 [INFO] - Parsed category: Restaurants
2025-05-28 17:39:08,365 [INFO] - Parsed location: London
2025-05-28 17:39:08,368 [INFO] - 
Starting scraping process...
2025-05-28 17:39:08,368 [INFO] - Scraping Yell for Restaurants in London
2025-05-28 17:39:26,595 [INFO] - 
Scraping completed. Found 0 results
2025-05-28 17:43:52,924 [INFO] - 
=== Starting new scraping request ===
2025-05-28 17:43:52,925 [INFO] - Raw search query: Restaurants in London
2025-05-28 17:43:52,925 [INFO] - Selected platform: yell
2025-05-28 17:43:52,925 [INFO] - Parsed category: Restaurants
2025-05-28 17:43:52,925 [INFO] - Parsed location: London
2025-05-28 17:43:52,927 [INFO] - 
Starting scraping process...
2025-05-28 17:43:52,927 [INFO] - Scraping Yell for Restaurants in London
2025-05-28 17:52:19,634 [INFO] - 
=== Starting new scraping request ===
2025-05-28 17:52:19,634 [INFO] - Raw search query: Restaurants in UK
2025-05-28 17:52:19,634 [INFO] - Selected platform: yell
2025-05-28 17:52:19,634 [INFO] - Parsed category: Restaurants
2025-05-28 17:52:19,635 [INFO] - Parsed location: Uk
2025-05-28 17:52:19,636 [INFO] - 
Starting scraping process...
2025-05-28 17:52:19,636 [INFO] - Scraping Yell for Restaurants in Uk
2025-05-28 17:52:20,892 [INFO] - 
Scraping completed. Found 0 results
