2025-05-30 16:15:16,815 [INFO] [app.py:61] - === Starting new scraping session ===
2025-05-30 16:15:16,818 [INFO] [app.py:62] - Python version: 3.13.3 (tags/v3.13.3:6280bb5, Apr  8 2025, 14:47:33) [MSC v.1943 64 bit (AMD64)]
2025-05-30 16:15:16,819 [INFO] [app.py:63] - Operating System: win32
2025-05-30 16:15:16,820 [INFO] [app.py:64] - Working Directory: C:\Users\bhavy\Desktop\Buisness_scraper\web__scrapper
2025-05-30 16:15:52,642 [INFO] [app.py:1451] - Received Yellow Pages scraping request - Query: hotels, Location: new york
2025-05-30 16:15:52,642 [INFO] [app.py:1459] - Initializing Yellow Pages scraper...
2025-05-30 16:15:52,643 [INFO] [yellowpages_scraper.py:54] - Setting up Chrome WebDriver...
2025-05-30 16:15:55,698 [INFO] [yellowpages_scraper.py:75] - Chrome WebDriver is ready.
2025-05-30 16:15:55,709 [INFO] [app.py:1462] - Starting Yellow Pages scraping...
2025-05-30 16:15:55,744 [INFO] [yellowpages_scraper.py:133] - Navigating to: https://www.yellowpages.com/search?search_terms=hotels&geo_location_terms=new york
2025-05-30 16:16:41,249 [INFO] [yellowpages_scraper.py:141] - Found 30 business listings
2025-05-30 16:16:41,257 [INFO] [yellowpages_scraper.py:144] - Scraping business 1/30
2025-05-30 16:16:41,551 [INFO] [yellowpages_scraper.py:144] - Scraping business 2/30
2025-05-30 16:16:41,899 [INFO] [yellowpages_scraper.py:144] - Scraping business 3/30
2025-05-30 16:16:42,087 [INFO] [yellowpages_scraper.py:144] - Scraping business 4/30
2025-05-30 16:16:42,268 [INFO] [yellowpages_scraper.py:144] - Scraping business 5/30
2025-05-30 16:16:42,488 [INFO] [yellowpages_scraper.py:144] - Scraping business 6/30
2025-05-30 16:16:42,684 [INFO] [yellowpages_scraper.py:144] - Scraping business 7/30
2025-05-30 16:16:42,866 [INFO] [yellowpages_scraper.py:144] - Scraping business 8/30
2025-05-30 16:16:43,025 [INFO] [yellowpages_scraper.py:144] - Scraping business 9/30
2025-05-30 16:16:43,183 [INFO] [yellowpages_scraper.py:144] - Scraping business 10/30
2025-05-30 16:16:43,350 [INFO] [yellowpages_scraper.py:144] - Scraping business 11/30
2025-05-30 16:16:43,495 [INFO] [yellowpages_scraper.py:144] - Scraping business 12/30
2025-05-30 16:16:43,726 [INFO] [yellowpages_scraper.py:144] - Scraping business 13/30
2025-05-30 16:16:43,906 [INFO] [yellowpages_scraper.py:144] - Scraping business 14/30
2025-05-30 16:16:44,039 [INFO] [yellowpages_scraper.py:144] - Scraping business 15/30
2025-05-30 16:16:44,209 [INFO] [yellowpages_scraper.py:144] - Scraping business 16/30
2025-05-30 16:16:44,363 [INFO] [yellowpages_scraper.py:144] - Scraping business 17/30
2025-05-30 16:16:44,527 [INFO] [yellowpages_scraper.py:144] - Scraping business 18/30
2025-05-30 16:16:44,690 [INFO] [yellowpages_scraper.py:144] - Scraping business 19/30
2025-05-30 16:16:44,851 [INFO] [yellowpages_scraper.py:144] - Scraping business 20/30
2025-05-30 16:16:45,008 [INFO] [yellowpages_scraper.py:144] - Scraping business 21/30
2025-05-30 16:16:45,188 [INFO] [yellowpages_scraper.py:144] - Scraping business 22/30
2025-05-30 16:16:45,382 [INFO] [yellowpages_scraper.py:144] - Scraping business 23/30
2025-05-30 16:16:45,534 [INFO] [yellowpages_scraper.py:144] - Scraping business 24/30
2025-05-30 16:16:45,686 [INFO] [yellowpages_scraper.py:144] - Scraping business 25/30
2025-05-30 16:16:45,875 [INFO] [yellowpages_scraper.py:144] - Scraping business 26/30
2025-05-30 16:16:46,104 [INFO] [yellowpages_scraper.py:144] - Scraping business 27/30
2025-05-30 16:16:46,294 [INFO] [yellowpages_scraper.py:144] - Scraping business 28/30
2025-05-30 16:16:46,464 [INFO] [yellowpages_scraper.py:144] - Scraping business 29/30
2025-05-30 16:16:46,622 [INFO] [yellowpages_scraper.py:144] - Scraping business 30/30
2025-05-30 16:16:46,792 [INFO] [yellowpages_scraper.py:149] - Scraping completed with 30 results.
2025-05-30 16:16:46,792 [INFO] [yellowpages_scraper.py:163] - Scraping session ended.
2025-05-30 16:16:47,793 [INFO] [app.py:1465] - Cleaning up scraper resources...
2025-05-30 16:16:50,133 [INFO] [yellowpages_scraper.py:169] - WebDriver closed.
2025-05-30 16:16:50,134 [INFO] [app.py:1476] - Successfully found 30 results
2025-05-30 16:16:50,583 [INFO] [app.py:1489] - Results saved to Excel file: downloads\yellowpages_results_20250530_161650.xlsx
2025-05-30 16:16:55,776 [INFO] [app.py:1531] - Sending Excel file: downloads\yellowpages_results_20250530_161650.xlsx
