2025-05-30 16:25:06,571 [INFO] [app.py:61] - === Starting new scraping session ===
2025-05-30 16:25:06,571 [INFO] [app.py:62] - Python version: 3.13.3 (tags/v3.13.3:6280bb5, Apr  8 2025, 14:47:33) [MSC v.1943 64 bit (AMD64)]
2025-05-30 16:25:06,572 [INFO] [app.py:63] - Operating System: win32
2025-05-30 16:25:06,573 [INFO] [app.py:64] - Working Directory: C:\Users\bhavy\Desktop\Buisness_scraper\web__scrapper
2025-05-30 16:26:01,648 [INFO] [app.py:1451] - Received Yellow Pages scraping request - Query: hotels, Location: new york
2025-05-30 16:26:01,648 [INFO] [app.py:1459] - Initializing Yellow Pages scraper...
2025-05-30 16:26:01,648 [INFO] [yellowpages_scraper.py:54] - Setting up Chrome WebDriver...
2025-05-30 16:26:03,609 [INFO] [yellowpages_scraper.py:75] - Chrome WebDriver is ready.
2025-05-30 16:26:03,614 [INFO] [app.py:1462] - Starting Yellow Pages scraping...
2025-05-30 16:26:03,615 [INFO] [yellowpages_scraper.py:168] - Navigating to first page: https://www.yellowpages.com/search?search_terms=hotels&geo_location_terms=new york
2025-05-30 16:26:47,157 [INFO] [yellowpages_scraper.py:205] - Found 30 business listings on page 1
2025-05-30 16:26:47,158 [INFO] [yellowpages_scraper.py:209] - Scraping business 1/30 on page 1
2025-05-30 16:26:47,451 [INFO] [yellowpages_scraper.py:209] - Scraping business 2/30 on page 1
2025-05-30 16:26:47,608 [INFO] [yellowpages_scraper.py:209] - Scraping business 3/30 on page 1
2025-05-30 16:26:47,892 [INFO] [yellowpages_scraper.py:209] - Scraping business 4/30 on page 1
2025-05-30 16:26:48,091 [INFO] [yellowpages_scraper.py:209] - Scraping business 5/30 on page 1
2025-05-30 16:26:48,352 [INFO] [yellowpages_scraper.py:209] - Scraping business 6/30 on page 1
2025-05-30 16:26:48,604 [INFO] [yellowpages_scraper.py:209] - Scraping business 7/30 on page 1
2025-05-30 16:26:48,837 [INFO] [yellowpages_scraper.py:209] - Scraping business 8/30 on page 1
2025-05-30 16:26:49,053 [INFO] [yellowpages_scraper.py:209] - Scraping business 9/30 on page 1
2025-05-30 16:26:49,207 [INFO] [yellowpages_scraper.py:209] - Scraping business 10/30 on page 1
2025-05-30 16:26:49,388 [INFO] [yellowpages_scraper.py:209] - Scraping business 11/30 on page 1
2025-05-30 16:26:49,556 [INFO] [yellowpages_scraper.py:209] - Scraping business 12/30 on page 1
2025-05-30 16:26:49,712 [INFO] [yellowpages_scraper.py:209] - Scraping business 13/30 on page 1
2025-05-30 16:26:49,890 [INFO] [yellowpages_scraper.py:209] - Scraping business 14/30 on page 1
2025-05-30 16:26:50,099 [INFO] [yellowpages_scraper.py:209] - Scraping business 15/30 on page 1
2025-05-30 16:26:50,416 [INFO] [yellowpages_scraper.py:209] - Scraping business 16/30 on page 1
2025-05-30 16:26:50,882 [INFO] [yellowpages_scraper.py:209] - Scraping business 17/30 on page 1
2025-05-30 16:26:51,476 [INFO] [yellowpages_scraper.py:209] - Scraping business 18/30 on page 1
2025-05-30 16:26:51,990 [INFO] [yellowpages_scraper.py:209] - Scraping business 19/30 on page 1
2025-05-30 16:26:52,323 [INFO] [yellowpages_scraper.py:209] - Scraping business 20/30 on page 1
2025-05-30 16:26:52,519 [INFO] [yellowpages_scraper.py:209] - Scraping business 21/30 on page 1
2025-05-30 16:26:52,694 [INFO] [yellowpages_scraper.py:209] - Scraping business 22/30 on page 1
2025-05-30 16:26:52,888 [INFO] [yellowpages_scraper.py:209] - Scraping business 23/30 on page 1
2025-05-30 16:26:53,157 [INFO] [yellowpages_scraper.py:209] - Scraping business 24/30 on page 1
2025-05-30 16:26:53,387 [INFO] [yellowpages_scraper.py:209] - Scraping business 25/30 on page 1
2025-05-30 16:26:53,645 [INFO] [yellowpages_scraper.py:209] - Scraping business 26/30 on page 1
2025-05-30 16:26:53,965 [INFO] [yellowpages_scraper.py:209] - Scraping business 27/30 on page 1
2025-05-30 16:26:54,160 [INFO] [yellowpages_scraper.py:209] - Scraping business 28/30 on page 1
2025-05-30 16:26:54,346 [INFO] [yellowpages_scraper.py:209] - Scraping business 29/30 on page 1
2025-05-30 16:26:54,509 [INFO] [yellowpages_scraper.py:209] - Scraping business 30/30 on page 1
2025-05-30 16:26:54,662 [INFO] [yellowpages_scraper.py:219] - Total results so far: 30
2025-05-30 16:26:56,801 [INFO] [yellowpages_scraper.py:186] - Clicking next page button for page 2
2025-05-30 16:27:07,832 [WARNING] [yellowpages_scraper.py:197] - Could not navigate to page 2
2025-05-30 16:27:07,833 [INFO] [yellowpages_scraper.py:233] - Scraping completed with 30 total results across 2 pages.
2025-05-30 16:27:07,833 [INFO] [yellowpages_scraper.py:247] - Scraping session ended.
2025-05-30 16:27:08,834 [INFO] [app.py:1465] - Cleaning up scraper resources...
2025-05-30 16:27:11,085 [INFO] [yellowpages_scraper.py:253] - WebDriver closed.
2025-05-30 16:27:11,086 [INFO] [app.py:1476] - Successfully found 30 results
2025-05-30 16:27:11,199 [INFO] [app.py:1489] - Results saved to Excel file: downloads\yellowpages_results_20250530_162711.xlsx
2025-05-30 16:27:17,014 [INFO] [app.py:1531] - Sending Excel file: downloads\yellowpages_results_20250530_162711.xlsx
