2025-06-09 12:17:43,476 [INFO] [app.py:62] - === Starting new scraping session ===
2025-06-09 12:17:43,477 [INFO] [app.py:63] - Python version: 3.13.3 (tags/v3.13.3:6280bb5, Apr  8 2025, 14:47:33) [MSC v.1943 64 bit (AMD64)]
2025-06-09 12:17:43,478 [INFO] [app.py:64] - Operating System: win32
2025-06-09 12:17:43,478 [INFO] [app.py:65] - Working Directory: C:\Users\Bhavya\Desktop\PCCCCCCC\Buisness_scraper\web__scrapper
2025-06-09 12:17:53,185 [INFO] [app.py:988] - 
=== Starting new scraping request ===
2025-06-09 12:17:53,186 [INFO] [app.py:989] - Raw search query: hotels in baroda
2025-06-09 12:17:53,188 [INFO] [app.py:990] - Selected platform: justdial
2025-06-09 12:17:53,189 [INFO] [app.py:998] - Parsed category: Hotels
2025-06-09 12:17:53,189 [INFO] [app.py:999] - Parsed location: Baroda
2025-06-09 12:17:53,191 [INFO] [app.py:1015] - 
Starting scraping process...
2025-06-09 12:17:53,191 [INFO] [app.py:1017] - Scraping JustDial for Hotels in Baroda
2025-06-09 12:17:53,192 [INFO] [app.py:573] - Starting scrape for query: hotels in baroda
2025-06-09 12:17:53,192 [INFO] [app.py:583] - Fetching page 1: https://www.justdial.com/baroda/hotels-in-baroda
2025-06-09 12:17:53,706 [INFO] [app.py:613] - Found 0 listings on page 1
2025-06-09 12:17:53,707 [WARNING] [app.py:632] - No data found on page 1
2025-06-09 12:17:55,711 [INFO] [app.py:583] - Fetching page 2: https://www.justdial.com/baroda/hotels-in-baroda/page-2
2025-06-09 12:17:57,331 [INFO] [app.py:613] - Found 10 listings on page 2
2025-06-09 12:17:59,361 [INFO] [app.py:583] - Fetching page 3: https://www.justdial.com/baroda/hotels-in-baroda/page-3
2025-06-09 12:18:01,046 [INFO] [app.py:613] - Found 10 listings on page 3
2025-06-09 12:18:03,093 [INFO] [app.py:583] - Fetching page 4: https://www.justdial.com/baroda/hotels-in-baroda/page-4
2025-06-09 12:18:04,875 [INFO] [app.py:613] - Found 10 listings on page 4
2025-06-09 12:18:06,943 [INFO] [app.py:583] - Fetching page 5: https://www.justdial.com/baroda/hotels-in-baroda/page-5
2025-06-09 12:18:08,161 [INFO] [app.py:613] - Found 10 listings on page 5
2025-06-09 12:18:10,194 [INFO] [app.py:583] - Fetching page 6: https://www.justdial.com/baroda/hotels-in-baroda/page-6
2025-06-09 12:18:11,352 [INFO] [app.py:613] - Found 10 listings on page 6
2025-06-09 12:18:13,393 [INFO] [app.py:583] - Fetching page 7: https://www.justdial.com/baroda/hotels-in-baroda/page-7
2025-06-09 12:18:15,057 [INFO] [app.py:613] - Found 10 listings on page 7
2025-06-09 12:18:17,112 [INFO] [app.py:583] - Fetching page 8: https://www.justdial.com/baroda/hotels-in-baroda/page-8
2025-06-09 12:18:17,413 [INFO] [app.py:613] - Found 0 listings on page 8
2025-06-09 12:18:17,414 [WARNING] [app.py:632] - No data found on page 8
2025-06-09 12:18:19,427 [INFO] [app.py:583] - Fetching page 9: https://www.justdial.com/baroda/hotels-in-baroda/page-9
2025-06-09 12:18:21,132 [INFO] [app.py:613] - Found 10 listings on page 9
2025-06-09 12:18:23,184 [INFO] [app.py:583] - Fetching page 10: https://www.justdial.com/baroda/hotels-in-baroda/page-10
2025-06-09 12:18:24,322 [INFO] [app.py:613] - Found 10 listings on page 10
2025-06-09 12:18:26,370 [INFO] [app.py:660] - Generating scraping report...
2025-06-09 12:18:26,371 [INFO] [app.py:662] - Scraping Report: {
  "total_requests": 0,
  "successful_requests": 10,
  "failed_requests": 0,
  "blocked_requests": 0,
  "cache_hits": 0,
  "success_rate": "0.00%",
  "total_businesses_found": 80,
  "session_duration": 33.177981,
  "errors": []
}
2025-06-09 12:18:26,373 [INFO] [app.py:86] - Function scrape_justdial took 33.18 seconds to execute
2025-06-09 12:18:26,374 [INFO] [app.py:1038] - 
Scraping completed. Found 80 results
2025-06-09 12:18:26,380 [ERROR] [app.py:1126] - Error creating Excel file: Index(['Address'], dtype='object')
