2025-05-30 16:10:43,352 [INFO] [app.py:61] - === Starting new scraping session ===
2025-05-30 16:10:43,353 [INFO] [app.py:62] - Python version: 3.13.3 (tags/v3.13.3:6280bb5, Apr  8 2025, 14:47:33) [MSC v.1943 64 bit (AMD64)]
2025-05-30 16:10:43,353 [INFO] [app.py:63] - Operating System: win32
2025-05-30 16:10:43,353 [INFO] [app.py:64] - Working Directory: C:\Users\bhavy\Desktop\Buisness_scraper\web__scrapper
2025-05-30 16:10:48,226 [INFO] [app.py:987] - 
=== Starting new scraping request ===
2025-05-30 16:10:48,227 [INFO] [app.py:988] - Raw search query: hotel in ahmedabad
2025-05-30 16:10:48,228 [INFO] [app.py:989] - Selected platform: sulekha
2025-05-30 16:10:48,229 [INFO] [app.py:997] - Parsed category: Hotel
2025-05-30 16:10:48,230 [INFO] [app.py:998] - Parsed location: Ahmedabad
2025-05-30 16:10:48,232 [INFO] [app.py:1014] - 
Starting scraping process...
2025-05-30 16:10:48,234 [INFO] [app.py:1019] - Scraping Sulekha for Hotel in Ahmedabad
2025-05-30 16:12:15,671 [INFO] [app.py:1451] - Received Yellow Pages scraping request - Query: clothing store, Location: nyc
2025-05-30 16:12:15,672 [INFO] [app.py:1459] - Initializing Yellow Pages scraper...
2025-05-30 16:12:15,672 [INFO] [yellowpages_scraper.py:54] - Setting up Chrome WebDriver...
2025-05-30 16:12:17,553 [INFO] [yellowpages_scraper.py:75] - Chrome WebDriver is ready.
2025-05-30 16:12:17,555 [INFO] [app.py:1462] - Starting Yellow Pages scraping...
2025-05-30 16:12:17,557 [INFO] [yellowpages_scraper.py:133] - Navigating to: https://www.yellowpages.com/search?search_terms=clothing store&geo_location_terms=nyc
2025-05-30 16:13:02,520 [INFO] [yellowpages_scraper.py:141] - Found 30 business listings
2025-05-30 16:13:02,520 [INFO] [yellowpages_scraper.py:144] - Scraping business 1/30
2025-05-30 16:13:02,919 [INFO] [yellowpages_scraper.py:144] - Scraping business 2/30
2025-05-30 16:13:03,227 [INFO] [yellowpages_scraper.py:144] - Scraping business 3/30
2025-05-30 16:13:03,354 [INFO] [yellowpages_scraper.py:144] - Scraping business 4/30
2025-05-30 16:13:03,515 [INFO] [yellowpages_scraper.py:144] - Scraping business 5/30
2025-05-30 16:13:03,849 [INFO] [yellowpages_scraper.py:144] - Scraping business 6/30
2025-05-30 16:13:04,117 [INFO] [yellowpages_scraper.py:144] - Scraping business 7/30
2025-05-30 16:13:04,339 [INFO] [yellowpages_scraper.py:144] - Scraping business 8/30
2025-05-30 16:13:04,499 [INFO] [yellowpages_scraper.py:144] - Scraping business 9/30
2025-05-30 16:13:04,701 [INFO] [yellowpages_scraper.py:144] - Scraping business 10/30
2025-05-30 16:13:04,830 [INFO] [yellowpages_scraper.py:144] - Scraping business 11/30
2025-05-30 16:13:04,995 [INFO] [yellowpages_scraper.py:144] - Scraping business 12/30
2025-05-30 16:13:05,143 [INFO] [yellowpages_scraper.py:144] - Scraping business 13/30
2025-05-30 16:13:05,292 [INFO] [yellowpages_scraper.py:144] - Scraping business 14/30
2025-05-30 16:13:05,597 [INFO] [yellowpages_scraper.py:144] - Scraping business 15/30
2025-05-30 16:13:05,941 [INFO] [yellowpages_scraper.py:144] - Scraping business 16/30
2025-05-30 16:13:06,230 [INFO] [yellowpages_scraper.py:144] - Scraping business 17/30
2025-05-30 16:13:06,480 [INFO] [yellowpages_scraper.py:144] - Scraping business 18/30
2025-05-30 16:13:06,733 [INFO] [yellowpages_scraper.py:144] - Scraping business 19/30
2025-05-30 16:13:07,065 [INFO] [yellowpages_scraper.py:144] - Scraping business 20/30
2025-05-30 16:13:07,394 [INFO] [yellowpages_scraper.py:144] - Scraping business 21/30
2025-05-30 16:13:07,670 [INFO] [yellowpages_scraper.py:144] - Scraping business 22/30
2025-05-30 16:13:08,010 [INFO] [yellowpages_scraper.py:144] - Scraping business 23/30
2025-05-30 16:13:08,231 [INFO] [yellowpages_scraper.py:144] - Scraping business 24/30
2025-05-30 16:13:08,491 [INFO] [yellowpages_scraper.py:144] - Scraping business 25/30
2025-05-30 16:13:08,697 [INFO] [yellowpages_scraper.py:144] - Scraping business 26/30
2025-05-30 16:13:08,895 [INFO] [yellowpages_scraper.py:144] - Scraping business 27/30
2025-05-30 16:13:09,075 [INFO] [yellowpages_scraper.py:144] - Scraping business 28/30
2025-05-30 16:13:09,280 [INFO] [yellowpages_scraper.py:144] - Scraping business 29/30
2025-05-30 16:13:09,435 [INFO] [yellowpages_scraper.py:144] - Scraping business 30/30
2025-05-30 16:13:09,600 [INFO] [yellowpages_scraper.py:149] - Scraping completed with 30 results.
2025-05-30 16:13:09,600 [INFO] [yellowpages_scraper.py:163] - Scraping session ended.
2025-05-30 16:13:10,603 [INFO] [app.py:1465] - Cleaning up scraper resources...
2025-05-30 16:13:13,126 [INFO] [yellowpages_scraper.py:169] - WebDriver closed.
2025-05-30 16:13:13,195 [INFO] [app.py:1469] - Successfully found 30 results
2025-05-30 16:13:13,659 [INFO] [app.py:1482] - Results saved to Excel file: downloads\yellowpages_results_20250530_161313.xlsx
2025-05-30 16:14:17,915 [INFO] [app.py:1037] - 
Scraping completed. Found 0 results
