2025-06-10 14:23:11,349 [INFO] [app.py:71] - === Starting new scraping session ===
2025-06-10 14:23:11,350 [INFO] [app.py:72] - Python version: 3.13.3 (tags/v3.13.3:6280bb5, Apr  8 2025, 14:47:33) [MSC v.1943 64 bit (AMD64)]
2025-06-10 14:23:11,350 [INFO] [app.py:73] - Operating System: win32
2025-06-10 14:23:11,350 [INFO] [app.py:74] - Working Directory: C:\Users\Bhavya\Desktop\PCCCCCCC\Buisness_scraper\web__scrapper
2025-06-10 14:23:11,628 [INFO] [app.py:1542] - Starting Yellow Pages scraping...
2025-06-10 14:23:11,628 [INFO] [yellowpages_scraper.py:75] - Setting up undetected-chromedriver...
2025-06-10 14:23:11,631 [INFO] [yellowpages_scraper.py:55] - Chrome executable found at: C:\Program Files\Google\Chrome\Application\chrome.exe
2025-06-10 14:23:11,900 [INFO] [yellowpages_scraper.py:66] - Detected Chrome version: 137.0.7151.69 (Major: 137)
2025-06-10 14:23:15,364 [INFO] [yellowpages_scraper.py:97] - Undetected-chromedriver is ready.
2025-06-10 14:23:15,365 [INFO] [yellowpages_scraper.py:548] - Navigating to page 1: https://www.yellowpages.com/search?search_terms=architect&geo_location_terms=Miami&page=1
2025-06-10 14:23:26,910 [INFO] [yellowpages_scraper.py:563] - Found 30 listings on page 1
2025-06-10 14:23:26,911 [INFO] [yellowpages_scraper.py:566] - Scraping business 1/30 on page 1
2025-06-10 14:23:27,153 [INFO] [yellowpages_scraper.py:214] - Scraping business website: http://www.arkidesign.com/
2025-06-10 14:23:27,888 [INFO] [yellowpages_scraper.py:566] - Scraping business 2/30 on page 1
2025-06-10 14:23:28,108 [INFO] [yellowpages_scraper.py:214] - Scraping business website: http://www.rrrgeneralcontractor.com/
2025-06-10 14:23:35,660 [ERROR] [yellowpages_scraper.py:255] - Error scraping website http://www.rrrgeneralcontractor.com/: invalid literal for int() with base 10: 'of '
2025-06-10 14:23:35,661 [INFO] [yellowpages_scraper.py:566] - Scraping business 3/30 on page 1
2025-06-10 14:23:35,852 [INFO] [yellowpages_scraper.py:214] - Scraping business website: http://www.veearch.com/
2025-06-10 14:23:36,158 [INFO] [yellowpages_scraper.py:566] - Scraping business 4/30 on page 1
2025-06-10 14:23:36,323 [INFO] [yellowpages_scraper.py:566] - Scraping business 5/30 on page 1
2025-06-10 14:23:36,559 [INFO] [yellowpages_scraper.py:214] - Scraping business website: http://gurrimatute.com/
2025-06-10 14:23:39,490 [INFO] [yellowpages_scraper.py:566] - Scraping business 6/30 on page 1
2025-06-10 14:23:39,679 [INFO] [yellowpages_scraper.py:566] - Scraping business 7/30 on page 1
2025-06-10 14:23:39,853 [INFO] [yellowpages_scraper.py:214] - Scraping business website: http://www.arcbuildersandgroup.com/
2025-06-10 14:23:43,062 [ERROR] [yellowpages_scraper.py:255] - Error scraping website http://www.arcbuildersandgroup.com/: invalid literal for int() with base 10: 'of '
2025-06-10 14:23:43,063 [INFO] [yellowpages_scraper.py:566] - Scraping business 8/30 on page 1
2025-06-10 14:23:43,242 [INFO] [yellowpages_scraper.py:214] - Scraping business website: http://vertexarchitecture.com/
2025-06-10 14:23:47,713 [INFO] [yellowpages_scraper.py:566] - Scraping business 9/30 on page 1
2025-06-10 14:23:47,910 [INFO] [yellowpages_scraper.py:566] - Scraping business 10/30 on page 1
2025-06-10 14:23:48,157 [INFO] [yellowpages_scraper.py:566] - Scraping business 11/30 on page 1
2025-06-10 14:23:48,337 [INFO] [yellowpages_scraper.py:566] - Scraping business 12/30 on page 1
2025-06-10 14:23:48,501 [INFO] [yellowpages_scraper.py:214] - Scraping business website: http://www.archinternational.com/contactus.html
2025-06-10 14:23:49,130 [WARNING] [yellowpages_scraper.py:249] - Error accessing website http://www.archinternational.com/contactus.html: 404 Client Error: Not Found for url: http://www.archinternational.com/contactus.html
2025-06-10 14:23:49,131 [INFO] [yellowpages_scraper.py:566] - Scraping business 13/30 on page 1
2025-06-10 14:23:49,383 [INFO] [yellowpages_scraper.py:214] - Scraping business website: https://www.trellescabarrocas.com/contact
2025-06-10 14:23:50,690 [INFO] [yellowpages_scraper.py:566] - Scraping business 14/30 on page 1
2025-06-10 14:23:50,878 [INFO] [yellowpages_scraper.py:566] - Scraping business 15/30 on page 1
2025-06-10 14:23:51,109 [INFO] [yellowpages_scraper.py:566] - Scraping business 16/30 on page 1
2025-06-10 14:23:51,274 [INFO] [yellowpages_scraper.py:214] - Scraping business website: http://www.suzannemartinson.com/contact.htm
2025-06-10 14:23:51,524 [INFO] [yellowpages_scraper.py:566] - Scraping business 17/30 on page 1
2025-06-10 14:23:51,698 [INFO] [yellowpages_scraper.py:214] - Scraping business website: http://www.landeraassociates.com/
2025-06-10 14:23:52,336 [INFO] [yellowpages_scraper.py:566] - Scraping business 18/30 on page 1
2025-06-10 14:23:52,499 [INFO] [yellowpages_scraper.py:214] - Scraping business website: http://jcdarchitect.com/
2025-06-10 14:23:54,843 [INFO] [yellowpages_scraper.py:566] - Scraping business 19/30 on page 1
2025-06-10 14:23:54,988 [INFO] [yellowpages_scraper.py:566] - Scraping business 20/30 on page 1
2025-06-10 14:23:55,151 [INFO] [yellowpages_scraper.py:214] - Scraping business website: http://www.beai.com/
2025-06-10 14:23:58,450 [INFO] [yellowpages_scraper.py:566] - Scraping business 21/30 on page 1
2025-06-10 14:23:58,616 [INFO] [yellowpages_scraper.py:214] - Scraping business website: http://www.staarchitecturalgroup.com/
2025-06-10 14:24:00,820 [INFO] [yellowpages_scraper.py:566] - Scraping business 22/30 on page 1
2025-06-10 14:24:01,043 [INFO] [yellowpages_scraper.py:214] - Scraping business website: http://oppenoffice.com/
2025-06-10 14:24:05,016 [INFO] [yellowpages_scraper.py:566] - Scraping business 23/30 on page 1
2025-06-10 14:24:05,209 [INFO] [yellowpages_scraper.py:214] - Scraping business website: http://architectureisblank.com/
2025-06-10 14:24:07,310 [INFO] [yellowpages_scraper.py:566] - Scraping business 24/30 on page 1
2025-06-10 14:24:07,492 [INFO] [yellowpages_scraper.py:214] - Scraping business website: http://www.strangarchitecture.com/
2025-06-10 14:24:09,293 [WARNING] [yellowpages_scraper.py:249] - Error accessing website http://www.strangarchitecture.com/: HTTPSConnectionPool(host='www.strangarchitecture.com', port=443): Max retries exceeded with url: / (Caused by SSLError(SSLCertVerificationError(1, "[SSL: CERTIFICATE_VERIFY_FAILED] certificate verify failed: Hostname mismatch, certificate is not valid for 'www.strangarchitecture.com'. (_ssl.c:1028)")))
2025-06-10 14:24:09,294 [INFO] [yellowpages_scraper.py:566] - Scraping business 25/30 on page 1
2025-06-10 14:24:09,457 [INFO] [yellowpages_scraper.py:214] - Scraping business website: http://bgarchitectspa.com/
2025-06-10 14:24:24,789 [WARNING] [yellowpages_scraper.py:249] - Error accessing website http://bgarchitectspa.com/: HTTPConnectionPool(host='bgarchitectspa.com', port=80): Read timed out. (read timeout=15)
2025-06-10 14:24:24,790 [INFO] [yellowpages_scraper.py:566] - Scraping business 26/30 on page 1
2025-06-10 14:24:24,960 [INFO] [yellowpages_scraper.py:566] - Scraping business 27/30 on page 1
2025-06-10 14:24:25,138 [INFO] [yellowpages_scraper.py:566] - Scraping business 28/30 on page 1
2025-06-10 14:24:25,330 [INFO] [yellowpages_scraper.py:214] - Scraping business website: http://hok4u.com/
2025-06-10 14:24:25,384 [WARNING] [yellowpages_scraper.py:249] - Error accessing website http://hok4u.com/: HTTPConnectionPool(host='hok4u.com', port=80): Max retries exceeded with url: / (Caused by NameResolutionError("<urllib3.connection.HTTPConnection object at 0x0000023187365370>: Failed to resolve 'hok4u.com' ([Errno 11001] getaddrinfo failed)"))
2025-06-10 14:24:25,385 [INFO] [yellowpages_scraper.py:566] - Scraping business 29/30 on page 1
2025-06-10 14:24:25,573 [INFO] [yellowpages_scraper.py:566] - Scraping business 30/30 on page 1
2025-06-10 14:24:30,348 [INFO] [yellowpages_scraper.py:548] - Navigating to page 2: https://www.yellowpages.com/search?search_terms=architect&geo_location_terms=Miami&page=2
2025-06-10 14:24:39,804 [INFO] [yellowpages_scraper.py:563] - Found 30 listings on page 2
2025-06-10 14:24:39,805 [INFO] [yellowpages_scraper.py:566] - Scraping business 1/30 on page 2
2025-06-10 14:24:39,976 [INFO] [yellowpages_scraper.py:214] - Scraping business website: http://www.giorgioballi.com/
2025-06-10 14:24:41,187 [WARNING] [yellowpages_scraper.py:249] - Error accessing website http://www.giorgioballi.com/: 500 Server Error: Internal Server Error for url: http://www.ballidesign.com
2025-06-10 14:24:41,189 [INFO] [yellowpages_scraper.py:566] - Scraping business 2/30 on page 2
2025-06-10 14:24:41,343 [INFO] [yellowpages_scraper.py:566] - Scraping business 3/30 on page 2
2025-06-10 14:24:41,509 [INFO] [yellowpages_scraper.py:566] - Scraping business 4/30 on page 2
2025-06-10 14:24:41,668 [INFO] [yellowpages_scraper.py:566] - Scraping business 5/30 on page 2
2025-06-10 14:24:41,880 [INFO] [yellowpages_scraper.py:566] - Scraping business 6/30 on page 2
2025-06-10 14:24:42,084 [INFO] [yellowpages_scraper.py:214] - Scraping business website: http://claroarchitecture.com/
2025-06-10 14:24:52,082 [INFO] [yellowpages_scraper.py:566] - Scraping business 7/30 on page 2
2025-06-10 14:24:52,330 [INFO] [yellowpages_scraper.py:214] - Scraping business website: http://www.metrostudio.com/
2025-06-10 14:24:53,932 [WARNING] [yellowpages_scraper.py:249] - Error accessing website http://www.metrostudio.com/: HTTPSConnectionPool(host='www.metrostudio.com', port=443): Max retries exceeded with url: / (Caused by SSLError(SSLCertVerificationError(1, "[SSL: CERTIFICATE_VERIFY_FAILED] certificate verify failed: Hostname mismatch, certificate is not valid for 'www.metrostudio.com'. (_ssl.c:1028)")))
2025-06-10 14:24:53,934 [INFO] [yellowpages_scraper.py:566] - Scraping business 8/30 on page 2
2025-06-10 14:24:54,172 [INFO] [yellowpages_scraper.py:214] - Scraping business website: http://miamipermits.com/
2025-06-10 14:24:55,240 [INFO] [yellowpages_scraper.py:566] - Scraping business 9/30 on page 2
2025-06-10 14:24:55,392 [INFO] [yellowpages_scraper.py:214] - Scraping business website: http://www.fernandezarchitecture.com/
2025-06-10 14:24:57,401 [INFO] [yellowpages_scraper.py:566] - Scraping business 10/30 on page 2
2025-06-10 14:24:57,607 [INFO] [yellowpages_scraper.py:214] - Scraping business website: http://fiestashowroom.com/
2025-06-10 14:25:00,499 [WARNING] [yellowpages_scraper.py:249] - Error accessing website http://fiestashowroom.com/: 403 Client Error: Forbidden for url: https://www.domaination.com/lander/fiestashowroom.com?domain=fiestashowroom.com&utm_source=fiestashowroom.com&utm_medium=click&utm_campaign=INlander&traffic_id=INlander&traffic_type=TDFS&redirect=ono-redirect
2025-06-10 14:25:00,502 [INFO] [yellowpages_scraper.py:566] - Scraping business 11/30 on page 2
2025-06-10 14:25:00,718 [INFO] [yellowpages_scraper.py:214] - Scraping business website: http://www.bapdesign.com/
2025-06-10 14:25:01,300 [INFO] [yellowpages_scraper.py:566] - Scraping business 12/30 on page 2
2025-06-10 14:25:01,504 [INFO] [yellowpages_scraper.py:214] - Scraping business website: https://www.pachecoarchitecture.com/
2025-06-10 14:25:04,048 [ERROR] [yellowpages_scraper.py:255] - Error scraping website https://www.pachecoarchitecture.com/: invalid literal for int() with base 10: 'of '
2025-06-10 14:25:04,050 [INFO] [yellowpages_scraper.py:566] - Scraping business 13/30 on page 2
2025-06-10 14:25:04,221 [INFO] [yellowpages_scraper.py:214] - Scraping business website: http://vertexarchitecture.com/
2025-06-10 14:25:08,391 [INFO] [yellowpages_scraper.py:566] - Scraping business 14/30 on page 2
2025-06-10 14:25:08,553 [INFO] [yellowpages_scraper.py:214] - Scraping business website: http://www.demandtarchitecture.com/
2025-06-10 14:25:11,441 [WARNING] [yellowpages_scraper.py:249] - Error accessing website http://www.demandtarchitecture.com/: 404 Client Error: Not Found for url: https://www.demandtarchitecture.com/
2025-06-10 14:25:11,442 [INFO] [yellowpages_scraper.py:566] - Scraping business 15/30 on page 2
2025-06-10 14:25:11,659 [INFO] [yellowpages_scraper.py:566] - Scraping business 16/30 on page 2
2025-06-10 14:25:11,818 [INFO] [yellowpages_scraper.py:214] - Scraping business website: http://www.kisinteriordesign.com/
2025-06-10 14:25:12,417 [INFO] [yellowpages_scraper.py:566] - Scraping business 17/30 on page 2
2025-06-10 14:25:12,572 [INFO] [yellowpages_scraper.py:214] - Scraping business website: http://www.o1architecture.com/
2025-06-10 14:25:14,442 [INFO] [yellowpages_scraper.py:566] - Scraping business 18/30 on page 2
2025-06-10 14:25:14,637 [INFO] [yellowpages_scraper.py:214] - Scraping business website: http://www.arquitectonica.com/
2025-06-10 14:25:18,009 [INFO] [yellowpages_scraper.py:566] - Scraping business 19/30 on page 2
2025-06-10 14:25:18,154 [INFO] [yellowpages_scraper.py:566] - Scraping business 20/30 on page 2
2025-06-10 14:25:18,312 [INFO] [yellowpages_scraper.py:566] - Scraping business 21/30 on page 2
2025-06-10 14:25:18,463 [INFO] [yellowpages_scraper.py:566] - Scraping business 22/30 on page 2
2025-06-10 14:25:18,679 [INFO] [yellowpages_scraper.py:214] - Scraping business website: http://www.ma-miami.com/
2025-06-10 14:25:19,679 [INFO] [yellowpages_scraper.py:566] - Scraping business 23/30 on page 2
2025-06-10 14:25:19,848 [INFO] [yellowpages_scraper.py:214] - Scraping business website: http://bbamiami.com/
2025-06-10 14:25:22,283 [INFO] [yellowpages_scraper.py:566] - Scraping business 24/30 on page 2
2025-06-10 14:25:22,444 [INFO] [yellowpages_scraper.py:566] - Scraping business 25/30 on page 2
2025-06-10 14:25:22,616 [INFO] [yellowpages_scraper.py:214] - Scraping business website: http://bbamiami.com/
2025-06-10 14:25:24,840 [INFO] [yellowpages_scraper.py:566] - Scraping business 26/30 on page 2
2025-06-10 14:25:25,111 [INFO] [yellowpages_scraper.py:214] - Scraping business website: https://cazogroup.com/
2025-06-10 14:25:25,338 [INFO] [yellowpages_scraper.py:566] - Scraping business 27/30 on page 2
2025-06-10 14:25:25,576 [INFO] [yellowpages_scraper.py:214] - Scraping business website: http://www.brileyarchitects.com/
2025-06-10 14:25:26,038 [INFO] [yellowpages_scraper.py:566] - Scraping business 28/30 on page 2
2025-06-10 14:25:26,219 [INFO] [yellowpages_scraper.py:214] - Scraping business website: http://www.wix.com/ynot53/tonyfernandezarchitect
2025-06-10 14:25:26,445 [WARNING] [yellowpages_scraper.py:249] - Error accessing website http://www.wix.com/ynot53/tonyfernandezarchitect: 404 Client Error: Not Found for url: http://www.wix.com/ynot53/tonyfernandezarchitect
2025-06-10 14:25:26,447 [INFO] [yellowpages_scraper.py:566] - Scraping business 29/30 on page 2
2025-06-10 14:25:26,621 [INFO] [yellowpages_scraper.py:214] - Scraping business website: https://www.g3arch.com/Our-Story
2025-06-10 14:25:27,264 [WARNING] [yellowpages_scraper.py:249] - Error accessing website https://www.g3arch.com/Our-Story: 404 Client Error: Not Found for url: https://www.g3arch.com/Our-Story
2025-06-10 14:25:27,266 [INFO] [yellowpages_scraper.py:566] - Scraping business 30/30 on page 2
2025-06-10 14:25:27,437 [INFO] [yellowpages_scraper.py:214] - Scraping business website: http://tewesdesign.com/
2025-06-10 14:25:34,495 [INFO] [yellowpages_scraper.py:548] - Navigating to page 3: https://www.yellowpages.com/search?search_terms=architect&geo_location_terms=Miami&page=3
2025-06-10 14:25:41,246 [INFO] [yellowpages_scraper.py:563] - Found 30 listings on page 3
2025-06-10 14:25:41,247 [INFO] [yellowpages_scraper.py:566] - Scraping business 1/30 on page 3
2025-06-10 14:25:41,420 [INFO] [yellowpages_scraper.py:214] - Scraping business website: http://calilarchitects.com/
2025-06-10 14:25:43,170 [INFO] [yellowpages_scraper.py:566] - Scraping business 2/30 on page 3
2025-06-10 14:25:43,346 [INFO] [yellowpages_scraper.py:214] - Scraping business website: https://www.schindlerarchitects.com/
2025-06-10 14:25:46,172 [ERROR] [yellowpages_scraper.py:255] - Error scraping website https://www.schindlerarchitects.com/: invalid literal for int() with base 10: 'of '
2025-06-10 14:25:46,173 [INFO] [yellowpages_scraper.py:566] - Scraping business 3/30 on page 3
2025-06-10 14:25:46,354 [INFO] [yellowpages_scraper.py:214] - Scraping business website: http://agdmiami.com/
2025-06-10 14:25:49,631 [INFO] [yellowpages_scraper.py:566] - Scraping business 4/30 on page 3
2025-06-10 14:25:49,814 [INFO] [yellowpages_scraper.py:214] - Scraping business website: http://www.oa-arch.com/contact-1
2025-06-10 14:25:51,665 [INFO] [yellowpages_scraper.py:566] - Scraping business 5/30 on page 3
2025-06-10 14:25:51,876 [INFO] [yellowpages_scraper.py:566] - Scraping business 6/30 on page 3
2025-06-10 14:25:52,060 [INFO] [yellowpages_scraper.py:566] - Scraping business 7/30 on page 3
2025-06-10 14:25:52,258 [INFO] [yellowpages_scraper.py:214] - Scraping business website: https://revuelta.com/
2025-06-10 14:25:53,913 [INFO] [yellowpages_scraper.py:566] - Scraping business 8/30 on page 3
2025-06-10 14:25:54,272 [INFO] [yellowpages_scraper.py:214] - Scraping business website: https://www.dblewisarchitect.com/contact
2025-06-10 14:25:55,034 [INFO] [yellowpages_scraper.py:566] - Scraping business 9/30 on page 3
2025-06-10 14:25:55,325 [INFO] [yellowpages_scraper.py:566] - Scraping business 10/30 on page 3
2025-06-10 14:25:55,483 [INFO] [yellowpages_scraper.py:566] - Scraping business 11/30 on page 3
2025-06-10 14:25:55,636 [INFO] [yellowpages_scraper.py:566] - Scraping business 12/30 on page 3
2025-06-10 14:25:55,794 [INFO] [yellowpages_scraper.py:566] - Scraping business 13/30 on page 3
2025-06-10 14:25:56,017 [INFO] [yellowpages_scraper.py:214] - Scraping business website: http://www.arquitectonica.com/
2025-06-10 14:25:59,537 [INFO] [yellowpages_scraper.py:566] - Scraping business 14/30 on page 3
2025-06-10 14:25:59,751 [INFO] [yellowpages_scraper.py:566] - Scraping business 15/30 on page 3
2025-06-10 14:26:00,057 [INFO] [yellowpages_scraper.py:214] - Scraping business website: http://n25.cc/
2025-06-10 14:26:01,106 [ERROR] [yellowpages_scraper.py:255] - Error scraping website http://n25.cc/: invalid literal for int() with base 10: 'of '
2025-06-10 14:26:01,107 [INFO] [yellowpages_scraper.py:566] - Scraping business 16/30 on page 3
2025-06-10 14:26:01,301 [INFO] [yellowpages_scraper.py:566] - Scraping business 17/30 on page 3
2025-06-10 14:26:01,504 [INFO] [yellowpages_scraper.py:566] - Scraping business 18/30 on page 3
2025-06-10 14:26:01,697 [INFO] [yellowpages_scraper.py:566] - Scraping business 19/30 on page 3
2025-06-10 14:26:01,951 [INFO] [yellowpages_scraper.py:214] - Scraping business website: https://www.salazararchitecturalgroup.com/
2025-06-10 14:26:03,251 [INFO] [yellowpages_scraper.py:566] - Scraping business 20/30 on page 3
2025-06-10 14:26:03,422 [INFO] [yellowpages_scraper.py:214] - Scraping business website: http://www.hntb.com/
2025-06-10 14:26:04,814 [INFO] [yellowpages_scraper.py:566] - Scraping business 21/30 on page 3
2025-06-10 14:26:05,003 [INFO] [yellowpages_scraper.py:566] - Scraping business 22/30 on page 3
2025-06-10 14:26:05,202 [INFO] [yellowpages_scraper.py:566] - Scraping business 23/30 on page 3
2025-06-10 14:26:05,396 [INFO] [yellowpages_scraper.py:214] - Scraping business website: https://www.urvanx.com/
2025-06-10 14:26:06,665 [INFO] [yellowpages_scraper.py:566] - Scraping business 24/30 on page 3
2025-06-10 14:26:06,863 [INFO] [yellowpages_scraper.py:566] - Scraping business 25/30 on page 3
2025-06-10 14:26:07,041 [INFO] [yellowpages_scraper.py:214] - Scraping business website: http://www.modisarchitects.com/contact
2025-06-10 14:26:11,568 [INFO] [yellowpages_scraper.py:566] - Scraping business 26/30 on page 3
2025-06-10 14:26:11,748 [INFO] [yellowpages_scraper.py:566] - Scraping business 27/30 on page 3
2025-06-10 14:26:11,998 [INFO] [yellowpages_scraper.py:214] - Scraping business website: https://www.gershengroup.com/
2025-06-10 14:26:15,354 [INFO] [yellowpages_scraper.py:566] - Scraping business 28/30 on page 3
2025-06-10 14:26:15,666 [INFO] [yellowpages_scraper.py:566] - Scraping business 29/30 on page 3
2025-06-10 14:26:15,885 [INFO] [yellowpages_scraper.py:566] - Scraping business 30/30 on page 3
2025-06-10 14:26:20,832 [INFO] [yellowpages_scraper.py:548] - Navigating to page 4: https://www.yellowpages.com/search?search_terms=architect&geo_location_terms=Miami&page=4
2025-06-10 14:26:26,854 [INFO] [yellowpages_scraper.py:563] - Found 30 listings on page 4
2025-06-10 14:26:26,855 [INFO] [yellowpages_scraper.py:566] - Scraping business 1/30 on page 4
2025-06-10 14:26:27,084 [INFO] [yellowpages_scraper.py:214] - Scraping business website: http://garciaghezziarchitects.com/
2025-06-10 14:26:29,152 [INFO] [yellowpages_scraper.py:566] - Scraping business 2/30 on page 4
2025-06-10 14:26:29,369 [INFO] [yellowpages_scraper.py:214] - Scraping business website: http://bellonmilanes.com/
2025-06-10 14:26:29,415 [WARNING] [yellowpages_scraper.py:249] - Error accessing website http://bellonmilanes.com/: HTTPConnectionPool(host='bellonmilanes.com', port=80): Max retries exceeded with url: / (Caused by NameResolutionError("<urllib3.connection.HTTPConnection object at 0x000002318569FCE0>: Failed to resolve 'bellonmilanes.com' ([Errno 11001] getaddrinfo failed)"))
2025-06-10 14:26:29,416 [INFO] [yellowpages_scraper.py:566] - Scraping business 3/30 on page 4
2025-06-10 14:26:29,604 [INFO] [yellowpages_scraper.py:566] - Scraping business 4/30 on page 4
2025-06-10 14:26:29,785 [INFO] [yellowpages_scraper.py:214] - Scraping business website: https://www.rvlarch.com/about
2025-06-10 14:26:32,358 [ERROR] [yellowpages_scraper.py:255] - Error scraping website https://www.rvlarch.com/about: invalid literal for int() with base 10: 'of '
2025-06-10 14:26:32,359 [INFO] [yellowpages_scraper.py:566] - Scraping business 5/30 on page 4
2025-06-10 14:26:32,568 [INFO] [yellowpages_scraper.py:214] - Scraping business website: https://offler.com/
2025-06-10 14:26:41,671 [INFO] [yellowpages_scraper.py:566] - Scraping business 6/30 on page 4
2025-06-10 14:26:41,826 [INFO] [yellowpages_scraper.py:566] - Scraping business 7/30 on page 4
2025-06-10 14:26:41,979 [INFO] [yellowpages_scraper.py:566] - Scraping business 8/30 on page 4
2025-06-10 14:26:42,126 [INFO] [yellowpages_scraper.py:214] - Scraping business website: http://alvarezmartialarts.com/
2025-06-10 14:26:42,196 [WARNING] [yellowpages_scraper.py:249] - Error accessing website http://alvarezmartialarts.com/: HTTPConnectionPool(host='alvarezmartialarts.com', port=80): Max retries exceeded with url: / (Caused by NameResolutionError("<urllib3.connection.HTTPConnection object at 0x00000231873649E0>: Failed to resolve 'alvarezmartialarts.com' ([Errno 11001] getaddrinfo failed)"))
2025-06-10 14:26:42,197 [INFO] [yellowpages_scraper.py:566] - Scraping business 9/30 on page 4
2025-06-10 14:26:42,343 [INFO] [yellowpages_scraper.py:566] - Scraping business 10/30 on page 4
2025-06-10 14:26:42,497 [INFO] [yellowpages_scraper.py:214] - Scraping business website: https://www.evolutionsgraphics.com/contact-us.html
2025-06-10 14:26:43,913 [INFO] [yellowpages_scraper.py:566] - Scraping business 11/30 on page 4
2025-06-10 14:26:44,073 [INFO] [yellowpages_scraper.py:214] - Scraping business website: https://rr-studios.com/contact-us
2025-06-10 14:26:47,607 [INFO] [yellowpages_scraper.py:566] - Scraping business 12/30 on page 4
2025-06-10 14:26:47,813 [INFO] [yellowpages_scraper.py:566] - Scraping business 13/30 on page 4
2025-06-10 14:26:47,961 [INFO] [yellowpages_scraper.py:566] - Scraping business 14/30 on page 4
2025-06-10 14:26:48,105 [INFO] [yellowpages_scraper.py:566] - Scraping business 15/30 on page 4
2025-06-10 14:26:48,288 [INFO] [yellowpages_scraper.py:214] - Scraping business website: https://www.beai.com/contact-2
2025-06-10 14:26:51,137 [INFO] [yellowpages_scraper.py:566] - Scraping business 16/30 on page 4
2025-06-10 14:26:51,293 [INFO] [yellowpages_scraper.py:566] - Scraping business 17/30 on page 4
2025-06-10 14:26:51,443 [INFO] [yellowpages_scraper.py:566] - Scraping business 18/30 on page 4
2025-06-10 14:26:51,600 [INFO] [yellowpages_scraper.py:214] - Scraping business website: http://renegonzalezarchitect.com/index.php?article_id=188&m=0px
2025-06-10 14:26:55,487 [INFO] [yellowpages_scraper.py:566] - Scraping business 19/30 on page 4
2025-06-10 14:26:55,639 [INFO] [yellowpages_scraper.py:566] - Scraping business 20/30 on page 4
2025-06-10 14:26:55,787 [INFO] [yellowpages_scraper.py:214] - Scraping business website: https://www.3designonline.com/
2025-06-10 14:26:57,302 [INFO] [yellowpages_scraper.py:566] - Scraping business 21/30 on page 4
2025-06-10 14:26:57,489 [INFO] [yellowpages_scraper.py:566] - Scraping business 22/30 on page 4
2025-06-10 14:26:57,686 [INFO] [yellowpages_scraper.py:214] - Scraping business website: https://www.gensler.com/offices/miami
2025-06-10 14:26:57,908 [INFO] [yellowpages_scraper.py:566] - Scraping business 23/30 on page 4
2025-06-10 14:26:58,104 [INFO] [yellowpages_scraper.py:214] - Scraping business website: https://wissenarchitectural.com/wissen3_004.htm
2025-06-10 14:26:59,243 [INFO] [yellowpages_scraper.py:566] - Scraping business 24/30 on page 4
2025-06-10 14:26:59,454 [INFO] [yellowpages_scraper.py:566] - Scraping business 25/30 on page 4
2025-06-10 14:26:59,747 [INFO] [yellowpages_scraper.py:214] - Scraping business website: http://kobikarp.com/
2025-06-10 14:27:00,472 [INFO] [yellowpages_scraper.py:566] - Scraping business 26/30 on page 4
2025-06-10 14:27:00,670 [INFO] [yellowpages_scraper.py:214] - Scraping business website: https://www.bmaarchitects.com/contact
2025-06-10 14:27:03,286 [INFO] [yellowpages_scraper.py:566] - Scraping business 27/30 on page 4
2025-06-10 14:27:03,542 [INFO] [yellowpages_scraper.py:214] - Scraping business website: https://www.dpz.com/contact
2025-06-10 14:27:09,483 [INFO] [yellowpages_scraper.py:566] - Scraping business 28/30 on page 4
2025-06-10 14:27:09,630 [INFO] [yellowpages_scraper.py:566] - Scraping business 29/30 on page 4
2025-06-10 14:27:09,779 [INFO] [yellowpages_scraper.py:566] - Scraping business 30/30 on page 4
2025-06-10 14:27:09,925 [INFO] [yellowpages_scraper.py:214] - Scraping business website: http://touzetstudio.com/
2025-06-10 14:27:17,556 [INFO] [yellowpages_scraper.py:583] - Scraping completed with 120 total results across 5 pages.
2025-06-10 14:27:17,558 [INFO] [yellowpages_scraper.py:591] - Scraping session ended.
2025-06-10 14:27:18,719 [ERROR] [app.py:1738] - Error during YellowPages scraping: name 'report' is not defined
