2025-06-09 19:13:00,553 [INFO] [app.py:70] - === Starting new scraping session ===
2025-06-09 19:13:00,554 [INFO] [app.py:71] - Python version: 3.13.3 (tags/v3.13.3:6280bb5, Apr  8 2025, 14:47:33) [MSC v.1943 64 bit (AMD64)]
2025-06-09 19:13:00,555 [INFO] [app.py:72] - Operating System: win32
2025-06-09 19:13:00,555 [INFO] [app.py:73] - Working Directory: C:\Users\Bhavya\Desktop\PCCCCCCC\Buisness_scraper\web__scrapper
2025-06-09 19:13:41,144 [INFO] [app.py:1495] - Starting Yellow Pages scraping...
2025-06-09 19:13:41,145 [INFO] [yellowpages_scraper.py:75] - Setting up undetected-chromedriver...
2025-06-09 19:13:41,146 [INFO] [yellowpages_scraper.py:55] - Chrome executable found at: C:\Program Files\Google\Chrome\Application\chrome.exe
2025-06-09 19:13:41,895 [INFO] [yellowpages_scraper.py:66] - Detected Chrome version: 137.0.7151.69 (Major: 137)
2025-06-09 19:13:48,674 [INFO] [yellowpages_scraper.py:97] - Undetected-chromedriver is ready.
2025-06-09 19:13:48,677 [INFO] [yellowpages_scraper.py:532] - Navigating to page 1: https://www.yellowpages.com/search?search_terms=architects&geo_location_terms=US&page=1
2025-06-09 19:13:56,451 [INFO] [yellowpages_scraper.py:547] - Found 30 listings on page 1
2025-06-09 19:13:56,452 [INFO] [yellowpages_scraper.py:550] - Scraping business 1/30 on page 1
2025-06-09 19:13:57,236 [INFO] [yellowpages_scraper.py:214] - Scraping business website: http://www.nbww.com/
2025-06-09 19:13:57,632 [WARNING] [yellowpages_scraper.py:249] - Error accessing website http://www.nbww.com/: 404 Client Error: Not Found for url: http://www.nbww.com/
2025-06-09 19:13:57,633 [INFO] [yellowpages_scraper.py:550] - Scraping business 2/30 on page 1
2025-06-09 19:13:58,416 [INFO] [yellowpages_scraper.py:550] - Scraping business 3/30 on page 1
2025-06-09 19:13:58,705 [INFO] [yellowpages_scraper.py:550] - Scraping business 4/30 on page 1
2025-06-09 19:13:58,956 [INFO] [yellowpages_scraper.py:214] - Scraping business website: http://claroarchitecture.com/
2025-06-09 19:14:12,924 [INFO] [yellowpages_scraper.py:550] - Scraping business 5/30 on page 1
2025-06-09 19:14:13,174 [INFO] [yellowpages_scraper.py:214] - Scraping business website: http://www.rrrgeneralcontractor.com/
2025-06-09 19:14:19,988 [ERROR] [yellowpages_scraper.py:255] - Error scraping website http://www.rrrgeneralcontractor.com/: invalid literal for int() with base 10: 'of '
2025-06-09 19:14:19,989 [INFO] [yellowpages_scraper.py:550] - Scraping business 6/30 on page 1
2025-06-09 19:14:20,319 [INFO] [yellowpages_scraper.py:214] - Scraping business website: http://roomzoom.com/
2025-06-09 19:14:21,401 [INFO] [yellowpages_scraper.py:550] - Scraping business 7/30 on page 1
2025-06-09 19:14:21,790 [INFO] [yellowpages_scraper.py:214] - Scraping business website: http://alvarezmartialarts.com/
2025-06-09 19:14:21,905 [WARNING] [yellowpages_scraper.py:249] - Error accessing website http://alvarezmartialarts.com/: HTTPConnectionPool(host='alvarezmartialarts.com', port=80): Max retries exceeded with url: / (Caused by NameResolutionError("<urllib3.connection.HTTPConnection object at 0x000001EA60D8C950>: Failed to resolve 'alvarezmartialarts.com' ([Errno 11001] getaddrinfo failed)"))
2025-06-09 19:14:21,907 [INFO] [yellowpages_scraper.py:550] - Scraping business 8/30 on page 1
2025-06-09 19:14:22,299 [INFO] [yellowpages_scraper.py:214] - Scraping business website: https://offler.com/
2025-06-09 19:14:37,871 [INFO] [yellowpages_scraper.py:550] - Scraping business 9/30 on page 1
2025-06-09 19:14:38,083 [INFO] [yellowpages_scraper.py:214] - Scraping business website: https://www.rvlarch.com/about
2025-06-09 19:14:40,803 [ERROR] [yellowpages_scraper.py:255] - Error scraping website https://www.rvlarch.com/about: invalid literal for int() with base 10: 'of '
2025-06-09 19:14:40,804 [INFO] [yellowpages_scraper.py:550] - Scraping business 10/30 on page 1
2025-06-09 19:14:41,039 [INFO] [yellowpages_scraper.py:550] - Scraping business 11/30 on page 1
2025-06-09 19:14:41,248 [INFO] [yellowpages_scraper.py:550] - Scraping business 12/30 on page 1
2025-06-09 19:14:41,487 [INFO] [yellowpages_scraper.py:214] - Scraping business website: http://bellonmilanes.com/
2025-06-09 19:14:41,564 [WARNING] [yellowpages_scraper.py:249] - Error accessing website http://bellonmilanes.com/: HTTPConnectionPool(host='bellonmilanes.com', port=80): Max retries exceeded with url: / (Caused by NameResolutionError("<urllib3.connection.HTTPConnection object at 0x000001EA61909040>: Failed to resolve 'bellonmilanes.com' ([Errno 11001] getaddrinfo failed)"))
2025-06-09 19:14:41,565 [INFO] [yellowpages_scraper.py:550] - Scraping business 13/30 on page 1
2025-06-09 19:14:41,779 [INFO] [yellowpages_scraper.py:550] - Scraping business 14/30 on page 1
2025-06-09 19:14:42,011 [INFO] [yellowpages_scraper.py:214] - Scraping business website: http://garciaghezziarchitects.com/
2025-06-09 19:14:51,293 [INFO] [yellowpages_scraper.py:550] - Scraping business 15/30 on page 1
2025-06-09 19:14:51,555 [INFO] [yellowpages_scraper.py:214] - Scraping business website: http://siegersuarez.com/
2025-06-09 19:14:52,378 [INFO] [yellowpages_scraper.py:550] - Scraping business 16/30 on page 1
2025-06-09 19:14:52,617 [INFO] [yellowpages_scraper.py:214] - Scraping business website: http://www.paredesarchitects.com/
2025-06-09 19:14:54,382 [INFO] [yellowpages_scraper.py:550] - Scraping business 17/30 on page 1
2025-06-09 19:14:54,657 [INFO] [yellowpages_scraper.py:550] - Scraping business 18/30 on page 1
2025-06-09 19:14:54,934 [INFO] [yellowpages_scraper.py:214] - Scraping business website: https://sebastianeilert.com/
2025-06-09 19:14:55,617 [INFO] [yellowpages_scraper.py:550] - Scraping business 19/30 on page 1
2025-06-09 19:14:55,840 [INFO] [yellowpages_scraper.py:550] - Scraping business 20/30 on page 1
2025-06-09 19:14:56,057 [INFO] [yellowpages_scraper.py:550] - Scraping business 21/30 on page 1
2025-06-09 19:14:56,437 [INFO] [yellowpages_scraper.py:550] - Scraping business 22/30 on page 1
2025-06-09 19:14:56,716 [INFO] [yellowpages_scraper.py:214] - Scraping business website: http://engineerunner.com/
2025-06-09 19:14:57,504 [INFO] [yellowpages_scraper.py:550] - Scraping business 23/30 on page 1
2025-06-09 19:14:57,837 [INFO] [yellowpages_scraper.py:214] - Scraping business website: http://towingrus.com/
2025-06-09 19:14:58,248 [INFO] [yellowpages_scraper.py:550] - Scraping business 24/30 on page 1
2025-06-09 19:14:58,450 [INFO] [yellowpages_scraper.py:214] - Scraping business website: http://v3architecturalgroup.com/
2025-06-09 19:15:01,790 [INFO] [yellowpages_scraper.py:550] - Scraping business 25/30 on page 1
2025-06-09 19:15:02,026 [INFO] [yellowpages_scraper.py:214] - Scraping business website: http://bellonmilanes.com/
2025-06-09 19:15:02,159 [WARNING] [yellowpages_scraper.py:249] - Error accessing website http://bellonmilanes.com/: HTTPConnectionPool(host='bellonmilanes.com', port=80): Max retries exceeded with url: / (Caused by NameResolutionError("<urllib3.connection.HTTPConnection object at 0x000001EA5FC77CE0>: Failed to resolve 'bellonmilanes.com' ([Errno 11001] getaddrinfo failed)"))
2025-06-09 19:15:02,163 [INFO] [yellowpages_scraper.py:550] - Scraping business 26/30 on page 1
2025-06-09 19:15:02,589 [INFO] [yellowpages_scraper.py:550] - Scraping business 27/30 on page 1
2025-06-09 19:15:02,880 [INFO] [yellowpages_scraper.py:214] - Scraping business website: http://www.metrostudio.com/
2025-06-09 19:15:05,470 [WARNING] [yellowpages_scraper.py:249] - Error accessing website http://www.metrostudio.com/: HTTPSConnectionPool(host='www.metrostudio.com', port=443): Max retries exceeded with url: / (Caused by SSLError(SSLCertVerificationError(1, "[SSL: CERTIFICATE_VERIFY_FAILED] certificate verify failed: Hostname mismatch, certificate is not valid for 'www.metrostudio.com'. (_ssl.c:1028)")))
2025-06-09 19:15:05,471 [INFO] [yellowpages_scraper.py:550] - Scraping business 28/30 on page 1
2025-06-09 19:15:05,702 [INFO] [yellowpages_scraper.py:550] - Scraping business 29/30 on page 1
2025-06-09 19:15:05,905 [INFO] [yellowpages_scraper.py:214] - Scraping business website: http://www.openbuildingpermits.com/
2025-06-09 19:15:20,975 [WARNING] [yellowpages_scraper.py:249] - Error accessing website http://www.openbuildingpermits.com/: HTTPConnectionPool(host='www.openbuildingpermits.com', port=80): Max retries exceeded with url: / (Caused by ConnectTimeoutError(<urllib3.connection.HTTPConnection object at 0x000001EA61908490>, 'Connection to www.openbuildingpermits.com timed out. (connect timeout=15)'))
2025-06-09 19:15:20,981 [INFO] [yellowpages_scraper.py:550] - Scraping business 30/30 on page 1
2025-06-09 19:15:24,454 [INFO] [yellowpages_scraper.py:532] - Navigating to page 2: https://www.yellowpages.com/search?search_terms=architects&geo_location_terms=US&page=2
2025-06-09 19:15:30,016 [INFO] [yellowpages_scraper.py:547] - Found 30 listings on page 2
2025-06-09 19:15:30,017 [INFO] [yellowpages_scraper.py:550] - Scraping business 1/30 on page 2
2025-06-09 19:15:30,226 [INFO] [yellowpages_scraper.py:550] - Scraping business 2/30 on page 2
2025-06-09 19:15:30,454 [INFO] [yellowpages_scraper.py:550] - Scraping business 3/30 on page 2
2025-06-09 19:15:30,650 [INFO] [yellowpages_scraper.py:550] - Scraping business 4/30 on page 2
2025-06-09 19:15:30,871 [INFO] [yellowpages_scraper.py:214] - Scraping business website: http://elamiami.com/
2025-06-09 19:15:31,971 [INFO] [yellowpages_scraper.py:550] - Scraping business 5/30 on page 2
2025-06-09 19:15:32,234 [INFO] [yellowpages_scraper.py:550] - Scraping business 6/30 on page 2
2025-06-09 19:15:32,467 [INFO] [yellowpages_scraper.py:214] - Scraping business website: http://www.demandtarchitecture.com/
2025-06-09 19:15:47,468 [WARNING] [yellowpages_scraper.py:249] - Error accessing website http://www.demandtarchitecture.com/: HTTPConnectionPool(host='www.demandtarchitecture.com', port=80): Max retries exceeded with url: / (Caused by ConnectTimeoutError(<urllib3.connection.HTTPConnection object at 0x000001EA5FC77F00>, 'Connection to www.demandtarchitecture.com timed out. (connect timeout=15)'))
2025-06-09 19:15:47,469 [INFO] [yellowpages_scraper.py:550] - Scraping business 7/30 on page 2
2025-06-09 19:15:47,680 [INFO] [yellowpages_scraper.py:550] - Scraping business 8/30 on page 2
2025-06-09 19:15:47,825 [INFO] [yellowpages_scraper.py:214] - Scraping business website: http://www.nuryferia.com/
2025-06-09 19:15:49,300 [INFO] [yellowpages_scraper.py:550] - Scraping business 9/30 on page 2
2025-06-09 19:15:49,851 [INFO] [yellowpages_scraper.py:550] - Scraping business 10/30 on page 2
2025-06-09 19:15:50,108 [INFO] [yellowpages_scraper.py:550] - Scraping business 11/30 on page 2
2025-06-09 19:15:50,741 [INFO] [yellowpages_scraper.py:214] - Scraping business website: http://whadesign.com/
2025-06-09 19:15:51,232 [WARNING] [yellowpages_scraper.py:249] - Error accessing website http://whadesign.com/: ('Connection aborted.', ConnectionResetError(10054, 'An existing connection was forcibly closed by the remote host', None, 10054, None))
2025-06-09 19:15:51,233 [INFO] [yellowpages_scraper.py:550] - Scraping business 12/30 on page 2
2025-06-09 19:15:51,720 [INFO] [yellowpages_scraper.py:214] - Scraping business website: https://www.whadesign.com/
2025-06-09 19:15:52,894 [WARNING] [yellowpages_scraper.py:249] - Error accessing website https://www.whadesign.com/: ('Connection aborted.', ConnectionResetError(10054, 'An existing connection was forcibly closed by the remote host', None, 10054, None))
2025-06-09 19:15:52,898 [INFO] [yellowpages_scraper.py:550] - Scraping business 13/30 on page 2
2025-06-09 19:15:53,455 [INFO] [yellowpages_scraper.py:550] - Scraping business 14/30 on page 2
2025-06-09 19:15:53,739 [INFO] [yellowpages_scraper.py:550] - Scraping business 15/30 on page 2
2025-06-09 19:15:54,562 [INFO] [yellowpages_scraper.py:550] - Scraping business 16/30 on page 2
2025-06-09 19:15:55,153 [INFO] [yellowpages_scraper.py:550] - Scraping business 17/30 on page 2
2025-06-09 19:15:55,571 [INFO] [yellowpages_scraper.py:550] - Scraping business 18/30 on page 2
2025-06-09 19:15:56,001 [INFO] [yellowpages_scraper.py:550] - Scraping business 19/30 on page 2
2025-06-09 19:15:56,539 [INFO] [yellowpages_scraper.py:214] - Scraping business website: http://floridasturnpike.com/
2025-06-09 19:15:57,924 [INFO] [yellowpages_scraper.py:550] - Scraping business 20/30 on page 2
2025-06-09 19:15:58,136 [INFO] [yellowpages_scraper.py:214] - Scraping business website: http://www.lckaiainc.com/
2025-06-09 19:15:58,392 [INFO] [yellowpages_scraper.py:550] - Scraping business 21/30 on page 2
2025-06-09 19:15:58,578 [INFO] [yellowpages_scraper.py:550] - Scraping business 22/30 on page 2
2025-06-09 19:15:58,728 [INFO] [yellowpages_scraper.py:550] - Scraping business 23/30 on page 2
2025-06-09 19:15:58,912 [INFO] [yellowpages_scraper.py:550] - Scraping business 24/30 on page 2
2025-06-09 19:15:59,092 [INFO] [yellowpages_scraper.py:550] - Scraping business 25/30 on page 2
2025-06-09 19:15:59,240 [INFO] [yellowpages_scraper.py:214] - Scraping business website: http://nextgenmiami.com/
2025-06-09 19:16:01,322 [INFO] [yellowpages_scraper.py:550] - Scraping business 26/30 on page 2
2025-06-09 19:16:01,744 [INFO] [yellowpages_scraper.py:550] - Scraping business 27/30 on page 2
2025-06-09 19:16:01,895 [INFO] [yellowpages_scraper.py:550] - Scraping business 28/30 on page 2
2025-06-09 19:16:02,093 [INFO] [yellowpages_scraper.py:214] - Scraping business website: https://christophercawley.com/
2025-06-09 19:16:05,115 [INFO] [yellowpages_scraper.py:550] - Scraping business 29/30 on page 2
2025-06-09 19:16:05,372 [INFO] [yellowpages_scraper.py:550] - Scraping business 30/30 on page 2
2025-06-09 19:16:09,378 [INFO] [yellowpages_scraper.py:532] - Navigating to page 3: https://www.yellowpages.com/search?search_terms=architects&geo_location_terms=US&page=3
2025-06-09 19:16:15,013 [INFO] [yellowpages_scraper.py:547] - Found 30 listings on page 3
2025-06-09 19:16:15,013 [INFO] [yellowpages_scraper.py:550] - Scraping business 1/30 on page 3
2025-06-09 19:16:15,198 [INFO] [yellowpages_scraper.py:550] - Scraping business 2/30 on page 3
2025-06-09 19:16:15,386 [INFO] [yellowpages_scraper.py:550] - Scraping business 3/30 on page 3
2025-06-09 19:16:15,564 [INFO] [yellowpages_scraper.py:550] - Scraping business 4/30 on page 3
2025-06-09 19:16:15,749 [INFO] [yellowpages_scraper.py:214] - Scraping business website: https://architect1.com/
2025-06-09 19:16:17,653 [INFO] [yellowpages_scraper.py:550] - Scraping business 5/30 on page 3
2025-06-09 19:16:17,882 [INFO] [yellowpages_scraper.py:550] - Scraping business 6/30 on page 3
2025-06-09 19:16:18,105 [INFO] [yellowpages_scraper.py:214] - Scraping business website: http://archcollab.com/
2025-06-09 19:16:49,156 [WARNING] [yellowpages_scraper.py:249] - Error accessing website http://archcollab.com/: HTTPSConnectionPool(host='www.archcollab.com', port=443): Read timed out. (read timeout=15)
2025-06-09 19:16:49,159 [INFO] [yellowpages_scraper.py:550] - Scraping business 7/30 on page 3
2025-06-09 19:16:49,432 [INFO] [yellowpages_scraper.py:550] - Scraping business 8/30 on page 3
2025-06-09 19:16:49,781 [INFO] [yellowpages_scraper.py:550] - Scraping business 9/30 on page 3
2025-06-09 19:16:49,948 [INFO] [yellowpages_scraper.py:550] - Scraping business 10/30 on page 3
2025-06-09 19:16:50,100 [INFO] [yellowpages_scraper.py:550] - Scraping business 11/30 on page 3
2025-06-09 19:16:50,295 [INFO] [yellowpages_scraper.py:550] - Scraping business 12/30 on page 3
2025-06-09 19:16:50,488 [INFO] [yellowpages_scraper.py:214] - Scraping business website: https://meridiandesign.com/
2025-06-09 19:16:50,871 [WARNING] [yellowpages_scraper.py:249] - Error accessing website https://meridiandesign.com/: 403 Client Error: Forbidden for url: https://meridiandesign.com/
2025-06-09 19:16:50,872 [INFO] [yellowpages_scraper.py:550] - Scraping business 13/30 on page 3
2025-06-09 19:16:51,094 [INFO] [yellowpages_scraper.py:214] - Scraping business website: http://www.mateuarchitecture.com/
2025-06-09 19:16:54,499 [INFO] [yellowpages_scraper.py:550] - Scraping business 14/30 on page 3
2025-06-09 19:16:54,722 [INFO] [yellowpages_scraper.py:550] - Scraping business 15/30 on page 3
2025-06-09 19:16:54,983 [INFO] [yellowpages_scraper.py:550] - Scraping business 16/30 on page 3
2025-06-09 19:16:55,237 [INFO] [yellowpages_scraper.py:550] - Scraping business 17/30 on page 3
2025-06-09 19:16:55,486 [INFO] [yellowpages_scraper.py:214] - Scraping business website: http://vertexarchitecture.com/
2025-06-09 19:17:01,963 [INFO] [yellowpages_scraper.py:550] - Scraping business 18/30 on page 3
2025-06-09 19:17:02,189 [INFO] [yellowpages_scraper.py:214] - Scraping business website: http://www.arcbuildersandgroup.com/
2025-06-09 19:17:07,820 [ERROR] [yellowpages_scraper.py:255] - Error scraping website http://www.arcbuildersandgroup.com/: invalid literal for int() with base 10: 'of '
2025-06-09 19:17:07,821 [INFO] [yellowpages_scraper.py:550] - Scraping business 19/30 on page 3
2025-06-09 19:17:08,051 [INFO] [yellowpages_scraper.py:214] - Scraping business website: http://www.landeraassociates.com/
2025-06-09 19:17:08,918 [INFO] [yellowpages_scraper.py:550] - Scraping business 20/30 on page 3
2025-06-09 19:17:09,140 [INFO] [yellowpages_scraper.py:214] - Scraping business website: http://www.paredesarchitects.com/
2025-06-09 19:17:11,544 [INFO] [yellowpages_scraper.py:550] - Scraping business 21/30 on page 3
2025-06-09 19:17:11,754 [INFO] [yellowpages_scraper.py:550] - Scraping business 22/30 on page 3
2025-06-09 19:17:11,981 [INFO] [yellowpages_scraper.py:214] - Scraping business website: https://www.gershengroup.com/
2025-06-09 19:17:15,538 [INFO] [yellowpages_scraper.py:550] - Scraping business 23/30 on page 3
2025-06-09 19:17:15,733 [INFO] [yellowpages_scraper.py:550] - Scraping business 24/30 on page 3
2025-06-09 19:17:15,932 [INFO] [yellowpages_scraper.py:550] - Scraping business 25/30 on page 3
2025-06-09 19:17:16,137 [INFO] [yellowpages_scraper.py:214] - Scraping business website: http://vertexarchitecture.com/
2025-06-09 19:17:19,621 [INFO] [yellowpages_scraper.py:550] - Scraping business 26/30 on page 3
2025-06-09 19:17:19,852 [INFO] [yellowpages_scraper.py:214] - Scraping business website: http://www.jas-architects.com/
2025-06-09 19:17:20,503 [INFO] [yellowpages_scraper.py:550] - Scraping business 27/30 on page 3
2025-06-09 19:17:20,741 [INFO] [yellowpages_scraper.py:550] - Scraping business 28/30 on page 3
2025-06-09 19:17:20,972 [INFO] [yellowpages_scraper.py:550] - Scraping business 29/30 on page 3
2025-06-09 19:17:21,191 [INFO] [yellowpages_scraper.py:550] - Scraping business 30/30 on page 3
2025-06-09 19:17:24,993 [INFO] [yellowpages_scraper.py:532] - Navigating to page 4: https://www.yellowpages.com/search?search_terms=architects&geo_location_terms=US&page=4
2025-06-09 19:17:30,569 [INFO] [yellowpages_scraper.py:547] - Found 30 listings on page 4
2025-06-09 19:17:30,570 [INFO] [yellowpages_scraper.py:550] - Scraping business 1/30 on page 4
2025-06-09 19:17:30,801 [INFO] [yellowpages_scraper.py:550] - Scraping business 2/30 on page 4
2025-06-09 19:17:31,033 [INFO] [yellowpages_scraper.py:214] - Scraping business website: http://imagenarchitects.com/
2025-06-09 19:17:34,087 [INFO] [yellowpages_scraper.py:550] - Scraping business 3/30 on page 4
2025-06-09 19:17:34,330 [INFO] [yellowpages_scraper.py:550] - Scraping business 4/30 on page 4
2025-06-09 19:17:34,542 [INFO] [yellowpages_scraper.py:550] - Scraping business 5/30 on page 4
2025-06-09 19:17:34,751 [INFO] [yellowpages_scraper.py:550] - Scraping business 6/30 on page 4
2025-06-09 19:17:34,942 [INFO] [yellowpages_scraper.py:550] - Scraping business 7/30 on page 4
2025-06-09 19:17:35,171 [INFO] [yellowpages_scraper.py:550] - Scraping business 8/30 on page 4
2025-06-09 19:17:35,381 [INFO] [yellowpages_scraper.py:550] - Scraping business 9/30 on page 4
2025-06-09 19:17:35,582 [INFO] [yellowpages_scraper.py:214] - Scraping business website: http://sol-arch.com/contact
2025-06-09 19:17:41,285 [INFO] [yellowpages_scraper.py:550] - Scraping business 10/30 on page 4
2025-06-09 19:17:41,549 [INFO] [yellowpages_scraper.py:550] - Scraping business 11/30 on page 4
2025-06-09 19:17:41,823 [INFO] [yellowpages_scraper.py:214] - Scraping business website: https://www.msaarchitectsinc.com/locations-1
2025-06-09 19:17:44,367 [WARNING] [yellowpages_scraper.py:249] - Error accessing website https://www.msaarchitectsinc.com/locations-1: 404 Client Error: Not Found for url: https://www.msaarchitectsinc.com/locations-1
2025-06-09 19:17:44,369 [INFO] [yellowpages_scraper.py:550] - Scraping business 12/30 on page 4
2025-06-09 19:17:44,559 [INFO] [yellowpages_scraper.py:214] - Scraping business website: https://www.hfarchitect.net/
2025-06-09 19:17:45,131 [INFO] [yellowpages_scraper.py:550] - Scraping business 13/30 on page 4
2025-06-09 19:17:45,333 [INFO] [yellowpages_scraper.py:214] - Scraping business website: https://www.elmarchmiami.com/contact.html
2025-06-09 19:17:46,266 [WARNING] [yellowpages_scraper.py:249] - Error accessing website https://www.elmarchmiami.com/contact.html: 404 Client Error: Not Found for url: https://www.elmarchmiami.com/contact.html
2025-06-09 19:17:46,267 [INFO] [yellowpages_scraper.py:550] - Scraping business 14/30 on page 4
2025-06-09 19:17:46,420 [INFO] [yellowpages_scraper.py:550] - Scraping business 15/30 on page 4
2025-06-09 19:17:46,610 [INFO] [yellowpages_scraper.py:550] - Scraping business 16/30 on page 4
2025-06-09 19:17:46,783 [INFO] [yellowpages_scraper.py:550] - Scraping business 17/30 on page 4
2025-06-09 19:17:46,932 [INFO] [yellowpages_scraper.py:550] - Scraping business 18/30 on page 4
2025-06-09 19:17:47,124 [INFO] [yellowpages_scraper.py:214] - Scraping business website: https://www.figureh.com/
2025-06-09 19:17:48,633 [INFO] [yellowpages_scraper.py:550] - Scraping business 19/30 on page 4
2025-06-09 19:17:48,903 [INFO] [yellowpages_scraper.py:214] - Scraping business website: http://elmarchmiami.com/
2025-06-09 19:17:50,865 [INFO] [yellowpages_scraper.py:550] - Scraping business 20/30 on page 4
2025-06-09 19:17:51,252 [INFO] [yellowpages_scraper.py:214] - Scraping business website: http://claroarchitecture.com/
2025-06-09 19:18:03,351 [INFO] [yellowpages_scraper.py:550] - Scraping business 21/30 on page 4
2025-06-09 19:18:03,773 [INFO] [yellowpages_scraper.py:550] - Scraping business 22/30 on page 4
2025-06-09 19:18:04,405 [INFO] [yellowpages_scraper.py:214] - Scraping business website: http://www.richardcortesarchitects.com/
2025-06-09 19:18:07,869 [INFO] [yellowpages_scraper.py:550] - Scraping business 23/30 on page 4
2025-06-09 19:18:08,095 [INFO] [yellowpages_scraper.py:214] - Scraping business website: http://www.jas-architects.com/contact.html
2025-06-09 19:18:10,300 [INFO] [yellowpages_scraper.py:550] - Scraping business 24/30 on page 4
2025-06-09 19:18:10,518 [INFO] [yellowpages_scraper.py:550] - Scraping business 25/30 on page 4
2025-06-09 19:18:10,720 [INFO] [yellowpages_scraper.py:214] - Scraping business website: http://www.sblm.com/
2025-06-09 19:18:14,138 [INFO] [yellowpages_scraper.py:550] - Scraping business 26/30 on page 4
2025-06-09 19:18:14,355 [INFO] [yellowpages_scraper.py:214] - Scraping business website: http://www.themiamiarchitect.com/
2025-06-09 19:18:17,554 [INFO] [yellowpages_scraper.py:550] - Scraping business 27/30 on page 4
2025-06-09 19:18:17,783 [INFO] [yellowpages_scraper.py:550] - Scraping business 28/30 on page 4
2025-06-09 19:18:18,033 [INFO] [yellowpages_scraper.py:550] - Scraping business 29/30 on page 4
2025-06-09 19:18:18,262 [INFO] [yellowpages_scraper.py:550] - Scraping business 30/30 on page 4
2025-06-09 19:18:18,483 [INFO] [yellowpages_scraper.py:214] - Scraping business website: https://www.trellescabarrocas.com/contact
2025-06-09 19:18:23,889 [INFO] [yellowpages_scraper.py:567] - Scraping completed with 120 total results across 5 pages.
2025-06-09 19:18:23,889 [INFO] [yellowpages_scraper.py:575] - Scraping session ended.
2025-06-09 19:18:25,616 [INFO] [app.py:1580] - Results saved to Excel file: downloads\yellowpages_results_20250609_191824.xlsx
2025-06-09 19:18:27,114 [INFO] [app.py:1239] - Sending Excel file: downloads\yellowpages_results_20250609_191824.xlsx
