2025-06-10 15:06:22,410 [INFO] [app.py:71] - === Starting new scraping session ===
2025-06-10 15:06:22,411 [INFO] [app.py:72] - Python version: 3.13.3 (tags/v3.13.3:6280bb5, Apr  8 2025, 14:47:33) [MSC v.1943 64 bit (AMD64)]
2025-06-10 15:06:22,411 [INFO] [app.py:73] - Operating System: win32
2025-06-10 15:06:22,412 [INFO] [app.py:74] - Working Directory: C:\Users\Bhavya\Desktop\PCCCCCCC\Buisness_scraper\web__scrapper
2025-06-10 15:17:58,752 [INFO] [app.py:1504] - Starting Yellow Pages scraping with minimum rating: 0.0...
2025-06-10 15:17:58,752 [INFO] [yellowpages_scraper.py:75] - Setting up undetected-chromedriver...
2025-06-10 15:17:58,753 [INFO] [yellowpages_scraper.py:55] - Chrome executable found at: C:\Program Files\Google\Chrome\Application\chrome.exe
2025-06-10 15:17:59,126 [INFO] [yellowpages_scraper.py:66] - Detected Chrome version: 137.0.7151.69 (Major: 137)
2025-06-10 15:18:04,053 [INFO] [yellowpages_scraper.py:97] - Undetected-chromedriver is ready.
2025-06-10 15:18:04,054 [INFO] [yellowpages_scraper.py:548] - Navigating to page 1: https://www.yellowpages.com/search?search_terms=architect&geo_location_terms=US&page=1
2025-06-10 15:18:11,900 [INFO] [yellowpages_scraper.py:563] - Found 30 listings on page 1
2025-06-10 15:18:11,901 [INFO] [yellowpages_scraper.py:566] - Scraping business 1/30 on page 1
2025-06-10 15:18:12,167 [INFO] [yellowpages_scraper.py:214] - Scraping business website: http://www.nbww.com/
2025-06-10 15:18:12,669 [WARNING] [yellowpages_scraper.py:249] - Error accessing website http://www.nbww.com/: 404 Client Error: Not Found for url: http://www.nbww.com/
2025-06-10 15:18:12,670 [INFO] [yellowpages_scraper.py:566] - Scraping business 2/30 on page 1
2025-06-10 15:18:12,826 [INFO] [yellowpages_scraper.py:566] - Scraping business 3/30 on page 1
2025-06-10 15:18:12,977 [INFO] [yellowpages_scraper.py:566] - Scraping business 4/30 on page 1
2025-06-10 15:18:13,131 [INFO] [yellowpages_scraper.py:214] - Scraping business website: http://claroarchitecture.com/
2025-06-10 15:18:23,979 [INFO] [yellowpages_scraper.py:566] - Scraping business 5/30 on page 1
2025-06-10 15:18:24,166 [INFO] [yellowpages_scraper.py:214] - Scraping business website: http://www.rrrgeneralcontractor.com/
2025-06-10 15:18:31,268 [ERROR] [yellowpages_scraper.py:255] - Error scraping website http://www.rrrgeneralcontractor.com/: invalid literal for int() with base 10: 'of '
2025-06-10 15:18:31,269 [INFO] [yellowpages_scraper.py:566] - Scraping business 6/30 on page 1
2025-06-10 15:18:31,438 [INFO] [yellowpages_scraper.py:214] - Scraping business website: http://roomzoom.com/
2025-06-10 15:18:32,750 [INFO] [yellowpages_scraper.py:566] - Scraping business 7/30 on page 1
2025-06-10 15:18:32,975 [INFO] [yellowpages_scraper.py:214] - Scraping business website: http://alvarezmartialarts.com/
2025-06-10 15:18:33,030 [WARNING] [yellowpages_scraper.py:249] - Error accessing website http://alvarezmartialarts.com/: HTTPConnectionPool(host='alvarezmartialarts.com', port=80): Max retries exceeded with url: / (Caused by NameResolutionError("<urllib3.connection.HTTPConnection object at 0x0000022AB16516D0>: Failed to resolve 'alvarezmartialarts.com' ([Errno 11001] getaddrinfo failed)"))
2025-06-10 15:18:33,032 [INFO] [yellowpages_scraper.py:566] - Scraping business 8/30 on page 1
2025-06-10 15:18:33,205 [INFO] [yellowpages_scraper.py:214] - Scraping business website: https://offler.com/
2025-06-10 15:18:34,625 [INFO] [yellowpages_scraper.py:566] - Scraping business 9/30 on page 1
2025-06-10 15:18:34,794 [INFO] [yellowpages_scraper.py:214] - Scraping business website: https://www.rvlarch.com/about
2025-06-10 15:18:37,209 [ERROR] [yellowpages_scraper.py:255] - Error scraping website https://www.rvlarch.com/about: invalid literal for int() with base 10: 'of '
2025-06-10 15:18:37,209 [INFO] [yellowpages_scraper.py:566] - Scraping business 10/30 on page 1
2025-06-10 15:18:37,386 [INFO] [yellowpages_scraper.py:566] - Scraping business 11/30 on page 1
2025-06-10 15:18:37,554 [INFO] [yellowpages_scraper.py:566] - Scraping business 12/30 on page 1
2025-06-10 15:18:37,713 [INFO] [yellowpages_scraper.py:214] - Scraping business website: http://bellonmilanes.com/
2025-06-10 15:18:37,767 [WARNING] [yellowpages_scraper.py:249] - Error accessing website http://bellonmilanes.com/: HTTPConnectionPool(host='bellonmilanes.com', port=80): Max retries exceeded with url: / (Caused by NameResolutionError("<urllib3.connection.HTTPConnection object at 0x0000022AB22149E0>: Failed to resolve 'bellonmilanes.com' ([Errno 11001] getaddrinfo failed)"))
2025-06-10 15:18:37,768 [INFO] [yellowpages_scraper.py:566] - Scraping business 13/30 on page 1
2025-06-10 15:18:37,919 [INFO] [yellowpages_scraper.py:566] - Scraping business 14/30 on page 1
2025-06-10 15:18:38,076 [INFO] [yellowpages_scraper.py:214] - Scraping business website: http://garciaghezziarchitects.com/
2025-06-10 15:18:40,265 [INFO] [yellowpages_scraper.py:566] - Scraping business 15/30 on page 1
2025-06-10 15:18:40,434 [INFO] [yellowpages_scraper.py:214] - Scraping business website: http://siegersuarez.com/
2025-06-10 15:18:41,875 [INFO] [yellowpages_scraper.py:566] - Scraping business 16/30 on page 1
2025-06-10 15:18:42,041 [INFO] [yellowpages_scraper.py:214] - Scraping business website: http://www.paredesarchitects.com/
2025-06-10 15:18:46,231 [INFO] [yellowpages_scraper.py:566] - Scraping business 17/30 on page 1
2025-06-10 15:18:46,387 [INFO] [yellowpages_scraper.py:566] - Scraping business 18/30 on page 1
2025-06-10 15:18:46,536 [INFO] [yellowpages_scraper.py:214] - Scraping business website: https://sebastianeilert.com/
2025-06-10 15:18:47,670 [INFO] [yellowpages_scraper.py:566] - Scraping business 19/30 on page 1
2025-06-10 15:18:47,816 [INFO] [yellowpages_scraper.py:566] - Scraping business 20/30 on page 1
2025-06-10 15:18:47,966 [INFO] [yellowpages_scraper.py:566] - Scraping business 21/30 on page 1
2025-06-10 15:18:48,111 [INFO] [yellowpages_scraper.py:566] - Scraping business 22/30 on page 1
2025-06-10 15:18:48,262 [INFO] [yellowpages_scraper.py:214] - Scraping business website: http://engineerunner.com/
2025-06-10 15:18:49,074 [INFO] [yellowpages_scraper.py:566] - Scraping business 23/30 on page 1
2025-06-10 15:18:49,241 [INFO] [yellowpages_scraper.py:214] - Scraping business website: http://towingrus.com/
2025-06-10 15:18:49,491 [INFO] [yellowpages_scraper.py:566] - Scraping business 24/30 on page 1
2025-06-10 15:18:49,652 [INFO] [yellowpages_scraper.py:214] - Scraping business website: http://v3architecturalgroup.com/
2025-06-10 15:18:51,417 [INFO] [yellowpages_scraper.py:566] - Scraping business 25/30 on page 1
2025-06-10 15:18:51,569 [INFO] [yellowpages_scraper.py:214] - Scraping business website: http://bellonmilanes.com/
2025-06-10 15:18:51,629 [WARNING] [yellowpages_scraper.py:249] - Error accessing website http://bellonmilanes.com/: HTTPConnectionPool(host='bellonmilanes.com', port=80): Max retries exceeded with url: / (Caused by NameResolutionError("<urllib3.connection.HTTPConnection object at 0x0000022AB054B460>: Failed to resolve 'bellonmilanes.com' ([Errno 11001] getaddrinfo failed)"))
2025-06-10 15:18:51,630 [INFO] [yellowpages_scraper.py:566] - Scraping business 26/30 on page 1
2025-06-10 15:18:51,784 [INFO] [yellowpages_scraper.py:566] - Scraping business 27/30 on page 1
2025-06-10 15:18:51,931 [INFO] [yellowpages_scraper.py:214] - Scraping business website: http://www.metrostudio.com/
2025-06-10 15:18:53,448 [WARNING] [yellowpages_scraper.py:249] - Error accessing website http://www.metrostudio.com/: HTTPSConnectionPool(host='www.metrostudio.com', port=443): Max retries exceeded with url: / (Caused by SSLError(SSLCertVerificationError(1, "[SSL: CERTIFICATE_VERIFY_FAILED] certificate verify failed: Hostname mismatch, certificate is not valid for 'www.metrostudio.com'. (_ssl.c:1028)")))
2025-06-10 15:18:53,449 [INFO] [yellowpages_scraper.py:566] - Scraping business 28/30 on page 1
2025-06-10 15:18:53,594 [INFO] [yellowpages_scraper.py:566] - Scraping business 29/30 on page 1
2025-06-10 15:18:53,748 [INFO] [yellowpages_scraper.py:214] - Scraping business website: http://www.openbuildingpermits.com/
2025-06-10 15:18:55,817 [INFO] [yellowpages_scraper.py:566] - Scraping business 30/30 on page 1
2025-06-10 15:19:00,724 [INFO] [yellowpages_scraper.py:548] - Navigating to page 2: https://www.yellowpages.com/search?search_terms=architect&geo_location_terms=US&page=2
2025-06-10 15:19:06,736 [INFO] [yellowpages_scraper.py:563] - Found 30 listings on page 2
2025-06-10 15:19:06,736 [INFO] [yellowpages_scraper.py:566] - Scraping business 1/30 on page 2
2025-06-10 15:19:06,879 [INFO] [yellowpages_scraper.py:566] - Scraping business 2/30 on page 2
2025-06-10 15:19:07,041 [INFO] [yellowpages_scraper.py:566] - Scraping business 3/30 on page 2
2025-06-10 15:19:07,182 [INFO] [yellowpages_scraper.py:566] - Scraping business 4/30 on page 2
2025-06-10 15:19:07,335 [INFO] [yellowpages_scraper.py:214] - Scraping business website: http://elamiami.com/
2025-06-10 15:19:08,060 [INFO] [yellowpages_scraper.py:566] - Scraping business 5/30 on page 2
2025-06-10 15:19:08,232 [INFO] [yellowpages_scraper.py:566] - Scraping business 6/30 on page 2
2025-06-10 15:19:08,383 [INFO] [yellowpages_scraper.py:214] - Scraping business website: http://www.demandtarchitecture.com/
2025-06-10 15:19:11,149 [WARNING] [yellowpages_scraper.py:249] - Error accessing website http://www.demandtarchitecture.com/: 404 Client Error: Not Found for url: https://www.demandtarchitecture.com/
2025-06-10 15:19:11,152 [INFO] [yellowpages_scraper.py:566] - Scraping business 7/30 on page 2
2025-06-10 15:19:11,319 [INFO] [yellowpages_scraper.py:566] - Scraping business 8/30 on page 2
2025-06-10 15:19:11,537 [INFO] [yellowpages_scraper.py:214] - Scraping business website: http://www.nuryferia.com/
2025-06-10 15:19:12,684 [INFO] [yellowpages_scraper.py:566] - Scraping business 9/30 on page 2
2025-06-10 15:19:12,825 [INFO] [yellowpages_scraper.py:566] - Scraping business 10/30 on page 2
2025-06-10 15:19:12,980 [INFO] [yellowpages_scraper.py:566] - Scraping business 11/30 on page 2
2025-06-10 15:19:13,138 [INFO] [yellowpages_scraper.py:214] - Scraping business website: http://whadesign.com/
2025-06-10 15:19:13,967 [WARNING] [yellowpages_scraper.py:249] - Error accessing website http://whadesign.com/: ('Connection aborted.', ConnectionResetError(10054, 'An existing connection was forcibly closed by the remote host', None, 10054, None))
2025-06-10 15:19:13,968 [INFO] [yellowpages_scraper.py:566] - Scraping business 12/30 on page 2
2025-06-10 15:19:14,139 [INFO] [yellowpages_scraper.py:214] - Scraping business website: https://www.whadesign.com/
2025-06-10 15:19:15,053 [WARNING] [yellowpages_scraper.py:249] - Error accessing website https://www.whadesign.com/: ('Connection aborted.', ConnectionResetError(10054, 'An existing connection was forcibly closed by the remote host', None, 10054, None))
2025-06-10 15:19:15,054 [INFO] [yellowpages_scraper.py:566] - Scraping business 13/30 on page 2
2025-06-10 15:19:15,215 [INFO] [yellowpages_scraper.py:566] - Scraping business 14/30 on page 2
2025-06-10 15:19:15,373 [INFO] [yellowpages_scraper.py:566] - Scraping business 15/30 on page 2
2025-06-10 15:19:15,519 [INFO] [yellowpages_scraper.py:566] - Scraping business 16/30 on page 2
2025-06-10 15:19:15,667 [INFO] [yellowpages_scraper.py:566] - Scraping business 17/30 on page 2
2025-06-10 15:19:15,814 [INFO] [yellowpages_scraper.py:566] - Scraping business 18/30 on page 2
2025-06-10 15:19:15,963 [INFO] [yellowpages_scraper.py:566] - Scraping business 19/30 on page 2
2025-06-10 15:19:16,117 [INFO] [yellowpages_scraper.py:214] - Scraping business website: http://floridasturnpike.com/
2025-06-10 15:19:17,085 [INFO] [yellowpages_scraper.py:566] - Scraping business 20/30 on page 2
2025-06-10 15:19:17,247 [INFO] [yellowpages_scraper.py:214] - Scraping business website: http://www.lckaiainc.com/
2025-06-10 15:19:17,908 [INFO] [yellowpages_scraper.py:566] - Scraping business 21/30 on page 2
2025-06-10 15:19:18,055 [INFO] [yellowpages_scraper.py:566] - Scraping business 22/30 on page 2
2025-06-10 15:19:18,208 [INFO] [yellowpages_scraper.py:566] - Scraping business 23/30 on page 2
2025-06-10 15:19:18,365 [INFO] [yellowpages_scraper.py:566] - Scraping business 24/30 on page 2
2025-06-10 15:19:18,507 [INFO] [yellowpages_scraper.py:566] - Scraping business 25/30 on page 2
2025-06-10 15:19:18,649 [INFO] [yellowpages_scraper.py:214] - Scraping business website: http://nextgenmiami.com/
2025-06-10 15:19:20,085 [INFO] [yellowpages_scraper.py:566] - Scraping business 26/30 on page 2
2025-06-10 15:19:20,232 [INFO] [yellowpages_scraper.py:566] - Scraping business 27/30 on page 2
2025-06-10 15:19:20,368 [INFO] [yellowpages_scraper.py:566] - Scraping business 28/30 on page 2
2025-06-10 15:19:20,509 [INFO] [yellowpages_scraper.py:214] - Scraping business website: https://christophercawley.com/
2025-06-10 15:19:22,553 [INFO] [yellowpages_scraper.py:566] - Scraping business 29/30 on page 2
2025-06-10 15:19:22,709 [INFO] [yellowpages_scraper.py:566] - Scraping business 30/30 on page 2
2025-06-10 15:19:26,352 [INFO] [yellowpages_scraper.py:548] - Navigating to page 3: https://www.yellowpages.com/search?search_terms=architect&geo_location_terms=US&page=3
2025-06-10 15:19:31,647 [INFO] [yellowpages_scraper.py:563] - Found 30 listings on page 3
2025-06-10 15:19:31,647 [INFO] [yellowpages_scraper.py:566] - Scraping business 1/30 on page 3
2025-06-10 15:19:31,790 [INFO] [yellowpages_scraper.py:566] - Scraping business 2/30 on page 3
2025-06-10 15:19:31,949 [INFO] [yellowpages_scraper.py:566] - Scraping business 3/30 on page 3
2025-06-10 15:19:32,088 [INFO] [yellowpages_scraper.py:566] - Scraping business 4/30 on page 3
2025-06-10 15:19:32,244 [INFO] [yellowpages_scraper.py:214] - Scraping business website: https://architect1.com/
2025-06-10 15:19:34,092 [INFO] [yellowpages_scraper.py:566] - Scraping business 5/30 on page 3
2025-06-10 15:19:34,242 [INFO] [yellowpages_scraper.py:566] - Scraping business 6/30 on page 3
2025-06-10 15:19:34,383 [INFO] [yellowpages_scraper.py:214] - Scraping business website: http://archcollab.com/
2025-06-10 15:19:36,374 [INFO] [yellowpages_scraper.py:566] - Scraping business 7/30 on page 3
2025-06-10 15:19:36,546 [INFO] [yellowpages_scraper.py:566] - Scraping business 8/30 on page 3
2025-06-10 15:19:36,694 [INFO] [yellowpages_scraper.py:566] - Scraping business 9/30 on page 3
2025-06-10 15:19:36,839 [INFO] [yellowpages_scraper.py:566] - Scraping business 10/30 on page 3
2025-06-10 15:19:36,982 [INFO] [yellowpages_scraper.py:566] - Scraping business 11/30 on page 3
2025-06-10 15:19:37,128 [INFO] [yellowpages_scraper.py:566] - Scraping business 12/30 on page 3
2025-06-10 15:19:37,284 [INFO] [yellowpages_scraper.py:214] - Scraping business website: https://meridiandesign.com/
2025-06-10 15:19:38,259 [WARNING] [yellowpages_scraper.py:249] - Error accessing website https://meridiandesign.com/: 403 Client Error: Forbidden for url: https://meridiandesign.com/
2025-06-10 15:19:38,260 [INFO] [yellowpages_scraper.py:566] - Scraping business 13/30 on page 3
2025-06-10 15:19:38,477 [INFO] [yellowpages_scraper.py:214] - Scraping business website: http://www.mateuarchitecture.com/
2025-06-10 15:19:41,819 [INFO] [yellowpages_scraper.py:566] - Scraping business 14/30 on page 3
2025-06-10 15:19:42,022 [INFO] [yellowpages_scraper.py:566] - Scraping business 15/30 on page 3
2025-06-10 15:19:42,183 [INFO] [yellowpages_scraper.py:566] - Scraping business 16/30 on page 3
2025-06-10 15:19:42,352 [INFO] [yellowpages_scraper.py:566] - Scraping business 17/30 on page 3
2025-06-10 15:19:42,530 [INFO] [yellowpages_scraper.py:214] - Scraping business website: http://vertexarchitecture.com/
2025-06-10 15:19:46,603 [INFO] [yellowpages_scraper.py:566] - Scraping business 18/30 on page 3
2025-06-10 15:19:46,754 [INFO] [yellowpages_scraper.py:214] - Scraping business website: http://www.arcbuildersandgroup.com/
2025-06-10 15:19:56,151 [ERROR] [yellowpages_scraper.py:255] - Error scraping website http://www.arcbuildersandgroup.com/: invalid literal for int() with base 10: 'of '
2025-06-10 15:19:56,152 [INFO] [yellowpages_scraper.py:566] - Scraping business 19/30 on page 3
2025-06-10 15:19:56,302 [INFO] [yellowpages_scraper.py:214] - Scraping business website: http://www.landeraassociates.com/
2025-06-10 15:19:56,863 [INFO] [yellowpages_scraper.py:566] - Scraping business 20/30 on page 3
2025-06-10 15:19:57,028 [INFO] [yellowpages_scraper.py:214] - Scraping business website: http://www.paredesarchitects.com/
2025-06-10 15:19:59,677 [INFO] [yellowpages_scraper.py:566] - Scraping business 21/30 on page 3
2025-06-10 15:19:59,826 [INFO] [yellowpages_scraper.py:566] - Scraping business 22/30 on page 3
2025-06-10 15:19:59,984 [INFO] [yellowpages_scraper.py:214] - Scraping business website: https://www.gershengroup.com/
2025-06-10 15:20:04,936 [INFO] [yellowpages_scraper.py:566] - Scraping business 23/30 on page 3
2025-06-10 15:20:05,121 [INFO] [yellowpages_scraper.py:566] - Scraping business 24/30 on page 3
2025-06-10 15:20:05,269 [INFO] [yellowpages_scraper.py:566] - Scraping business 25/30 on page 3
2025-06-10 15:20:05,420 [INFO] [yellowpages_scraper.py:214] - Scraping business website: http://vertexarchitecture.com/
2025-06-10 15:20:07,718 [INFO] [yellowpages_scraper.py:566] - Scraping business 26/30 on page 3
2025-06-10 15:20:07,872 [INFO] [yellowpages_scraper.py:214] - Scraping business website: http://www.jas-architects.com/
2025-06-10 15:20:08,845 [INFO] [yellowpages_scraper.py:566] - Scraping business 27/30 on page 3
2025-06-10 15:20:09,001 [INFO] [yellowpages_scraper.py:566] - Scraping business 28/30 on page 3
2025-06-10 15:20:09,152 [INFO] [yellowpages_scraper.py:566] - Scraping business 29/30 on page 3
2025-06-10 15:20:09,322 [INFO] [yellowpages_scraper.py:566] - Scraping business 30/30 on page 3
2025-06-10 15:20:14,274 [INFO] [yellowpages_scraper.py:548] - Navigating to page 4: https://www.yellowpages.com/search?search_terms=architect&geo_location_terms=US&page=4
2025-06-10 15:20:18,924 [INFO] [yellowpages_scraper.py:563] - Found 30 listings on page 4
2025-06-10 15:20:18,924 [INFO] [yellowpages_scraper.py:566] - Scraping business 1/30 on page 4
2025-06-10 15:20:19,092 [INFO] [yellowpages_scraper.py:566] - Scraping business 2/30 on page 4
2025-06-10 15:20:19,259 [INFO] [yellowpages_scraper.py:214] - Scraping business website: http://imagenarchitects.com/
2025-06-10 15:20:22,204 [INFO] [yellowpages_scraper.py:566] - Scraping business 3/30 on page 4
2025-06-10 15:20:22,382 [INFO] [yellowpages_scraper.py:566] - Scraping business 4/30 on page 4
2025-06-10 15:20:22,539 [INFO] [yellowpages_scraper.py:566] - Scraping business 5/30 on page 4
2025-06-10 15:20:22,691 [INFO] [yellowpages_scraper.py:566] - Scraping business 6/30 on page 4
2025-06-10 15:20:22,844 [INFO] [yellowpages_scraper.py:566] - Scraping business 7/30 on page 4
2025-06-10 15:20:23,001 [INFO] [yellowpages_scraper.py:566] - Scraping business 8/30 on page 4
2025-06-10 15:20:23,160 [INFO] [yellowpages_scraper.py:566] - Scraping business 9/30 on page 4
2025-06-10 15:20:23,337 [INFO] [yellowpages_scraper.py:214] - Scraping business website: http://sol-arch.com/contact
2025-06-10 15:20:35,369 [INFO] [yellowpages_scraper.py:566] - Scraping business 10/30 on page 4
2025-06-10 15:20:35,527 [INFO] [yellowpages_scraper.py:566] - Scraping business 11/30 on page 4
2025-06-10 15:20:35,675 [INFO] [yellowpages_scraper.py:214] - Scraping business website: https://www.msaarchitectsinc.com/locations-1
2025-06-10 15:20:37,863 [WARNING] [yellowpages_scraper.py:249] - Error accessing website https://www.msaarchitectsinc.com/locations-1: 404 Client Error: Not Found for url: https://www.msaarchitectsinc.com/locations-1
2025-06-10 15:20:37,866 [INFO] [yellowpages_scraper.py:566] - Scraping business 12/30 on page 4
2025-06-10 15:20:38,033 [INFO] [yellowpages_scraper.py:214] - Scraping business website: https://www.hfarchitect.net/
2025-06-10 15:20:38,878 [INFO] [yellowpages_scraper.py:566] - Scraping business 13/30 on page 4
2025-06-10 15:20:39,034 [INFO] [yellowpages_scraper.py:214] - Scraping business website: https://www.elmarchmiami.com/contact.html
2025-06-10 15:20:40,748 [WARNING] [yellowpages_scraper.py:249] - Error accessing website https://www.elmarchmiami.com/contact.html: 404 Client Error: Not Found for url: https://www.elmarchmiami.com/contact.html
2025-06-10 15:20:40,751 [INFO] [yellowpages_scraper.py:566] - Scraping business 14/30 on page 4
2025-06-10 15:20:40,919 [INFO] [yellowpages_scraper.py:566] - Scraping business 15/30 on page 4
2025-06-10 15:20:41,070 [INFO] [yellowpages_scraper.py:566] - Scraping business 16/30 on page 4
2025-06-10 15:20:41,218 [INFO] [yellowpages_scraper.py:566] - Scraping business 17/30 on page 4
2025-06-10 15:20:41,366 [INFO] [yellowpages_scraper.py:566] - Scraping business 18/30 on page 4
2025-06-10 15:20:41,522 [INFO] [yellowpages_scraper.py:214] - Scraping business website: https://www.figureh.com/
2025-06-10 15:20:43,286 [INFO] [yellowpages_scraper.py:566] - Scraping business 19/30 on page 4
2025-06-10 15:20:43,450 [INFO] [yellowpages_scraper.py:214] - Scraping business website: http://elmarchmiami.com/
2025-06-10 15:20:45,499 [INFO] [yellowpages_scraper.py:566] - Scraping business 20/30 on page 4
2025-06-10 15:20:45,650 [INFO] [yellowpages_scraper.py:214] - Scraping business website: http://claroarchitecture.com/
2025-06-10 15:20:55,387 [INFO] [yellowpages_scraper.py:566] - Scraping business 21/30 on page 4
2025-06-10 15:20:55,543 [INFO] [yellowpages_scraper.py:566] - Scraping business 22/30 on page 4
2025-06-10 15:20:55,709 [INFO] [yellowpages_scraper.py:214] - Scraping business website: http://www.richardcortesarchitects.com/
2025-06-10 15:20:57,798 [INFO] [yellowpages_scraper.py:566] - Scraping business 23/30 on page 4
2025-06-10 15:20:58,035 [INFO] [yellowpages_scraper.py:214] - Scraping business website: http://www.jas-architects.com/contact.html
2025-06-10 15:20:58,727 [INFO] [yellowpages_scraper.py:566] - Scraping business 24/30 on page 4
2025-06-10 15:20:58,873 [INFO] [yellowpages_scraper.py:566] - Scraping business 25/30 on page 4
2025-06-10 15:20:59,029 [INFO] [yellowpages_scraper.py:214] - Scraping business website: http://www.sblm.com/
2025-06-10 15:21:01,162 [INFO] [yellowpages_scraper.py:566] - Scraping business 26/30 on page 4
2025-06-10 15:21:01,320 [INFO] [yellowpages_scraper.py:214] - Scraping business website: http://www.themiamiarchitect.com/
2025-06-10 15:21:03,637 [INFO] [yellowpages_scraper.py:566] - Scraping business 27/30 on page 4
2025-06-10 15:21:03,788 [INFO] [yellowpages_scraper.py:566] - Scraping business 28/30 on page 4
2025-06-10 15:21:03,950 [INFO] [yellowpages_scraper.py:566] - Scraping business 29/30 on page 4
2025-06-10 15:21:04,099 [INFO] [yellowpages_scraper.py:566] - Scraping business 30/30 on page 4
2025-06-10 15:21:04,256 [INFO] [yellowpages_scraper.py:214] - Scraping business website: https://www.trellescabarrocas.com/contact
2025-06-10 15:21:09,532 [INFO] [yellowpages_scraper.py:583] - Scraping completed with 120 total results across 5 pages.
2025-06-10 15:21:09,533 [INFO] [yellowpages_scraper.py:591] - Scraping session ended.
2025-06-10 15:21:10,771 [INFO] [app.py:1701] - Results saved to Excel file: downloads\yellowpages_results_20250610_152110.xlsx
2025-06-10 15:21:12,231 [INFO] [app.py:1240] - Sending Excel file: downloads\yellowpages_results_20250610_152110.xlsx
