2025-06-06 10:46:43,753 [INFO] [app.py:61] - === Starting new scraping session ===
2025-06-06 10:46:43,754 [INFO] [app.py:62] - Python version: 3.13.3 (tags/v3.13.3:6280bb5, Apr  8 2025, 14:47:33) [MSC v.1943 64 bit (AMD64)]
2025-06-06 10:46:43,754 [INFO] [app.py:63] - Operating System: win32
2025-06-06 10:46:43,754 [INFO] [app.py:64] - Working Directory: C:\Users\Bhavya\Desktop\PCCCCCCC\Buisness_scraper\web__scrapper
2025-06-06 10:46:46,298 [INFO] [app.py:987] - 
=== Starting new scraping request ===
2025-06-06 10:46:46,299 [INFO] [app.py:988] - Raw search query: hotels in mumbai
2025-06-06 10:46:46,302 [INFO] [app.py:989] - Selected platform: sulekha
2025-06-06 10:46:46,302 [INFO] [app.py:997] - Parsed category: Hotels
2025-06-06 10:46:46,302 [INFO] [app.py:998] - Parsed location: Mumbai
2025-06-06 10:46:46,303 [INFO] [app.py:1014] - 
Starting scraping process...
2025-06-06 10:46:46,304 [INFO] [app.py:1019] - Scraping Sulekha for Hotels in Mumbai
2025-06-06 10:53:55,723 [INFO] [app.py:1037] - 
Scraping completed. Found 0 results
2025-06-06 11:04:01,870 [INFO] [app.py:987] - 
=== Starting new scraping request ===
2025-06-06 11:04:01,870 [INFO] [app.py:988] - Raw search query: hotels in mumbai
2025-06-06 11:04:01,871 [INFO] [app.py:989] - Selected platform: justdial
2025-06-06 11:04:01,871 [INFO] [app.py:997] - Parsed category: Hotels
2025-06-06 11:04:01,871 [INFO] [app.py:998] - Parsed location: Mumbai
2025-06-06 11:04:01,872 [INFO] [app.py:1014] - 
Starting scraping process...
2025-06-06 11:04:01,873 [INFO] [app.py:1016] - Scraping JustDial for Hotels in Mumbai
2025-06-06 11:04:01,873 [INFO] [app.py:572] - Starting scrape for query: hotels in mumbai
2025-06-06 11:04:01,874 [INFO] [app.py:582] - Fetching page 1: https://www.justdial.com/mumbai/hotels-in-mumbai
2025-06-06 11:04:03,987 [INFO] [app.py:612] - Found 10 listings on page 1
2025-06-06 11:04:06,046 [INFO] [app.py:582] - Fetching page 2: https://www.justdial.com/mumbai/hotels-in-mumbai/page-2
2025-06-06 11:04:07,742 [INFO] [app.py:612] - Found 10 listings on page 2
2025-06-06 11:04:09,844 [INFO] [app.py:582] - Fetching page 3: https://www.justdial.com/mumbai/hotels-in-mumbai/page-3
2025-06-06 11:04:11,058 [INFO] [app.py:612] - Found 10 listings on page 3
2025-06-06 11:04:13,110 [INFO] [app.py:582] - Fetching page 4: https://www.justdial.com/mumbai/hotels-in-mumbai/page-4
2025-06-06 11:04:14,724 [INFO] [app.py:612] - Found 10 listings on page 4
2025-06-06 11:04:16,760 [INFO] [app.py:582] - Fetching page 5: https://www.justdial.com/mumbai/hotels-in-mumbai/page-5
2025-06-06 11:04:18,162 [INFO] [app.py:612] - Found 10 listings on page 5
2025-06-06 11:04:20,194 [INFO] [app.py:582] - Fetching page 6: https://www.justdial.com/mumbai/hotels-in-mumbai/page-6
2025-06-06 11:04:22,040 [INFO] [app.py:612] - Found 10 listings on page 6
2025-06-06 11:04:24,072 [INFO] [app.py:582] - Fetching page 7: https://www.justdial.com/mumbai/hotels-in-mumbai/page-7
2025-06-06 11:04:25,830 [INFO] [app.py:612] - Found 10 listings on page 7
2025-06-06 11:04:27,855 [INFO] [app.py:582] - Fetching page 8: https://www.justdial.com/mumbai/hotels-in-mumbai/page-8
2025-06-06 11:04:29,256 [INFO] [app.py:612] - Found 10 listings on page 8
2025-06-06 11:04:31,294 [INFO] [app.py:582] - Fetching page 9: https://www.justdial.com/mumbai/hotels-in-mumbai/page-9
2025-06-06 11:04:33,580 [INFO] [app.py:612] - Found 10 listings on page 9
2025-06-06 11:04:35,616 [INFO] [app.py:582] - Fetching page 10: https://www.justdial.com/mumbai/hotels-in-mumbai/page-10
2025-06-06 11:04:36,997 [INFO] [app.py:612] - Found 10 listings on page 10
2025-06-06 11:04:39,028 [INFO] [app.py:659] - Generating scraping report...
2025-06-06 11:04:39,029 [INFO] [app.py:661] - Scraping Report: {
  "total_requests": 0,
  "successful_requests": 10,
  "failed_requests": 0,
  "blocked_requests": 0,
  "cache_hits": 0,
  "success_rate": "0.00%",
  "total_businesses_found": 100,
  "session_duration": 37.154605,
  "errors": []
}
2025-06-06 11:04:39,031 [INFO] [app.py:85] - Function scrape_justdial took 37.16 seconds to execute
2025-06-06 11:04:39,032 [INFO] [app.py:1037] - 
Scraping completed. Found 100 results
2025-06-06 11:04:39,135 [INFO] [app.py:1214] - Created Excel file: hotels_mumbai_justdial_20250606_110439.xlsx with 76 unique entries
2025-06-06 11:04:41,051 [INFO] [app.py:1258] - Sending Excel file: downloads\hotels_mumbai_justdial_20250606_110439.xlsx
