2025-06-06 10:40:56,706 [INFO] [app.py:61] - === Starting new scraping session ===
2025-06-06 10:40:56,707 [INFO] [app.py:62] - Python version: 3.13.3 (tags/v3.13.3:6280bb5, Apr  8 2025, 14:47:33) [MSC v.1943 64 bit (AMD64)]
2025-06-06 10:40:56,708 [INFO] [app.py:63] - Operating System: win32
2025-06-06 10:40:56,708 [INFO] [app.py:64] - Working Directory: C:\Users\Bhavya\Desktop\PCCCCCCC\Buisness_scraper\web__scrapper
2025-06-06 10:41:06,090 [INFO] [app.py:987] - 
=== Starting new scraping request ===
2025-06-06 10:41:06,091 [INFO] [app.py:988] - Raw search query: hotels in gota
2025-06-06 10:41:06,094 [INFO] [app.py:989] - Selected platform: justdial
2025-06-06 10:41:06,094 [INFO] [app.py:997] - Parsed category: Hotels
2025-06-06 10:41:06,095 [INFO] [app.py:998] - Parsed location: Gota
2025-06-06 10:41:06,096 [INFO] [app.py:1014] - 
Starting scraping process...
2025-06-06 10:41:06,097 [INFO] [app.py:1016] - Scraping JustDial for Hotels in Gota
2025-06-06 10:41:06,098 [INFO] [app.py:572] - Starting scrape for query: hotels in gota
2025-06-06 10:41:06,099 [INFO] [app.py:582] - Fetching page 1: https://www.justdial.com/gota/hotels-in-gota
2025-06-06 10:41:08,618 [INFO] [app.py:612] - Found 10 listings on page 1
2025-06-06 10:41:10,657 [INFO] [app.py:582] - Fetching page 2: https://www.justdial.com/gota/hotels-in-gota/page-2
2025-06-06 10:41:11,852 [INFO] [app.py:612] - Found 10 listings on page 2
2025-06-06 10:41:13,876 [INFO] [app.py:582] - Fetching page 3: https://www.justdial.com/gota/hotels-in-gota/page-3
2025-06-06 10:41:15,234 [INFO] [app.py:612] - Found 10 listings on page 3
2025-06-06 10:41:17,263 [INFO] [app.py:582] - Fetching page 4: https://www.justdial.com/gota/hotels-in-gota/page-4
2025-06-06 10:41:18,106 [INFO] [app.py:612] - Found 10 listings on page 4
2025-06-06 10:41:20,143 [INFO] [app.py:582] - Fetching page 5: https://www.justdial.com/gota/hotels-in-gota/page-5
2025-06-06 10:41:21,174 [INFO] [app.py:612] - Found 10 listings on page 5
2025-06-06 10:41:23,223 [INFO] [app.py:582] - Fetching page 6: https://www.justdial.com/gota/hotels-in-gota/page-6
2025-06-06 10:41:24,237 [INFO] [app.py:612] - Found 10 listings on page 6
2025-06-06 10:41:26,270 [INFO] [app.py:582] - Fetching page 7: https://www.justdial.com/gota/hotels-in-gota/page-7
2025-06-06 10:41:26,643 [INFO] [app.py:612] - Found 0 listings on page 7
2025-06-06 10:41:26,644 [WARNING] [app.py:631] - No data found on page 7
2025-06-06 10:41:28,645 [INFO] [app.py:582] - Fetching page 8: https://www.justdial.com/gota/hotels-in-gota/page-8
2025-06-06 10:41:29,689 [INFO] [app.py:612] - Found 10 listings on page 8
2025-06-06 10:41:31,725 [INFO] [app.py:582] - Fetching page 9: https://www.justdial.com/gota/hotels-in-gota/page-9
2025-06-06 10:41:33,013 [INFO] [app.py:612] - Found 10 listings on page 9
2025-06-06 10:41:35,040 [INFO] [app.py:582] - Fetching page 10: https://www.justdial.com/gota/hotels-in-gota/page-10
2025-06-06 10:41:36,202 [INFO] [app.py:612] - Found 10 listings on page 10
2025-06-06 10:41:38,250 [INFO] [app.py:659] - Generating scraping report...
2025-06-06 10:41:38,251 [INFO] [app.py:661] - Scraping Report: {
  "total_requests": 0,
  "successful_requests": 10,
  "failed_requests": 0,
  "blocked_requests": 0,
  "cache_hits": 0,
  "success_rate": "0.00%",
  "total_businesses_found": 90,
  "session_duration": 32.151504,
  "errors": []
}
2025-06-06 10:41:38,254 [INFO] [app.py:85] - Function scrape_justdial took 32.16 seconds to execute
2025-06-06 10:41:38,254 [INFO] [app.py:1037] - 
Scraping completed. Found 90 results
2025-06-06 10:41:38,380 [INFO] [app.py:1184] - Created Excel file: hotels_gota_justdial_20250606_104138.xlsx with 69 unique entries
