2025-06-09 15:18:41,972 [INFO] [app.py:61] - === Starting new scraping session ===
2025-06-09 15:18:41,973 [INFO] [app.py:62] - Python version: 3.13.3 (tags/v3.13.3:6280bb5, Apr  8 2025, 14:47:33) [MSC v.1943 64 bit (AMD64)]
2025-06-09 15:18:41,974 [INFO] [app.py:63] - Operating System: win32
2025-06-09 15:18:41,975 [INFO] [app.py:64] - Working Directory: C:\Users\Bhavya\Desktop\PCCCCCCC\Buisness_scraper\web__scrapper
2025-06-09 15:18:43,440 [INFO] [app.py:1482] - Received Yellow Pages scraping request - Query: architect, Location: Miami
2025-06-09 15:18:43,440 [INFO] [app.py:1490] - Initializing Yellow Pages scraper...
2025-06-09 15:18:43,441 [INFO] [yellowpages_scraper.py:55] - Setting up Chrome WebDriver...
2025-06-09 15:18:44,980 [INFO] [yellowpages_scraper.py:77] - Chrome WebDriver is ready.
2025-06-09 15:18:44,981 [INFO] [app.py:1493] - Starting Yellow Pages scraping...
2025-06-09 15:18:44,982 [INFO] [yellowpages_scraper.py:272] - Starting search at: https://www.yellowpages.com/search?search_terms=architect&geo_location_terms=Miami
2025-06-09 15:18:51,903 [INFO] [yellowpages_scraper.py:291] - Found 30 business listings on page 1
2025-06-09 15:18:51,904 [INFO] [yellowpages_scraper.py:295] - Scraping business 1/30 on page 1
2025-06-09 15:18:52,215 [INFO] [yellowpages_scraper.py:295] - Scraping business 2/30 on page 1
2025-06-09 15:18:52,427 [INFO] [yellowpages_scraper.py:295] - Scraping business 3/30 on page 1
2025-06-09 15:18:52,603 [INFO] [yellowpages_scraper.py:295] - Scraping business 4/30 on page 1
2025-06-09 15:18:52,789 [INFO] [yellowpages_scraper.py:295] - Scraping business 5/30 on page 1
2025-06-09 15:18:52,969 [INFO] [yellowpages_scraper.py:295] - Scraping business 6/30 on page 1
2025-06-09 15:18:53,143 [INFO] [yellowpages_scraper.py:295] - Scraping business 7/30 on page 1
2025-06-09 15:18:53,331 [INFO] [yellowpages_scraper.py:295] - Scraping business 8/30 on page 1
2025-06-09 15:18:53,473 [INFO] [yellowpages_scraper.py:295] - Scraping business 9/30 on page 1
2025-06-09 15:18:53,663 [INFO] [yellowpages_scraper.py:295] - Scraping business 10/30 on page 1
2025-06-09 15:18:53,829 [INFO] [yellowpages_scraper.py:295] - Scraping business 11/30 on page 1
2025-06-09 15:18:54,007 [INFO] [yellowpages_scraper.py:295] - Scraping business 12/30 on page 1
2025-06-09 15:18:54,161 [INFO] [yellowpages_scraper.py:295] - Scraping business 13/30 on page 1
2025-06-09 15:18:54,376 [INFO] [yellowpages_scraper.py:295] - Scraping business 14/30 on page 1
2025-06-09 15:18:54,555 [INFO] [yellowpages_scraper.py:295] - Scraping business 15/30 on page 1
2025-06-09 15:18:54,707 [INFO] [yellowpages_scraper.py:295] - Scraping business 16/30 on page 1
2025-06-09 15:18:54,914 [INFO] [yellowpages_scraper.py:295] - Scraping business 17/30 on page 1
2025-06-09 15:18:55,097 [INFO] [yellowpages_scraper.py:295] - Scraping business 18/30 on page 1
2025-06-09 15:18:55,294 [INFO] [yellowpages_scraper.py:295] - Scraping business 19/30 on page 1
2025-06-09 15:18:55,453 [INFO] [yellowpages_scraper.py:295] - Scraping business 20/30 on page 1
2025-06-09 15:18:55,666 [INFO] [yellowpages_scraper.py:295] - Scraping business 21/30 on page 1
2025-06-09 15:18:55,873 [INFO] [yellowpages_scraper.py:295] - Scraping business 22/30 on page 1
2025-06-09 15:18:56,090 [INFO] [yellowpages_scraper.py:295] - Scraping business 23/30 on page 1
2025-06-09 15:18:56,303 [INFO] [yellowpages_scraper.py:295] - Scraping business 24/30 on page 1
2025-06-09 15:18:57,095 [INFO] [yellowpages_scraper.py:295] - Scraping business 25/30 on page 1
2025-06-09 15:18:57,732 [INFO] [yellowpages_scraper.py:295] - Scraping business 26/30 on page 1
2025-06-09 15:18:58,030 [INFO] [yellowpages_scraper.py:295] - Scraping business 27/30 on page 1
2025-06-09 15:18:58,309 [INFO] [yellowpages_scraper.py:295] - Scraping business 28/30 on page 1
2025-06-09 15:18:58,547 [INFO] [yellowpages_scraper.py:295] - Scraping business 29/30 on page 1
2025-06-09 15:18:58,773 [INFO] [yellowpages_scraper.py:295] - Scraping business 30/30 on page 1
2025-06-09 15:18:58,981 [INFO] [yellowpages_scraper.py:305] - Total results so far: 30
2025-06-09 15:19:17,380 [WARNING] [yellowpages_scraper.py:338] - Timeout waiting for results on page 2
2025-06-09 15:19:17,381 [INFO] [yellowpages_scraper.py:341] - Scraping completed with 30 total results across 2 pages.
2025-06-09 15:19:17,382 [INFO] [yellowpages_scraper.py:355] - Scraping session ended.
2025-06-09 15:19:18,383 [INFO] [app.py:1496] - Cleaning up scraper resources...
2025-06-09 15:19:20,606 [INFO] [yellowpages_scraper.py:361] - WebDriver closed.
2025-06-09 15:19:20,606 [INFO] [app.py:1507] - Successfully found 30 results
2025-06-09 15:19:20,684 [INFO] [app.py:1520] - Results saved to Excel file: downloads\yellowpages_results_20250609_151920.xlsx
2025-06-09 15:19:22,305 [INFO] [app.py:1562] - Sending Excel file: downloads\yellowpages_results_20250609_151920.xlsx
