2025-06-10 14:35:05,432 [INFO] [app.py:71] - === Starting new scraping session ===
2025-06-10 14:35:05,433 [INFO] [app.py:72] - Python version: 3.13.3 (tags/v3.13.3:6280bb5, Apr  8 2025, 14:47:33) [MSC v.1943 64 bit (AMD64)]
2025-06-10 14:35:05,433 [INFO] [app.py:73] - Operating System: win32
2025-06-10 14:35:05,434 [INFO] [app.py:74] - Working Directory: C:\Users\Bhavya\Desktop\PCCCCCCC\Buisness_scraper\web__scrapper
2025-06-10 14:35:15,967 [INFO] [app.py:1496] - Starting Yellow Pages scraping...
2025-06-10 14:35:15,968 [INFO] [yellowpages_scraper.py:75] - Setting up undetected-chromedriver...
2025-06-10 14:35:15,969 [INFO] [yellowpages_scraper.py:55] - Chrome executable found at: C:\Program Files\Google\Chrome\Application\chrome.exe
2025-06-10 14:35:16,449 [INFO] [yellowpages_scraper.py:66] - Detected Chrome version: 137.0.7151.69 (Major: 137)
2025-06-10 14:35:22,150 [INFO] [yellowpages_scraper.py:97] - Undetected-chromedriver is ready.
2025-06-10 14:35:22,151 [INFO] [yellowpages_scraper.py:548] - Navigating to page 1: https://www.yellowpages.com/search?search_terms=architect&geo_location_terms=Miami&page=1
2025-06-10 14:35:31,936 [INFO] [yellowpages_scraper.py:563] - Found 30 listings on page 1
2025-06-10 14:35:31,937 [INFO] [yellowpages_scraper.py:566] - Scraping business 1/30 on page 1
2025-06-10 14:35:32,216 [INFO] [yellowpages_scraper.py:214] - Scraping business website: http://www.arkidesign.com/
2025-06-10 14:35:33,073 [INFO] [yellowpages_scraper.py:566] - Scraping business 2/30 on page 1
2025-06-10 14:35:33,228 [INFO] [yellowpages_scraper.py:214] - Scraping business website: http://www.rrrgeneralcontractor.com/
2025-06-10 14:35:40,176 [ERROR] [yellowpages_scraper.py:255] - Error scraping website http://www.rrrgeneralcontractor.com/: invalid literal for int() with base 10: 'of '
2025-06-10 14:35:40,177 [INFO] [yellowpages_scraper.py:566] - Scraping business 3/30 on page 1
2025-06-10 14:35:40,322 [INFO] [yellowpages_scraper.py:214] - Scraping business website: http://www.veearch.com/
2025-06-10 14:35:40,744 [INFO] [yellowpages_scraper.py:566] - Scraping business 4/30 on page 1
2025-06-10 14:35:40,889 [INFO] [yellowpages_scraper.py:566] - Scraping business 5/30 on page 1
2025-06-10 14:35:41,032 [INFO] [yellowpages_scraper.py:214] - Scraping business website: http://gurrimatute.com/
2025-06-10 14:35:43,683 [INFO] [yellowpages_scraper.py:566] - Scraping business 6/30 on page 1
2025-06-10 14:35:44,035 [INFO] [yellowpages_scraper.py:566] - Scraping business 7/30 on page 1
2025-06-10 14:35:44,480 [INFO] [yellowpages_scraper.py:214] - Scraping business website: http://www.arcbuildersandgroup.com/
2025-06-10 14:35:47,468 [ERROR] [yellowpages_scraper.py:255] - Error scraping website http://www.arcbuildersandgroup.com/: invalid literal for int() with base 10: 'of '
2025-06-10 14:35:47,470 [INFO] [yellowpages_scraper.py:566] - Scraping business 8/30 on page 1
2025-06-10 14:35:47,659 [INFO] [yellowpages_scraper.py:214] - Scraping business website: http://vertexarchitecture.com/
2025-06-10 14:35:51,444 [INFO] [yellowpages_scraper.py:566] - Scraping business 9/30 on page 1
2025-06-10 14:35:51,604 [INFO] [yellowpages_scraper.py:566] - Scraping business 10/30 on page 1
2025-06-10 14:35:51,757 [INFO] [yellowpages_scraper.py:566] - Scraping business 11/30 on page 1
2025-06-10 14:35:51,941 [INFO] [yellowpages_scraper.py:566] - Scraping business 12/30 on page 1
2025-06-10 14:35:52,122 [INFO] [yellowpages_scraper.py:214] - Scraping business website: http://www.archinternational.com/contactus.html
2025-06-10 14:35:53,108 [WARNING] [yellowpages_scraper.py:249] - Error accessing website http://www.archinternational.com/contactus.html: 404 Client Error: Not Found for url: http://www.archinternational.com/contactus.html
2025-06-10 14:35:53,109 [INFO] [yellowpages_scraper.py:566] - Scraping business 13/30 on page 1
2025-06-10 14:35:53,281 [INFO] [yellowpages_scraper.py:214] - Scraping business website: https://www.trellescabarrocas.com/contact
2025-06-10 14:35:54,398 [INFO] [yellowpages_scraper.py:566] - Scraping business 14/30 on page 1
2025-06-10 14:35:54,547 [INFO] [yellowpages_scraper.py:566] - Scraping business 15/30 on page 1
2025-06-10 14:35:54,705 [INFO] [yellowpages_scraper.py:566] - Scraping business 16/30 on page 1
2025-06-10 14:35:54,857 [INFO] [yellowpages_scraper.py:214] - Scraping business website: http://www.suzannemartinson.com/contact.htm
2025-06-10 14:35:55,098 [INFO] [yellowpages_scraper.py:566] - Scraping business 17/30 on page 1
2025-06-10 14:35:55,254 [INFO] [yellowpages_scraper.py:214] - Scraping business website: http://www.landeraassociates.com/
2025-06-10 14:35:55,770 [INFO] [yellowpages_scraper.py:566] - Scraping business 18/30 on page 1
2025-06-10 14:35:55,930 [INFO] [yellowpages_scraper.py:214] - Scraping business website: http://jcdarchitect.com/
2025-06-10 14:35:58,591 [INFO] [yellowpages_scraper.py:566] - Scraping business 19/30 on page 1
2025-06-10 14:35:58,770 [INFO] [yellowpages_scraper.py:566] - Scraping business 20/30 on page 1
2025-06-10 14:35:58,994 [INFO] [yellowpages_scraper.py:214] - Scraping business website: http://www.beai.com/
2025-06-10 14:36:02,783 [INFO] [yellowpages_scraper.py:566] - Scraping business 21/30 on page 1
2025-06-10 14:36:02,943 [INFO] [yellowpages_scraper.py:214] - Scraping business website: http://www.staarchitecturalgroup.com/
2025-06-10 14:36:05,578 [INFO] [yellowpages_scraper.py:566] - Scraping business 22/30 on page 1
2025-06-10 14:36:05,741 [INFO] [yellowpages_scraper.py:214] - Scraping business website: http://oppenoffice.com/
2025-06-10 14:36:08,701 [INFO] [yellowpages_scraper.py:566] - Scraping business 23/30 on page 1
2025-06-10 14:36:08,874 [INFO] [yellowpages_scraper.py:214] - Scraping business website: http://architectureisblank.com/
2025-06-10 14:36:11,132 [INFO] [yellowpages_scraper.py:566] - Scraping business 24/30 on page 1
2025-06-10 14:36:11,356 [INFO] [yellowpages_scraper.py:214] - Scraping business website: http://www.strangarchitecture.com/
2025-06-10 14:36:12,917 [WARNING] [yellowpages_scraper.py:249] - Error accessing website http://www.strangarchitecture.com/: HTTPSConnectionPool(host='www.strangarchitecture.com', port=443): Max retries exceeded with url: / (Caused by SSLError(SSLCertVerificationError(1, "[SSL: CERTIFICATE_VERIFY_FAILED] certificate verify failed: Hostname mismatch, certificate is not valid for 'www.strangarchitecture.com'. (_ssl.c:1028)")))
2025-06-10 14:36:12,919 [INFO] [yellowpages_scraper.py:566] - Scraping business 25/30 on page 1
2025-06-10 14:36:13,211 [INFO] [yellowpages_scraper.py:214] - Scraping business website: http://bgarchitectspa.com/
2025-06-10 14:36:28,623 [WARNING] [yellowpages_scraper.py:249] - Error accessing website http://bgarchitectspa.com/: HTTPConnectionPool(host='bgarchitectspa.com', port=80): Read timed out. (read timeout=15)
2025-06-10 14:36:28,625 [INFO] [yellowpages_scraper.py:566] - Scraping business 26/30 on page 1
2025-06-10 14:36:28,859 [INFO] [yellowpages_scraper.py:566] - Scraping business 27/30 on page 1
2025-06-10 14:36:29,072 [INFO] [yellowpages_scraper.py:566] - Scraping business 28/30 on page 1
2025-06-10 14:36:29,353 [INFO] [yellowpages_scraper.py:214] - Scraping business website: http://hok4u.com/
2025-06-10 14:36:29,415 [WARNING] [yellowpages_scraper.py:249] - Error accessing website http://hok4u.com/: HTTPConnectionPool(host='hok4u.com', port=80): Max retries exceeded with url: / (Caused by NameResolutionError("<urllib3.connection.HTTPConnection object at 0x0000012920FB1370>: Failed to resolve 'hok4u.com' ([Errno 11001] getaddrinfo failed)"))
2025-06-10 14:36:29,417 [INFO] [yellowpages_scraper.py:566] - Scraping business 29/30 on page 1
2025-06-10 14:36:29,638 [INFO] [yellowpages_scraper.py:566] - Scraping business 30/30 on page 1
2025-06-10 14:36:34,427 [INFO] [yellowpages_scraper.py:548] - Navigating to page 2: https://www.yellowpages.com/search?search_terms=architect&geo_location_terms=Miami&page=2
2025-06-10 14:36:41,040 [INFO] [yellowpages_scraper.py:563] - Found 30 listings on page 2
2025-06-10 14:36:41,040 [INFO] [yellowpages_scraper.py:566] - Scraping business 1/30 on page 2
2025-06-10 14:36:41,344 [INFO] [yellowpages_scraper.py:214] - Scraping business website: http://www.giorgioballi.com/
2025-06-10 14:36:42,455 [WARNING] [yellowpages_scraper.py:249] - Error accessing website http://www.giorgioballi.com/: 500 Server Error: Internal Server Error for url: http://www.ballidesign.com
2025-06-10 14:36:42,457 [INFO] [yellowpages_scraper.py:566] - Scraping business 2/30 on page 2
2025-06-10 14:36:42,719 [INFO] [yellowpages_scraper.py:566] - Scraping business 3/30 on page 2
2025-06-10 14:36:42,917 [INFO] [yellowpages_scraper.py:566] - Scraping business 4/30 on page 2
2025-06-10 14:36:43,123 [INFO] [yellowpages_scraper.py:566] - Scraping business 5/30 on page 2
2025-06-10 14:36:43,330 [INFO] [yellowpages_scraper.py:566] - Scraping business 6/30 on page 2
2025-06-10 14:36:43,493 [INFO] [yellowpages_scraper.py:214] - Scraping business website: http://claroarchitecture.com/
2025-06-10 14:36:53,089 [INFO] [yellowpages_scraper.py:566] - Scraping business 7/30 on page 2
2025-06-10 14:36:53,334 [INFO] [yellowpages_scraper.py:214] - Scraping business website: http://www.metrostudio.com/
2025-06-10 14:36:54,736 [WARNING] [yellowpages_scraper.py:249] - Error accessing website http://www.metrostudio.com/: HTTPSConnectionPool(host='www.metrostudio.com', port=443): Max retries exceeded with url: / (Caused by SSLError(SSLCertVerificationError(1, "[SSL: CERTIFICATE_VERIFY_FAILED] certificate verify failed: Hostname mismatch, certificate is not valid for 'www.metrostudio.com'. (_ssl.c:1028)")))
2025-06-10 14:36:54,737 [INFO] [yellowpages_scraper.py:566] - Scraping business 8/30 on page 2
2025-06-10 14:36:54,925 [INFO] [yellowpages_scraper.py:214] - Scraping business website: http://miamipermits.com/
2025-06-10 14:36:56,040 [INFO] [yellowpages_scraper.py:566] - Scraping business 9/30 on page 2
2025-06-10 14:36:56,202 [INFO] [yellowpages_scraper.py:214] - Scraping business website: http://www.fernandezarchitecture.com/
2025-06-10 14:36:57,845 [INFO] [yellowpages_scraper.py:566] - Scraping business 10/30 on page 2
2025-06-10 14:36:58,009 [INFO] [yellowpages_scraper.py:214] - Scraping business website: http://fiestashowroom.com/
2025-06-10 14:36:59,445 [WARNING] [yellowpages_scraper.py:249] - Error accessing website http://fiestashowroom.com/: 403 Client Error: Forbidden for url: https://www.domaination.com/lander/fiestashowroom.com?domain=fiestashowroom.com&utm_source=fiestashowroom.com&utm_medium=click&utm_campaign=INlander&traffic_id=INlander&traffic_type=TDFS&redirect=ono-redirect
2025-06-10 14:36:59,446 [INFO] [yellowpages_scraper.py:566] - Scraping business 11/30 on page 2
2025-06-10 14:36:59,631 [INFO] [yellowpages_scraper.py:214] - Scraping business website: http://www.bapdesign.com/
2025-06-10 14:37:01,503 [INFO] [yellowpages_scraper.py:566] - Scraping business 12/30 on page 2
2025-06-10 14:37:01,650 [INFO] [yellowpages_scraper.py:214] - Scraping business website: https://www.pachecoarchitecture.com/
2025-06-10 14:37:04,174 [ERROR] [yellowpages_scraper.py:255] - Error scraping website https://www.pachecoarchitecture.com/: invalid literal for int() with base 10: 'of '
2025-06-10 14:37:04,178 [INFO] [yellowpages_scraper.py:566] - Scraping business 13/30 on page 2
2025-06-10 14:37:04,439 [INFO] [yellowpages_scraper.py:214] - Scraping business website: http://vertexarchitecture.com/
2025-06-10 14:37:08,716 [INFO] [yellowpages_scraper.py:566] - Scraping business 14/30 on page 2
2025-06-10 14:37:08,864 [INFO] [yellowpages_scraper.py:214] - Scraping business website: http://www.demandtarchitecture.com/
2025-06-10 14:37:11,248 [WARNING] [yellowpages_scraper.py:249] - Error accessing website http://www.demandtarchitecture.com/: 404 Client Error: Not Found for url: https://www.demandtarchitecture.com/
2025-06-10 14:37:11,251 [INFO] [yellowpages_scraper.py:566] - Scraping business 15/30 on page 2
2025-06-10 14:37:11,422 [INFO] [yellowpages_scraper.py:566] - Scraping business 16/30 on page 2
2025-06-10 14:37:11,575 [INFO] [yellowpages_scraper.py:214] - Scraping business website: http://www.kisinteriordesign.com/
2025-06-10 14:37:12,494 [INFO] [yellowpages_scraper.py:566] - Scraping business 17/30 on page 2
2025-06-10 14:37:12,667 [INFO] [yellowpages_scraper.py:214] - Scraping business website: http://www.o1architecture.com/
2025-06-10 14:37:14,564 [INFO] [yellowpages_scraper.py:566] - Scraping business 18/30 on page 2
2025-06-10 14:37:14,710 [INFO] [yellowpages_scraper.py:214] - Scraping business website: http://www.arquitectonica.com/
2025-06-10 14:37:19,767 [INFO] [yellowpages_scraper.py:566] - Scraping business 19/30 on page 2
2025-06-10 14:37:19,921 [INFO] [yellowpages_scraper.py:566] - Scraping business 20/30 on page 2
2025-06-10 14:37:20,072 [INFO] [yellowpages_scraper.py:566] - Scraping business 21/30 on page 2
2025-06-10 14:37:20,219 [INFO] [yellowpages_scraper.py:566] - Scraping business 22/30 on page 2
2025-06-10 14:37:20,388 [INFO] [yellowpages_scraper.py:214] - Scraping business website: http://www.ma-miami.com/
2025-06-10 14:37:21,843 [INFO] [yellowpages_scraper.py:566] - Scraping business 23/30 on page 2
2025-06-10 14:37:22,001 [INFO] [yellowpages_scraper.py:214] - Scraping business website: http://bbamiami.com/
2025-06-10 14:37:24,243 [INFO] [yellowpages_scraper.py:566] - Scraping business 24/30 on page 2
2025-06-10 14:37:24,379 [INFO] [yellowpages_scraper.py:566] - Scraping business 25/30 on page 2
2025-06-10 14:37:24,528 [INFO] [yellowpages_scraper.py:214] - Scraping business website: http://bbamiami.com/
2025-06-10 14:37:26,778 [INFO] [yellowpages_scraper.py:566] - Scraping business 26/30 on page 2
2025-06-10 14:37:26,923 [INFO] [yellowpages_scraper.py:214] - Scraping business website: https://cazogroup.com/
2025-06-10 14:37:27,148 [INFO] [yellowpages_scraper.py:566] - Scraping business 27/30 on page 2
2025-06-10 14:37:27,321 [INFO] [yellowpages_scraper.py:214] - Scraping business website: http://www.brileyarchitects.com/
2025-06-10 14:37:27,808 [INFO] [yellowpages_scraper.py:566] - Scraping business 28/30 on page 2
2025-06-10 14:37:27,946 [INFO] [yellowpages_scraper.py:214] - Scraping business website: http://www.wix.com/ynot53/tonyfernandezarchitect
2025-06-10 14:37:28,165 [WARNING] [yellowpages_scraper.py:249] - Error accessing website http://www.wix.com/ynot53/tonyfernandezarchitect: 404 Client Error: Not Found for url: http://www.wix.com/ynot53/tonyfernandezarchitect
2025-06-10 14:37:28,167 [INFO] [yellowpages_scraper.py:566] - Scraping business 29/30 on page 2
2025-06-10 14:37:28,376 [INFO] [yellowpages_scraper.py:214] - Scraping business website: https://www.g3arch.com/Our-Story
2025-06-10 14:37:28,996 [WARNING] [yellowpages_scraper.py:249] - Error accessing website https://www.g3arch.com/Our-Story: 404 Client Error: Not Found for url: https://www.g3arch.com/Our-Story
2025-06-10 14:37:28,997 [INFO] [yellowpages_scraper.py:566] - Scraping business 30/30 on page 2
2025-06-10 14:37:29,170 [INFO] [yellowpages_scraper.py:214] - Scraping business website: http://tewesdesign.com/
2025-06-10 14:37:35,861 [INFO] [yellowpages_scraper.py:548] - Navigating to page 3: https://www.yellowpages.com/search?search_terms=architect&geo_location_terms=Miami&page=3
2025-06-10 14:37:41,519 [INFO] [yellowpages_scraper.py:563] - Found 30 listings on page 3
2025-06-10 14:37:41,520 [INFO] [yellowpages_scraper.py:566] - Scraping business 1/30 on page 3
2025-06-10 14:37:41,689 [INFO] [yellowpages_scraper.py:214] - Scraping business website: http://calilarchitects.com/
2025-06-10 14:37:43,760 [INFO] [yellowpages_scraper.py:566] - Scraping business 2/30 on page 3
2025-06-10 14:37:43,924 [INFO] [yellowpages_scraper.py:214] - Scraping business website: https://www.schindlerarchitects.com/
2025-06-10 14:37:46,475 [ERROR] [yellowpages_scraper.py:255] - Error scraping website https://www.schindlerarchitects.com/: invalid literal for int() with base 10: 'of '
2025-06-10 14:37:46,476 [INFO] [yellowpages_scraper.py:566] - Scraping business 3/30 on page 3
2025-06-10 14:37:46,646 [INFO] [yellowpages_scraper.py:214] - Scraping business website: http://agdmiami.com/
2025-06-10 14:37:49,803 [INFO] [yellowpages_scraper.py:566] - Scraping business 4/30 on page 3
2025-06-10 14:37:49,966 [INFO] [yellowpages_scraper.py:214] - Scraping business website: http://www.oa-arch.com/contact-1
2025-06-10 14:37:51,522 [INFO] [yellowpages_scraper.py:566] - Scraping business 5/30 on page 3
2025-06-10 14:37:51,685 [INFO] [yellowpages_scraper.py:566] - Scraping business 6/30 on page 3
2025-06-10 14:37:51,832 [INFO] [yellowpages_scraper.py:566] - Scraping business 7/30 on page 3
2025-06-10 14:37:52,010 [INFO] [yellowpages_scraper.py:214] - Scraping business website: https://revuelta.com/
2025-06-10 14:37:53,966 [INFO] [yellowpages_scraper.py:566] - Scraping business 8/30 on page 3
2025-06-10 14:37:54,178 [INFO] [yellowpages_scraper.py:214] - Scraping business website: https://www.dblewisarchitect.com/contact
2025-06-10 14:37:55,115 [INFO] [yellowpages_scraper.py:566] - Scraping business 9/30 on page 3
2025-06-10 14:37:55,255 [INFO] [yellowpages_scraper.py:566] - Scraping business 10/30 on page 3
2025-06-10 14:37:55,397 [INFO] [yellowpages_scraper.py:566] - Scraping business 11/30 on page 3
2025-06-10 14:37:55,542 [INFO] [yellowpages_scraper.py:566] - Scraping business 12/30 on page 3
2025-06-10 14:37:55,680 [INFO] [yellowpages_scraper.py:566] - Scraping business 13/30 on page 3
2025-06-10 14:37:55,825 [INFO] [yellowpages_scraper.py:214] - Scraping business website: http://www.arquitectonica.com/
2025-06-10 14:37:59,466 [INFO] [yellowpages_scraper.py:566] - Scraping business 14/30 on page 3
2025-06-10 14:37:59,606 [INFO] [yellowpages_scraper.py:566] - Scraping business 15/30 on page 3
2025-06-10 14:37:59,758 [INFO] [yellowpages_scraper.py:214] - Scraping business website: http://n25.cc/
2025-06-10 14:38:01,154 [ERROR] [yellowpages_scraper.py:255] - Error scraping website http://n25.cc/: invalid literal for int() with base 10: 'of '
2025-06-10 14:38:01,154 [INFO] [yellowpages_scraper.py:566] - Scraping business 16/30 on page 3
2025-06-10 14:38:01,295 [INFO] [yellowpages_scraper.py:566] - Scraping business 17/30 on page 3
2025-06-10 14:38:01,441 [INFO] [yellowpages_scraper.py:566] - Scraping business 18/30 on page 3
2025-06-10 14:38:01,591 [INFO] [yellowpages_scraper.py:566] - Scraping business 19/30 on page 3
2025-06-10 14:38:01,733 [INFO] [yellowpages_scraper.py:214] - Scraping business website: https://www.salazararchitecturalgroup.com/
2025-06-10 14:38:03,270 [INFO] [yellowpages_scraper.py:566] - Scraping business 20/30 on page 3
2025-06-10 14:38:03,418 [INFO] [yellowpages_scraper.py:214] - Scraping business website: http://www.hntb.com/
2025-06-10 14:38:04,896 [INFO] [yellowpages_scraper.py:566] - Scraping business 21/30 on page 3
2025-06-10 14:38:05,047 [INFO] [yellowpages_scraper.py:566] - Scraping business 22/30 on page 3
2025-06-10 14:38:05,188 [INFO] [yellowpages_scraper.py:566] - Scraping business 23/30 on page 3
2025-06-10 14:38:05,331 [INFO] [yellowpages_scraper.py:214] - Scraping business website: https://www.urvanx.com/
2025-06-10 14:38:06,761 [INFO] [yellowpages_scraper.py:566] - Scraping business 24/30 on page 3
2025-06-10 14:38:06,922 [INFO] [yellowpages_scraper.py:566] - Scraping business 25/30 on page 3
2025-06-10 14:38:07,163 [INFO] [yellowpages_scraper.py:214] - Scraping business website: http://www.modisarchitects.com/contact
2025-06-10 14:38:12,620 [INFO] [yellowpages_scraper.py:566] - Scraping business 26/30 on page 3
2025-06-10 14:38:12,756 [INFO] [yellowpages_scraper.py:566] - Scraping business 27/30 on page 3
2025-06-10 14:38:12,903 [INFO] [yellowpages_scraper.py:214] - Scraping business website: https://www.gershengroup.com/
2025-06-10 14:38:15,483 [INFO] [yellowpages_scraper.py:566] - Scraping business 28/30 on page 3
2025-06-10 14:38:15,621 [INFO] [yellowpages_scraper.py:566] - Scraping business 29/30 on page 3
2025-06-10 14:38:15,771 [INFO] [yellowpages_scraper.py:566] - Scraping business 30/30 on page 3
2025-06-10 14:38:19,130 [INFO] [yellowpages_scraper.py:548] - Navigating to page 4: https://www.yellowpages.com/search?search_terms=architect&geo_location_terms=Miami&page=4
2025-06-10 14:38:27,211 [INFO] [yellowpages_scraper.py:563] - Found 30 listings on page 4
2025-06-10 14:38:27,212 [INFO] [yellowpages_scraper.py:566] - Scraping business 1/30 on page 4
2025-06-10 14:38:27,366 [INFO] [yellowpages_scraper.py:214] - Scraping business website: http://garciaghezziarchitects.com/
2025-06-10 14:38:29,628 [INFO] [yellowpages_scraper.py:566] - Scraping business 2/30 on page 4
2025-06-10 14:38:29,777 [INFO] [yellowpages_scraper.py:214] - Scraping business website: http://bellonmilanes.com/
2025-06-10 14:38:29,822 [WARNING] [yellowpages_scraper.py:249] - Error accessing website http://bellonmilanes.com/: HTTPConnectionPool(host='bellonmilanes.com', port=80): Max retries exceeded with url: / (Caused by NameResolutionError("<urllib3.connection.HTTPConnection object at 0x000001291F2E7CE0>: Failed to resolve 'bellonmilanes.com' ([Errno 11001] getaddrinfo failed)"))
2025-06-10 14:38:29,825 [INFO] [yellowpages_scraper.py:566] - Scraping business 3/30 on page 4
2025-06-10 14:38:29,992 [INFO] [yellowpages_scraper.py:566] - Scraping business 4/30 on page 4
2025-06-10 14:38:30,135 [INFO] [yellowpages_scraper.py:214] - Scraping business website: https://www.rvlarch.com/about
2025-06-10 14:38:33,318 [ERROR] [yellowpages_scraper.py:255] - Error scraping website https://www.rvlarch.com/about: invalid literal for int() with base 10: 'of '
2025-06-10 14:38:33,319 [INFO] [yellowpages_scraper.py:566] - Scraping business 5/30 on page 4
2025-06-10 14:38:33,465 [INFO] [yellowpages_scraper.py:214] - Scraping business website: https://offler.com/
2025-06-10 14:38:39,624 [INFO] [yellowpages_scraper.py:566] - Scraping business 6/30 on page 4
2025-06-10 14:38:39,779 [INFO] [yellowpages_scraper.py:566] - Scraping business 7/30 on page 4
2025-06-10 14:38:39,935 [INFO] [yellowpages_scraper.py:566] - Scraping business 8/30 on page 4
2025-06-10 14:38:40,170 [INFO] [yellowpages_scraper.py:214] - Scraping business website: http://alvarezmartialarts.com/
2025-06-10 14:38:40,208 [WARNING] [yellowpages_scraper.py:249] - Error accessing website http://alvarezmartialarts.com/: HTTPConnectionPool(host='alvarezmartialarts.com', port=80): Max retries exceeded with url: / (Caused by NameResolutionError("<urllib3.connection.HTTPConnection object at 0x0000012920FB0C00>: Failed to resolve 'alvarezmartialarts.com' ([Errno 11001] getaddrinfo failed)"))
2025-06-10 14:38:40,209 [INFO] [yellowpages_scraper.py:566] - Scraping business 9/30 on page 4
2025-06-10 14:38:40,357 [INFO] [yellowpages_scraper.py:566] - Scraping business 10/30 on page 4
2025-06-10 14:38:40,503 [INFO] [yellowpages_scraper.py:214] - Scraping business website: https://www.evolutionsgraphics.com/contact-us.html
2025-06-10 14:38:41,952 [INFO] [yellowpages_scraper.py:566] - Scraping business 11/30 on page 4
2025-06-10 14:38:42,119 [INFO] [yellowpages_scraper.py:214] - Scraping business website: https://rr-studios.com/contact-us
2025-06-10 14:38:44,377 [INFO] [yellowpages_scraper.py:566] - Scraping business 12/30 on page 4
2025-06-10 14:38:44,528 [INFO] [yellowpages_scraper.py:566] - Scraping business 13/30 on page 4
2025-06-10 14:38:44,667 [INFO] [yellowpages_scraper.py:566] - Scraping business 14/30 on page 4
2025-06-10 14:38:44,805 [INFO] [yellowpages_scraper.py:566] - Scraping business 15/30 on page 4
2025-06-10 14:38:44,943 [INFO] [yellowpages_scraper.py:214] - Scraping business website: https://www.beai.com/contact-2
2025-06-10 14:38:47,729 [INFO] [yellowpages_scraper.py:566] - Scraping business 16/30 on page 4
2025-06-10 14:38:47,880 [INFO] [yellowpages_scraper.py:566] - Scraping business 17/30 on page 4
2025-06-10 14:38:48,086 [INFO] [yellowpages_scraper.py:566] - Scraping business 18/30 on page 4
2025-06-10 14:38:48,240 [INFO] [yellowpages_scraper.py:214] - Scraping business website: http://renegonzalezarchitect.com/index.php?article_id=188&m=0px
2025-06-10 14:38:52,692 [INFO] [yellowpages_scraper.py:566] - Scraping business 19/30 on page 4
2025-06-10 14:38:52,837 [INFO] [yellowpages_scraper.py:566] - Scraping business 20/30 on page 4
2025-06-10 14:38:52,977 [INFO] [yellowpages_scraper.py:214] - Scraping business website: https://www.3designonline.com/
2025-06-10 14:38:54,343 [INFO] [yellowpages_scraper.py:566] - Scraping business 21/30 on page 4
2025-06-10 14:38:54,499 [INFO] [yellowpages_scraper.py:566] - Scraping business 22/30 on page 4
2025-06-10 14:38:54,651 [INFO] [yellowpages_scraper.py:214] - Scraping business website: https://www.gensler.com/offices/miami
2025-06-10 14:38:54,884 [INFO] [yellowpages_scraper.py:566] - Scraping business 23/30 on page 4
2025-06-10 14:38:55,024 [INFO] [yellowpages_scraper.py:214] - Scraping business website: https://wissenarchitectural.com/wissen3_004.htm
2025-06-10 14:38:56,070 [INFO] [yellowpages_scraper.py:566] - Scraping business 24/30 on page 4
2025-06-10 14:38:56,212 [INFO] [yellowpages_scraper.py:566] - Scraping business 25/30 on page 4
2025-06-10 14:38:56,359 [INFO] [yellowpages_scraper.py:214] - Scraping business website: http://kobikarp.com/
2025-06-10 14:38:57,111 [INFO] [yellowpages_scraper.py:566] - Scraping business 26/30 on page 4
2025-06-10 14:38:57,258 [INFO] [yellowpages_scraper.py:214] - Scraping business website: https://www.bmaarchitects.com/contact
2025-06-10 14:38:59,970 [INFO] [yellowpages_scraper.py:566] - Scraping business 27/30 on page 4
2025-06-10 14:39:00,113 [INFO] [yellowpages_scraper.py:214] - Scraping business website: https://www.dpz.com/contact
2025-06-10 14:39:07,939 [INFO] [yellowpages_scraper.py:566] - Scraping business 28/30 on page 4
2025-06-10 14:39:08,090 [INFO] [yellowpages_scraper.py:566] - Scraping business 29/30 on page 4
2025-06-10 14:39:08,242 [INFO] [yellowpages_scraper.py:566] - Scraping business 30/30 on page 4
2025-06-10 14:39:08,387 [INFO] [yellowpages_scraper.py:214] - Scraping business website: http://touzetstudio.com/
2025-06-10 14:39:16,137 [INFO] [yellowpages_scraper.py:583] - Scraping completed with 120 total results across 5 pages.
2025-06-10 14:39:16,139 [INFO] [yellowpages_scraper.py:591] - Scraping session ended.
2025-06-10 14:39:17,441 [INFO] [app.py:1598] - Results saved to Excel file: downloads\yellowpages_results_20250610_143917.xlsx
2025-06-10 14:39:19,191 [INFO] [app.py:1240] - Sending Excel file: downloads\yellowpages_results_20250610_143917.xlsx
