2025-05-30 16:23:04,276 [INFO] [app.py:61] - === Starting new scraping session ===
2025-05-30 16:23:04,276 [INFO] [app.py:62] - Python version: 3.13.3 (tags/v3.13.3:6280bb5, Apr  8 2025, 14:47:33) [MSC v.1943 64 bit (AMD64)]
2025-05-30 16:23:04,276 [INFO] [app.py:63] - Operating System: win32
2025-05-30 16:23:04,277 [INFO] [app.py:64] - Working Directory: C:\Users\bhavy\Desktop\Buisness_scraper\web__scrapper
2025-05-30 16:23:05,558 [INFO] [app.py:1451] - Received Yellow Pages scraping request - Query: hotels, Location: new york
2025-05-30 16:23:05,559 [INFO] [app.py:1459] - Initializing Yellow Pages scraper...
2025-05-30 16:23:05,560 [INFO] [yellowpages_scraper.py:54] - Setting up Chrome WebDriver...
2025-05-30 16:23:07,003 [INFO] [yellowpages_scraper.py:75] - Chrome WebDriver is ready.
2025-05-30 16:23:07,004 [INFO] [app.py:1462] - Starting Yellow Pages scraping...
2025-05-30 16:23:07,005 [INFO] [yellowpages_scraper.py:168] - Navigating to page 1: https://www.yellowpages.com/search?search_terms=hotels&geo_location_terms=new york&page=1
2025-05-30 16:23:50,088 [INFO] [yellowpages_scraper.py:184] - Found 30 business listings on page 1
2025-05-30 16:23:50,088 [INFO] [yellowpages_scraper.py:188] - Scraping business 1/30 on page 1
2025-05-30 16:23:50,318 [INFO] [yellowpages_scraper.py:188] - Scraping business 2/30 on page 1
2025-05-30 16:23:50,537 [INFO] [yellowpages_scraper.py:188] - Scraping business 3/30 on page 1
2025-05-30 16:23:50,786 [INFO] [yellowpages_scraper.py:188] - Scraping business 4/30 on page 1
2025-05-30 16:23:50,938 [INFO] [yellowpages_scraper.py:188] - Scraping business 5/30 on page 1
2025-05-30 16:23:51,100 [INFO] [yellowpages_scraper.py:188] - Scraping business 6/30 on page 1
2025-05-30 16:23:51,240 [INFO] [yellowpages_scraper.py:188] - Scraping business 7/30 on page 1
2025-05-30 16:23:51,393 [INFO] [yellowpages_scraper.py:188] - Scraping business 8/30 on page 1
2025-05-30 16:23:51,528 [INFO] [yellowpages_scraper.py:188] - Scraping business 9/30 on page 1
2025-05-30 16:23:51,671 [INFO] [yellowpages_scraper.py:188] - Scraping business 10/30 on page 1
2025-05-30 16:23:51,807 [INFO] [yellowpages_scraper.py:188] - Scraping business 11/30 on page 1
2025-05-30 16:23:51,955 [INFO] [yellowpages_scraper.py:188] - Scraping business 12/30 on page 1
2025-05-30 16:23:52,087 [INFO] [yellowpages_scraper.py:188] - Scraping business 13/30 on page 1
2025-05-30 16:23:52,233 [INFO] [yellowpages_scraper.py:188] - Scraping business 14/30 on page 1
2025-05-30 16:23:52,360 [INFO] [yellowpages_scraper.py:188] - Scraping business 15/30 on page 1
2025-05-30 16:23:52,501 [INFO] [yellowpages_scraper.py:188] - Scraping business 16/30 on page 1
2025-05-30 16:23:52,646 [INFO] [yellowpages_scraper.py:188] - Scraping business 17/30 on page 1
2025-05-30 16:23:52,782 [INFO] [yellowpages_scraper.py:188] - Scraping business 18/30 on page 1
2025-05-30 16:23:52,925 [INFO] [yellowpages_scraper.py:188] - Scraping business 19/30 on page 1
2025-05-30 16:23:53,099 [INFO] [yellowpages_scraper.py:188] - Scraping business 20/30 on page 1
2025-05-30 16:23:53,330 [INFO] [yellowpages_scraper.py:188] - Scraping business 21/30 on page 1
2025-05-30 16:23:53,510 [INFO] [yellowpages_scraper.py:188] - Scraping business 22/30 on page 1
2025-05-30 16:23:53,709 [INFO] [yellowpages_scraper.py:188] - Scraping business 23/30 on page 1
2025-05-30 16:23:53,874 [INFO] [yellowpages_scraper.py:188] - Scraping business 24/30 on page 1
2025-05-30 16:23:54,024 [INFO] [yellowpages_scraper.py:188] - Scraping business 25/30 on page 1
2025-05-30 16:23:54,179 [INFO] [yellowpages_scraper.py:188] - Scraping business 26/30 on page 1
2025-05-30 16:23:54,321 [INFO] [yellowpages_scraper.py:188] - Scraping business 27/30 on page 1
2025-05-30 16:23:54,471 [INFO] [yellowpages_scraper.py:188] - Scraping business 28/30 on page 1
2025-05-30 16:23:54,607 [INFO] [yellowpages_scraper.py:188] - Scraping business 29/30 on page 1
2025-05-30 16:23:54,752 [INFO] [yellowpages_scraper.py:188] - Scraping business 30/30 on page 1
2025-05-30 16:23:54,903 [INFO] [yellowpages_scraper.py:198] - Total results so far: 30
2025-05-30 16:23:56,955 [INFO] [yellowpages_scraper.py:168] - Navigating to page 2: https://www.yellowpages.com/search?search_terms=hotels&geo_location_terms=new york&page=2
2025-05-30 16:24:07,552 [WARNING] [yellowpages_scraper.py:176] - No more results found on page 2
2025-05-30 16:24:07,554 [INFO] [yellowpages_scraper.py:213] - Scraping completed with 30 total results across 2 pages.
2025-05-30 16:24:07,555 [INFO] [yellowpages_scraper.py:227] - Scraping session ended.
2025-05-30 16:24:08,557 [INFO] [app.py:1465] - Cleaning up scraper resources...
2025-05-30 16:24:10,835 [INFO] [yellowpages_scraper.py:233] - WebDriver closed.
2025-05-30 16:24:10,836 [INFO] [app.py:1476] - Successfully found 30 results
2025-05-30 16:24:10,961 [INFO] [app.py:1489] - Results saved to Excel file: downloads\yellowpages_results_20250530_162410.xlsx
2025-05-30 16:24:16,057 [INFO] [app.py:1531] - Sending Excel file: downloads\yellowpages_results_20250530_162410.xlsx
