2025-05-28 18:05:21,973 [INFO] [app.py:56] - === Starting new scraping session ===
2025-05-28 18:05:21,973 [INFO] [app.py:57] - Python version: 3.13.3 (tags/v3.13.3:6280bb5, Apr  8 2025, 14:47:33) [MSC v.1943 64 bit (AMD64)]
2025-05-28 18:05:21,974 [INFO] [app.py:58] - Operating System: win32
2025-05-28 18:05:21,974 [INFO] [app.py:59] - Working Directory: C:\Users\bhavy\Music\web__scrapper
2025-05-28 18:05:38,639 [INFO] [app.py:1370] - 
=== Starting new scraping request ===
2025-05-28 18:05:38,639 [INFO] [app.py:1371] - Raw search query: Restaurants in UK
2025-05-28 18:05:38,639 [INFO] [app.py:1372] - Selected platform: yell
2025-05-28 18:05:38,639 [INFO] [app.py:1380] - Parsed category: Restaurants
2025-05-28 18:05:38,641 [INFO] [app.py:1381] - Parsed location: Uk
2025-05-28 18:05:38,642 [INFO] [app.py:1397] - 
Starting scraping process...
2025-05-28 18:05:38,643 [INFO] [app.py:1405] - Scraping Yell for Restaurants in Uk
2025-05-28 18:05:38,643 [INFO] [app.py:1766] - Making request to: https://www.yell.com
2025-05-28 18:05:38,643 [DEBUG] [app.py:1767] - Headers: {'Accept': 'text/html,application/xhtml+xml,application/xml;q=0.9,image/avif,image/webp,image/apng,*/*;q=0.8,application/signed-exchange;v=b3;q=0.7', 'Accept-Language': 'en-GB,en-US;q=0.9,en;q=0.8', 'Accept-Encoding': 'gzip, deflate, br', 'Connection': 'keep-alive', 'Cache-Control': 'no-cache', 'Pragma': 'no-cache', 'Sec-Ch-Ua': '"Not_A Brand";v="8", "Chromium";v="120", "Google Chrome";v="120"', 'Sec-Ch-Ua-Mobile': '?0', 'Sec-Ch-Ua-Platform': '"Windows"', 'Sec-Fetch-Dest': 'document', 'Sec-Fetch-Mode': 'navigate', 'Sec-Fetch-Site': 'none', 'Sec-Fetch-User': '?1', 'Upgrade-Insecure-Requests': '1', 'DNT': '1'}
2025-05-28 18:05:38,644 [INFO] [app.py:1706] - Checking connection details...
2025-05-28 18:05:38,644 [DEBUG] [app.py:1719] - Trying IP service: https://ipapi.co/json/
2025-05-28 18:05:44,217 [INFO] [app.py:1732] - Connection Details:
2025-05-28 18:05:44,217 [INFO] [app.py:1733] - IP Address: 169.150.196.133
2025-05-28 18:05:44,218 [INFO] [app.py:1734] - Country: NL (The Netherlands)
2025-05-28 18:05:44,218 [INFO] [app.py:1735] - City: Amsterdam
2025-05-28 18:05:44,219 [INFO] [app.py:1736] - Region: North Holland
2025-05-28 18:05:44,219 [INFO] [app.py:1737] - ISP: Datacamp Limited
2025-05-28 18:05:44,220 [WARNING] [app.py:1746] - No VPN detected - using direct connection
2025-05-28 18:05:44,221 [DEBUG] [app.py:1774] - Updated headers with country: NL
2025-05-28 18:05:44,221 [INFO] [app.py:1778] - Request attempt 1/3
2025-05-28 18:05:44,221 [DEBUG] [app.py:1783] - Waiting 2.28 seconds before request
2025-05-28 18:05:46,576 [DEBUG] [app.py:1789] - Using User-Agent: Mozilla/5.0 (Macintosh; Intel Mac OS X 10_15_7) AppleWebKit/537.36 (KHTML, like Gecko) Chrome/132.0.0.0 Safari/537.36
2025-05-28 18:05:51,051 [INFO] [app.py:1798] - Response status: 403
2025-05-28 18:05:51,052 [DEBUG] [app.py:1799] - Response headers: <CIMultiDictProxy('Date': 'Wed, 28 May 2025 12:35:50 GMT', 'Content-Type': 'text/html; charset=UTF-8', 'Transfer-Encoding': 'chunked', 'Connection': 'close', 'accept-ch': 'Sec-CH-UA-Bitness, Sec-CH-UA-Arch, Sec-CH-UA-Full-Version, Sec-CH-UA-Mobile, Sec-CH-UA-Model, Sec-CH-UA-Platform-Version, Sec-CH-UA-Full-Version-List, Sec-CH-UA-Platform, Sec-CH-UA, UA-Bitness, UA-Arch, UA-Full-Version, UA-Mobile, UA-Model, UA-Platform-Version, UA-Platform, UA', 'cf-mitigated': 'challenge', 'critical-ch': 'Sec-CH-UA-Bitness, Sec-CH-UA-Arch, Sec-CH-UA-Full-Version, Sec-CH-UA-Mobile, Sec-CH-UA-Model, Sec-CH-UA-Platform-Version, Sec-CH-UA-Full-Version-List, Sec-CH-UA-Platform, Sec-CH-UA, UA-Bitness, UA-Arch, UA-Full-Version, UA-Mobile, UA-Model, UA-Platform-Version, UA-Platform, UA', 'cross-origin-embedder-policy': 'require-corp', 'cross-origin-opener-policy': 'same-origin', 'cross-origin-resource-policy': 'same-origin', 'origin-agent-cluster': '?1', 'permissions-policy': 'accelerometer=(),autoplay=(),browsing-topics=(),camera=(),clipboard-read=(),clipboard-write=(),geolocation=(),gyroscope=(),hid=(),interest-cohort=(),magnetometer=(),microphone=(),payment=(),publickey-credentials-get=(),screen-wake-lock=(),serial=(),sync-xhr=(),usb=()', 'referrer-policy': 'same-origin', 'server-timing': 'chlray;desc="946dcb535e55666d"', 'x-content-type-options': 'nosniff', 'x-frame-options': 'SAMEORIGIN', 'Cache-Control': 'private, max-age=0, no-store, no-cache, must-revalidate, post-check=0, pre-check=0', 'Expires': 'Thu, 01 Jan 1970 00:00:01 GMT', 'Set-Cookie': '__cf_bm=ZuZSqdtEKNLbGavOub57Rb_dAQpONvGpQ049I.gKtAM-1748435750-1.0.1.1-Mb0RiDO4B9gS6.SanIFThccgDbhg0uN41nx7L7jsNNrGGr0BiSAGvztM.1.xWP.roreQWN9aVYeLLLr89WZfo8bWNU6Fj.E6GPWh5U9Qqhs; path=/; expires=Wed, 28-May-25 13:05:50 GMT; domain=.yell.com; HttpOnly; Secure; SameSite=None', 'Vary': 'Accept-Encoding', 'Server': 'cloudflare', 'CF-RAY': '946dcb535e55666d-AMS', 'Content-Encoding': 'br')>
2025-05-28 18:05:51,053 [ERROR] [app.py:1808] - Access forbidden. Current connection might be blocked.
2025-05-28 18:05:51,053 [ERROR] [app.py:1810] - Try using a different VPN server or location (Current: The Netherlands)
2025-05-28 18:05:51,057 [INFO] [app.py:1426] - 
Scraping completed. Found 0 results
